#
# There is insufficient memory for the Java Runtime Environment to continue.
# Native memory allocation (malloc) failed to allocate 857136 bytes for Chunk::new
# Possible reasons:
#   The system is out of physical RAM or swap space
#   In 32 bit mode, the process size limit was hit
# Possible solutions:
#   Reduce memory load on the system
#   Increase physical memory or swap space
#   Check if swap backing store is full
#   Use 64 bit Java on a 64 bit OS
#   Decrease Java heap size (-Xmx/-Xms)
#   Decrease number of Java threads
#   Decrease Java thread stack sizes (-Xss)
#   Set larger code cache with -XX:ReservedCodeCacheSize=
# This output file may be truncated or incomplete.
#
#  Out of Memory Error (allocation.cpp:390), pid=14708, tid=12352
#
# JRE version: Java(TM) SE Runtime Environment (8.0_91-b14) (build 1.8.0_91-b14)
# Java VM: Java HotSpot(TM) 64-Bit Server VM (25.91-b14 mixed mode windows-amd64 compressed oops)
# Failed to write core dump. Minidumps are not enabled by default on client versions of Windows
#

---------------  T H R E A D  ---------------

Current thread (0x000000001789b000):  JavaThread "C2 CompilerThread0" daemon [_thread_in_native, id=12352, stack(0x0000000018050000,0x0000000018150000)]

Stack: [0x0000000018050000,0x0000000018150000]
[error occurred during error reporting (printing stack bounds), id 0xc0000005]

Native frames: (J=compiled Java code, j=interpreted, Vv=VM code, C=native code)


Current CompileTask:
C2:   1333 1077       4       com.android.dx.dex.code.OutputFinisher::addConstants (93 bytes)


---------------  P R O C E S S  ---------------

Java Threads: ( => current thread )
  0x00000000178bd800 JavaThread "Service Thread" daemon [_thread_blocked, id=10248, stack(0x0000000018450000,0x0000000018550000)]
  0x00000000178a7000 JavaThread "C1 CompilerThread3" daemon [_thread_in_vm, id=10124, stack(0x0000000018350000,0x0000000018450000)]
  0x00000000178a0000 JavaThread "C2 CompilerThread2" daemon [_thread_blocked, id=5272, stack(0x0000000018250000,0x0000000018350000)]
  0x000000001789e000 JavaThread "C2 CompilerThread1" daemon [_thread_in_native, id=4976, stack(0x0000000018150000,0x0000000018250000)]
=>0x000000001789b000 JavaThread "C2 CompilerThread0" daemon [_thread_in_native, id=12352, stack(0x0000000018050000,0x0000000018150000)]
  0x0000000017898800 JavaThread "Attach Listener" daemon [_thread_blocked, id=6204, stack(0x0000000017f50000,0x0000000018050000)]
  0x0000000017897000 JavaThread "Signal Dispatcher" daemon [_thread_blocked, id=14736, stack(0x0000000017e50000,0x0000000017f50000)]
  0x0000000017890800 JavaThread "Finalizer" daemon [_thread_blocked, id=12736, stack(0x0000000017c70000,0x0000000017d70000)]
  0x0000000002e66800 JavaThread "Reference Handler" daemon [_thread_blocked, id=4652, stack(0x0000000017770000,0x0000000017870000)]
  0x0000000002bfe000 JavaThread "main" [_thread_in_Java, id=12672, stack(0x0000000002c70000,0x0000000002d70000)]

Other Threads:
  0x0000000015989800 VMThread [stack: 0x0000000017670000,0x0000000017770000] [id=12204]
  0x00000000178bf800 WatcherThread [stack: 0x0000000018550000,0x0000000018650000] [id=12572]

VM state:not at safepoint (normal execution)

VM Mutex/Monitor currently owned by a thread: None

Heap:
 PSYoungGen      total 38400K, used 20906K [0x00000000eab00000, 0x00000000ed580000, 0x0000000100000000)
  eden space 33280K, 62% used [0x00000000eab00000,0x00000000ebf6ab10,0x00000000ecb80000)
  from space 5120K, 0% used [0x00000000ed080000,0x00000000ed080000,0x00000000ed580000)
  to   space 5120K, 0% used [0x00000000ecb80000,0x00000000ecb80000,0x00000000ed080000)
 ParOldGen       total 87552K, used 0K [0x00000000c0000000, 0x00000000c5580000, 0x00000000eab00000)
  object space 87552K, 0% used [0x00000000c0000000,0x00000000c0000000,0x00000000c5580000)
 Metaspace       used 5978K, capacity 6904K, committed 7040K, reserved 1056768K
  class space    used 611K, capacity 624K, committed 640K, reserved 1048576K

Card table byte_map: [0x0000000012230000,0x0000000012440000] byte_map_base: 0x0000000011c30000

Marking Bits: (ParMarkBitMap*) 0x00000000778c2f70
 Begin Bits: [0x0000000012da0000, 0x0000000013da0000)
 End Bits:   [0x0000000013da0000, 0x0000000014da0000)

Polling page: 0x00000000013f0000

CodeCache: size=245760Kb used=4412Kb max_used=4412Kb free=241347Kb
 bounds [0x0000000002e70000, 0x00000000032d0000, 0x0000000011e70000]
 total_blobs=1394 nmethods=1122 adapters=185
 compilation: enabled

Compilation events (10 events):
Event: 1.331 Thread 0x00000000178a7000 nmethod 1110 0x00000000032bccd0 code [0x00000000032bce20, 0x00000000032bcf30]
Event: 1.331 Thread 0x00000000178a7000 1111       1       com.android.dx.dex.code.DalvInsn::getRegisters (5 bytes)
Event: 1.331 Thread 0x00000000178a7000 nmethod 1111 0x00000000032bcf90 code [0x00000000032bd0e0, 0x00000000032bd1f0]
Event: 1.331 Thread 0x00000000178a7000 1113       1       com.android.dx.dex.code.ZeroSizeInsn::codeSize (2 bytes)
Event: 1.331 Thread 0x00000000178a7000 nmethod 1113 0x00000000032bd250 code [0x00000000032bd3a0, 0x00000000032bd4b0]
Event: 1.331 Thread 0x00000000178a7000 1112       1       com.android.dx.dex.code.form.SpecialFormat::isCompatible (2 bytes)
Event: 1.331 Thread 0x00000000178a7000 nmethod 1112 0x00000000032bd510 code [0x00000000032bd660, 0x00000000032bd770]
Event: 1.331 Thread 0x00000000178a7000 1114       3       com.android.dx.dex.code.DalvInsnList::get (9 bytes)
Event: 1.332 Thread 0x00000000178a7000 nmethod 1114 0x00000000032bd7d0 code [0x00000000032bd940, 0x00000000032bdc28]
Event: 1.332 Thread 0x00000000178a7000 1115       3       com.android.dx.dex.code.OutputFinisher::findOpcodeForInsn (51 bytes)

GC Heap History (0 events):
No events

Deoptimization events (10 events):
Event: 0.921 Thread 0x0000000017ae1000 Uncommon trap: reason=unstable_if action=reinterpret pc=0x0000000003046c28 method=java.util.HashMap.getNode(ILjava/lang/Object;)Ljava/util/HashMap$Node; @ 129
Event: 0.922 Thread 0x0000000017ae1000 Uncommon trap: reason=unstable_if action=reinterpret pc=0x0000000003061630 method=java.util.BitSet.nextSetBit(I)I @ 87
Event: 0.939 Thread 0x0000000017af0000 Uncommon trap: reason=unstable_if action=reinterpret pc=0x000000000305e128 method=java.util.HashMap.getNode(ILjava/lang/Object;)Ljava/util/HashMap$Node; @ 62
Event: 0.973 Thread 0x0000000017ae1000 Uncommon trap: reason=unstable_if action=reinterpret pc=0x00000000030b035c method=com.android.dx.rop.cst.Constant.compareTo(Lcom/android/dx/rop/cst/Constant;)I @ 12
Event: 0.976 Thread 0x0000000017ae1000 Uncommon trap: reason=unstable_if action=reinterpret pc=0x0000000003080bb4 method=java.util.BitSet.ensureCapacity(I)V @ 6
Event: 1.242 Thread 0x0000000017af1000 Uncommon trap: reason=bimorphic action=maybe_recompile pc=0x000000000318b100 method=java.util.HashMap.getNode(ILjava/lang/Object;)Ljava/util/HashMap$Node; @ 126
Event: 1.242 Thread 0x0000000017af1000 Uncommon trap: reason=bimorphic action=maybe_recompile pc=0x000000000318b100 method=java.util.HashMap.getNode(ILjava/lang/Object;)Ljava/util/HashMap$Node; @ 126
Event: 1.242 Thread 0x0000000017af1000 Uncommon trap: reason=bimorphic action=maybe_recompile pc=0x000000000318b100 method=java.util.HashMap.getNode(ILjava/lang/Object;)Ljava/util/HashMap$Node; @ 126
Event: 1.242 Thread 0x0000000017af1000 Uncommon trap: reason=bimorphic action=maybe_recompile pc=0x000000000318b100 method=java.util.HashMap.getNode(ILjava/lang/Object;)Ljava/util/HashMap$Node; @ 126
Event: 1.243 Thread 0x0000000017af1000 Uncommon trap: reason=bimorphic action=maybe_recompile pc=0x000000000318fea4 method=java.util.HashMap.getNode(ILjava/lang/Object;)Ljava/util/HashMap$Node; @ 126

Internal exceptions (2 events):
Event: 0.038 Thread 0x0000000002bfe000 Exception <a 'java/lang/NoSuchMethodError': Method sun.misc.Unsafe.defineClass(Ljava/lang/String;[BII)Ljava/lang/Class; name or signature does not match> (0x00000000eab07cc0) thrown at [C:\re\workspace\8-2-build-windows-amd64-cygwin\jdk8u91\6644\hotspot\srÛùkS^£?
Event: 0.038 Thread 0x0000000002bfe000 Exception <a 'java/lang/NoSuchMethodError': Method sun.misc.Unsafe.prefetchRead(Ljava/lang/Object;J)V name or signature does not match> (0x00000000eab07fa8) thrown at [C:\re\workspace\8-2-build-windows-amd64-cygwin\jdk8u91\6644\hotspot\src\share\vm\prims\j

Events (10 events):
Event: 1.327 loading class com/android/dx/dex/code/LocalList$MakeState
Event: 1.327 loading class com/android/dx/dex/code/LocalList$MakeState done
Event: 1.328 loading class com/android/dx/dex/code/LocalList$Disposition
Event: 1.328 loading class com/android/dx/dex/code/LocalList$Disposition done
Event: 1.329 loading class com/android/dx/dex/code/LocalList$Entry
Event: 1.329 loading class com/android/dx/dex/code/LocalList$Entry done
Event: 1.329 loading class com/android/dx/dex/code/CatchHandlerList
Event: 1.329 loading class com/android/dx/dex/code/CatchHandlerList done
Event: 1.330 loading class com/android/dx/dex/code/CatchTable
Event: 1.330 loading class com/android/dx/dex/code/CatchTable done


Dynamic libraries:
0x00007ff67bbe0000 - 0x00007ff67bc17000 	C:\Program Files\Java\jdk1.8.0_91\bin\java.exe
0x00007fff74340000 - 0x00007fff74501000 	C:\WINDOWS\SYSTEM32\ntdll.dll
0x00007fff72430000 - 0x00007fff724dd000 	C:\WINDOWS\system32\KERNEL32.DLL
0x00007fff70d20000 - 0x00007fff70f08000 	C:\WINDOWS\system32\KERNELBASE.dll
0x00007fff71740000 - 0x00007fff717e7000 	C:\WINDOWS\system32\ADVAPI32.dll
0x00007fff71fb0000 - 0x00007fff7204d000 	C:\WINDOWS\system32\msvcrt.dll
0x00007fff717f0000 - 0x00007fff7184b000 	C:\WINDOWS\system32\sechost.dll
0x00007fff72bf0000 - 0x00007fff72d0c000 	C:\WINDOWS\system32\RPCRT4.dll
0x00007fff729c0000 - 0x00007fff72b16000 	C:\WINDOWS\system32\USER32.dll
0x00007fff72680000 - 0x00007fff72806000 	C:\WINDOWS\system32\GDI32.dll
0x00007fff6ca00000 - 0x00007fff6cc74000 	C:\WINDOWS\WinSxS\amd64_microsoft.windows.common-controls_6595b64144ccf1df_6.0.10586.0_none_8c15ae12515e1c22\COMCTL32.dll
0x00007fff72050000 - 0x00007fff722cd000 	C:\WINDOWS\system32\combase.dll
0x00007fff70c20000 - 0x00007fff70c8a000 	C:\WINDOWS\system32\bcryptPrimitives.dll
0x00007fff724e0000 - 0x00007fff7251b000 	C:\WINDOWS\system32\IMM32.DLL
0x0000000077950000 - 0x0000000077a22000 	C:\Program Files\Java\jdk1.8.0_91\jre\bin\msvcr100.dll
0x00000000770b0000 - 0x0000000077943000 	C:\Program Files\Java\jdk1.8.0_91\jre\bin\server\jvm.dll
0x00007fff719a0000 - 0x00007fff719a8000 	C:\WINDOWS\system32\PSAPI.DLL
0x00007fff6d090000 - 0x00007fff6d09a000 	C:\WINDOWS\SYSTEM32\VERSION.dll
0x00007fff6f060000 - 0x00007fff6f083000 	C:\WINDOWS\SYSTEM32\WINMM.dll
0x00007fff6f010000 - 0x00007fff6f019000 	C:\WINDOWS\SYSTEM32\WSOCK32.dll
0x00007fff72610000 - 0x00007fff7267b000 	C:\WINDOWS\system32\WS2_32.dll
0x00007fff6ed00000 - 0x00007fff6ed2c000 	C:\WINDOWS\SYSTEM32\WINMMBASE.dll
0x00007fff716f0000 - 0x00007fff71733000 	C:\WINDOWS\system32\cfgmgr32.dll
0x00000000770a0000 - 0x00000000770af000 	C:\Program Files\Java\jdk1.8.0_91\jre\bin\verify.dll
0x0000000077070000 - 0x0000000077099000 	C:\Program Files\Java\jdk1.8.0_91\jre\bin\java.dll
0x0000000077050000 - 0x0000000077066000 	C:\Program Files\Java\jdk1.8.0_91\jre\bin\zip.dll
0x00007fff72d70000 - 0x00007fff742cc000 	C:\WINDOWS\system32\SHELL32.dll
0x00007fff71080000 - 0x00007fff716c4000 	C:\WINDOWS\system32\windows.storage.dll
0x00007fff72d10000 - 0x00007fff72d62000 	C:\WINDOWS\system32\shlwapi.dll
0x00007fff70970000 - 0x00007fff7097f000 	C:\WINDOWS\system32\kernel.appcore.dll
0x00007fff70fc0000 - 0x00007fff71075000 	C:\WINDOWS\system32\shcore.dll
0x00007fff70980000 - 0x00007fff709cb000 	C:\WINDOWS\system32\powrprof.dll
0x00007fff709d0000 - 0x00007fff709e4000 	C:\WINDOWS\system32\profapi.dll

VM Arguments:
jvm_args: -Djava.awt.headless=true -Xmx1024M -Dfile.encoding=windows-1252 -Duser.country=CA -Duser.language=en -Duser.variant 
java_command: com.android.dx.command.Main --dex --num-threads=4 --output C:\Users\Kevin's Playtime\AndroidStudioProjects\Moments\app\build\intermediates\pre-dexed\debug\com.android.support-cardview-v7-23.4.0_e3294235131e7728b630c291ba9936ea4c3f727d.jar C:\Users\Kevin's Playtime\AndroidStudioProjects\Moments\app\build\intermediates\exploded-aar\com.android.support\cardview-v7\23.4.0\jars\classes.jar
java_class_path (initial): C:\Android\sdk\build-tools\23.0.2\lib\dx.jar
Launcher Type: SUN_STANDARD

Environment Variables:
JAVA_HOME=C:\Program Files\Java\jdk1.7.0_67
PATH=C:\ProgramData\Oracle\Java\javapath;C:\Program Files (x86)\Caminova\Document Express DjVu Plug-in\;c:\Program Files (x86)\Intel\iCLS Client\;c:\Program Files\Intel\iCLS Client\;C:\WINDOWS\system32;C:\WINDOWS;C:\WINDOWS\System32\Wbem;C:\WINDOWS\System32\WindowsPowerShell\v1.0\;C:\Program Files\Intel\Intel(R) Management Engine Components\DAL;C:\Program Files\Intel\Intel(R) Management Engine Components\IPT;C:\Program Files (x86)\Intel\Intel(R) Management Engine Components\DAL;C:\Program Files (x86)\Intel\Intel(R) Management Engine Components\IPT;C:\Program Files (x86)\Windows Live\Shared;C:\Program Files (x86)\Skype\Phone\;C:\Program Files\nodejs\;C:\WINDOWS\system32\config\systemprofile\.dnx\bin;C:\Program Files\Microsoft DNX\Dnvm\;C:\Program Files (x86)\Windows Kits\8.1\Windows Performance Toolkit\;C:\Program Files\Microsoft SQL Server\130\Tools\Binn\;C:\Program Files (x86)\QuickTime\QTSystem\;C:\Program Files\Git\cmd;C:\Users\Kevin's Playtime\AppData\Local\Programs\Python\Python35-32\Scripts\;C:\Users\Kevin's Playtime\AppData\Local\Programs\Python\Python35-32\;c:\users\kevin's playtime\appdata\local\enthought\canopy\user\scripts;C:\Users\Kevin's Playtime\AppData\Local\Enthought\Canopy\User;C:\Users\Kevin's Playtime\AppData\Local\Enthought\Canopy\User\Scripts;C:\Users\Kevin's Playtime\AppData\Roaming\npm
USERNAME=Kevin
OS=Windows_NT
PROCESSOR_IDENTIFIER=Intel64 Family 6 Model 58 Stepping 9, GenuineIntel



---------------  S Y S T E M  ---------------

OS: Windows 10.0 , 64 bit Build 10586 (10.0.10586.0)

CPU:total 8 (4 cores per cpu, 2 threads per core) family 6 model 58 stepping 9, cmov, cx8, fxsr, mmx, sse, sse2, sse3, ssse3, sse4.1, sse4.2, popcnt, avx, aes, clmul, erms, ht, tsc, tscinvbit, tscinv

Memory: 4k page, physical 8318812k(1169480k free), swap 12513116k(5944k free)

vm_info: Java HotSpot(TM) 64-Bit Server VM (25.91-b14) for windows-amd64 JRE (1.8.0_91-b14), built on Apr  1 2016 00:58:32 by "java_re" with MS VC++ 10.0 (VS2010)

time: Tue Jun 21 20:59:54 2016
elapsed time: 1 seconds (0d 0h 0m 1s)

