#
# There is insufficient memory for the Java Runtime Environment to continue.
# Native memory allocation (malloc) failed to allocate 342656 bytes for Chunk::new
# Possible reasons:
#   The system is out of physical RAM or swap space
#   In 32 bit mode, the process size limit was hit
# Possible solutions:
#   Reduce memory load on the system
#   Increase physical memory or swap space
#   Check if swap backing store is full
#   Use 64 bit Java on a 64 bit OS
#   Decrease Java heap size (-Xmx/-Xms)
#   Decrease number of Java threads
#   Decrease Java thread stack sizes (-Xss)
#   Set larger code cache with -XX:ReservedCodeCacheSize=
# This output file may be truncated or incomplete.
#
#  Out of Memory Error (allocation.cpp:390), pid=6612, tid=1960
#
# JRE version: Java(TM) SE Runtime Environment (8.0_91-b14) (build 1.8.0_91-b14)
# Java VM: Java HotSpot(TM) 64-Bit Server VM (25.91-b14 mixed mode windows-amd64 compressed oops)
# Failed to write core dump. Minidumps are not enabled by default on client versions of Windows
#

---------------  T H R E A D  ---------------

Current thread (0x0000000016fad800):  JavaThread "C2 CompilerThread1" daemon [_thread_in_native, id=1960, stack(0x0000000017860000,0x0000000017960000)]

Stack: [0x0000000017860000,0x0000000017960000]
[error occurred during error reporting (printing stack bounds), id 0xc0000005]

Native frames: (J=compiled Java code, j=interpreted, Vv=VM code, C=native code)


Current CompileTask:
C2:    463  652       4       com.android.dx.ssa.SsaBasicBlock::forEachInsn (37 bytes)


---------------  P R O C E S S  ---------------

Java Threads: ( => current thread )
  0x00000000172e2800 JavaThread "pool-2-thread-1" [_thread_blocked, id=11740, stack(0x0000000017e60000,0x0000000017f60000)]
  0x00000000172c0800 JavaThread "pool-1-thread-1" [_thread_in_Java, id=6784, stack(0x0000000017d60000,0x0000000017e60000)]
  0x0000000016ffc000 JavaThread "Service Thread" daemon [_thread_blocked, id=780, stack(0x0000000017b60000,0x0000000017c60000)]
  0x0000000016fbb000 JavaThread "C1 CompilerThread3" daemon [_thread_in_native, id=10940, stack(0x0000000017a60000,0x0000000017b60000)]
  0x0000000016fb8000 JavaThread "C2 CompilerThread2" daemon [_thread_blocked, id=9312, stack(0x0000000017960000,0x0000000017a60000)]
=>0x0000000016fad800 JavaThread "C2 CompilerThread1" daemon [_thread_in_native, id=1960, stack(0x0000000017860000,0x0000000017960000)]
  0x0000000016fab000 JavaThread "C2 CompilerThread0" daemon [_thread_in_native, id=1652, stack(0x0000000017760000,0x0000000017860000)]
  0x0000000016fa8000 JavaThread "Attach Listener" daemon [_thread_blocked, id=736, stack(0x0000000017660000,0x0000000017760000)]
  0x0000000016fa7000 JavaThread "Signal Dispatcher" daemon [_thread_blocked, id=8208, stack(0x0000000017560000,0x0000000017660000)]
  0x0000000016fa0800 JavaThread "Finalizer" daemon [_thread_blocked, id=9316, stack(0x0000000017380000,0x0000000017480000)]
  0x0000000002584000 JavaThread "Reference Handler" daemon [_thread_blocked, id=8500, stack(0x0000000016e80000,0x0000000016f80000)]
  0x000000000238d800 JavaThread "main" [_thread_blocked, id=6356, stack(0x0000000002390000,0x0000000002490000)]

Other Threads:
  0x00000000150a9800 VMThread [stack: 0x0000000016d80000,0x0000000016e80000] [id=13448]
  0x0000000016ffe800 WatcherThread [stack: 0x0000000017c60000,0x0000000017d60000] [id=7760]

VM state:not at safepoint (normal execution)

VM Mutex/Monitor currently owned by a thread:  ([mutex/lock_event])
[0x000000000238c010] CodeCache_lock - owner thread: 0x0000000000000000

Heap:
 PSYoungGen      total 38400K, used 13582K [0x00000000eab00000, 0x00000000ed580000, 0x0000000100000000)
  eden space 33280K, 40% used [0x00000000eab00000,0x00000000eb843900,0x00000000ecb80000)
  from space 5120K, 0% used [0x00000000ed080000,0x00000000ed080000,0x00000000ed580000)
  to   space 5120K, 0% used [0x00000000ecb80000,0x00000000ecb80000,0x00000000ed080000)
 ParOldGen       total 87552K, used 0K [0x00000000c0000000, 0x00000000c5580000, 0x00000000eab00000)
  object space 87552K, 0% used [0x00000000c0000000,0x00000000c0000000,0x00000000c5580000)
 Metaspace       used 5681K, capacity 6642K, committed 6784K, reserved 1056768K
  class space    used 602K, capacity 618K, committed 640K, reserved 1048576K

Card table byte_map: [0x0000000011950000,0x0000000011b60000] byte_map_base: 0x0000000011350000

Marking Bits: (ParMarkBitMap*) 0x000000005ff62f70
 Begin Bits: [0x00000000124c0000, 0x00000000134c0000)
 End Bits:   [0x00000000134c0000, 0x00000000144c0000)

Polling page: 0x0000000000a40000

CodeCache: size=245760Kb used=2746Kb max_used=2746Kb free=243013Kb
 bounds [0x0000000002590000, 0x0000000002850000, 0x0000000011590000]
 total_blobs=949 nmethods=680 adapters=182
 compilation: enabled

Compilation events (10 events):
Event: 0.459 Thread 0x0000000016fbb000  629       3       com.android.dx.util.BitIntSet$1::next (42 bytes)
Event: 0.459 Thread 0x0000000016fbb000 nmethod 629 0x0000000002835cd0 code [0x0000000002835e60, 0x00000000028361d8]
Event: 0.459 Thread 0x0000000016fbb000  674   !   3       com.android.dx.rop.type.Type::intern (319 bytes)
Event: 0.459 Thread 0x0000000016fab000  676       4       java.util.HashMap::getNode (148 bytes)
Event: 0.460 Thread 0x0000000016fb8000  678       4       com.android.dx.ssa.NormalSsaInsn::getOpcode (8 bytes)
Event: 0.460 Thread 0x0000000016fb8000 nmethod 678 0x00000000027fde50 code [0x00000000027fdf80, 0x00000000027fdff8]
Event: 0.460 Thread 0x0000000016fb8000  679       4       java.util.ArrayList$Itr::<init> (6 bytes)
Event: 0.461 Thread 0x0000000016fb8000 nmethod 679 0x000000000281dc10 code [0x000000000281dd40, 0x000000000281ddd8]
Event: 0.461 Thread 0x0000000016fbb000 nmethod 674 0x0000000002838fd0 code [0x0000000002839440, 0x000000000283bea8]
Event: 0.461 Thread 0x0000000016fbb000  675       3       com.android.dx.ssa.SsaConverter::needsNewSuccessor (53 bytes)

GC Heap History (0 events):
No events

Deoptimization events (1 events):
Event: 0.381 Thread 0x00000000172c0800 Uncommon trap: reason=unstable_if action=reinterpret pc=0x000000000277df38 method=java.util.HashMap.getNode(ILjava/lang/Object;)Ljava/util/HashMap$Node; @ 62

Internal exceptions (2 events):
Event: 0.099 Thread 0x000000000238d800 Exception <a 'java/lang/NoSuchMethodError': Method sun.misc.Unsafe.defineClass(Ljava/lang/String;[BII)Ljava/lang/Class; name or signature does not match> (0x00000000eab07cc0) thrown at [C:\re\workspace\8-2-build-windows-amd64-cygwin\jdk8u91\6644\hotspot\sr*…E¦x¹?
Event: 0.099 Thread 0x000000000238d800 Exception <a 'java/lang/NoSuchMethodError': Method sun.misc.Unsafe.prefetchRead(Ljava/lang/Object;J)V name or signature does not match> (0x00000000eab07fa8) thrown at [C:\re\workspace\8-2-build-windows-amd64-cygwin\jdk8u91\6644\hotspot\src\share\vm\prims\j

Events (10 events):
Event: 0.382 Thread 0x00000000172f3000 Thread exited: 0x00000000172f3000
Event: 0.382 loading class java/util/HashMap$Values done
Event: 0.382 loading class java/util/HashMap$ValueIterator
Event: 0.382 loading class java/util/HashMap$ValueIterator done
Event: 0.405 loading class java/util/DualPivotQuicksort
Event: 0.405 loading class java/util/DualPivotQuicksort done
Event: 0.407 loading class com/android/dx/dex/file/MethodAnnotationStruct
Event: 0.407 loading class com/android/dx/dex/file/MethodAnnotationStruct done
Event: 0.460 loading class java/util/ArrayList$1
Event: 0.460 loading class java/util/ArrayList$1 done


Dynamic libraries:
0x00007ff679830000 - 0x00007ff679867000 	C:\Program Files\Java\jdk1.8.0_91\bin\java.exe
0x00007ffd2adf0000 - 0x00007ffd2afb1000 	C:\WINDOWS\SYSTEM32\ntdll.dll
0x00007ffd2a380000 - 0x00007ffd2a42d000 	C:\WINDOWS\system32\KERNEL32.DLL
0x00007ffd27ec0000 - 0x00007ffd280a8000 	C:\WINDOWS\system32\KERNELBASE.dll
0x00007ffd25c00000 - 0x00007ffd25c79000 	C:\WINDOWS\system32\apphelp.dll
0x00007ffd2aca0000 - 0x00007ffd2ad47000 	C:\WINDOWS\system32\ADVAPI32.dll
0x00007ffd2ad50000 - 0x00007ffd2aded000 	C:\WINDOWS\system32\msvcrt.dll
0x00007ffd282c0000 - 0x00007ffd2831b000 	C:\WINDOWS\system32\sechost.dll
0x00007ffd2a440000 - 0x00007ffd2a55c000 	C:\WINDOWS\system32\RPCRT4.dll
0x00007ffd29c30000 - 0x00007ffd29d86000 	C:\WINDOWS\system32\USER32.dll
0x00007ffd2a040000 - 0x00007ffd2a1c6000 	C:\WINDOWS\system32\GDI32.dll
0x00007ffd22b50000 - 0x00007ffd22dc4000 	C:\WINDOWS\WinSxS\amd64_microsoft.windows.common-controls_6595b64144ccf1df_6.0.10586.0_none_8c15ae12515e1c22\COMCTL32.dll
0x00007ffd2aa10000 - 0x00007ffd2ac8d000 	C:\WINDOWS\system32\combase.dll
0x00007ffd27500000 - 0x00007ffd2756a000 	C:\WINDOWS\system32\bcryptPrimitives.dll
0x00007ffd29d90000 - 0x00007ffd29dcb000 	C:\WINDOWS\system32\IMM32.DLL
0x000000005fff0000 - 0x00000000600c2000 	C:\Program Files\Java\jdk1.8.0_91\jre\bin\msvcr100.dll
0x000000005f750000 - 0x000000005ffe3000 	C:\Program Files\Java\jdk1.8.0_91\jre\bin\server\jvm.dll
0x00007ffd2ac90000 - 0x00007ffd2ac98000 	C:\WINDOWS\system32\PSAPI.DLL
0x00007ffd200d0000 - 0x00007ffd200d9000 	C:\WINDOWS\SYSTEM32\WSOCK32.dll
0x00007ffd29bc0000 - 0x00007ffd29c2b000 	C:\WINDOWS\system32\WS2_32.dll
0x00007ffd25710000 - 0x00007ffd25733000 	C:\WINDOWS\SYSTEM32\WINMM.dll
0x00007ffd22dd0000 - 0x00007ffd22dda000 	C:\WINDOWS\SYSTEM32\VERSION.dll
0x00007ffd255f0000 - 0x00007ffd2561c000 	C:\WINDOWS\SYSTEM32\WINMMBASE.dll
0x00007ffd27650000 - 0x00007ffd27693000 	C:\WINDOWS\system32\cfgmgr32.dll
0x000000005f740000 - 0x000000005f74f000 	C:\Program Files\Java\jdk1.8.0_91\jre\bin\verify.dll
0x000000005f710000 - 0x000000005f739000 	C:\Program Files\Java\jdk1.8.0_91\jre\bin\java.dll
0x000000005f6f0000 - 0x000000005f706000 	C:\Program Files\Java\jdk1.8.0_91\jre\bin\zip.dll
0x00007ffd28600000 - 0x00007ffd29b5c000 	C:\WINDOWS\system32\SHELL32.dll
0x00007ffd276a0000 - 0x00007ffd27ce4000 	C:\WINDOWS\system32\windows.storage.dll
0x00007ffd281f0000 - 0x00007ffd28242000 	C:\WINDOWS\system32\shlwapi.dll
0x00007ffd27460000 - 0x00007ffd2746f000 	C:\WINDOWS\system32\kernel.appcore.dll
0x00007ffd27570000 - 0x00007ffd27625000 	C:\WINDOWS\system32\shcore.dll
0x00007ffd27410000 - 0x00007ffd2745b000 	C:\WINDOWS\system32\powrprof.dll
0x00007ffd27480000 - 0x00007ffd27494000 	C:\WINDOWS\system32\profapi.dll

VM Arguments:
jvm_args: -Djava.awt.headless=true -Xmx1024M -Dfile.encoding=windows-1252 -Duser.country=CA -Duser.language=en -Duser.variant 
java_command: com.android.dx.command.Main --dex --num-threads=4 --output C:\Users\Kevin's Playtime\Desktop\Moments\app\build\intermediates\pre-dexed\debug\com.android.support-animated-vector-drawable-23.4.0_ce041d450ac191097f34c04193578e873b851080.jar C:\Users\Kevin's Playtime\Desktop\Moments\app\build\intermediates\exploded-aar\com.android.support\animated-vector-drawable\23.4.0\jars\classes.jar
java_class_path (initial): C:\Android\sdk\build-tools\23.0.2\lib\dx.jar
Launcher Type: SUN_STANDARD

Environment Variables:
JAVA_HOME=C:\Program Files\Java\jdk1.7.0_67
PATH=C:\ProgramData\Oracle\Java\javapath;C:\Program Files (x86)\Caminova\Document Express DjVu Plug-in\;c:\Program Files (x86)\Intel\iCLS Client\;c:\Program Files\Intel\iCLS Client\;C:\WINDOWS\system32;C:\WINDOWS;C:\WINDOWS\System32\Wbem;C:\WINDOWS\System32\WindowsPowerShell\v1.0\;C:\Program Files\Intel\Intel(R) Management Engine Components\DAL;C:\Program Files\Intel\Intel(R) Management Engine Components\IPT;C:\Program Files (x86)\Intel\Intel(R) Management Engine Components\DAL;C:\Program Files (x86)\Intel\Intel(R) Management Engine Components\IPT;C:\Program Files (x86)\Windows Live\Shared;C:\Program Files (x86)\Skype\Phone\;C:\Program Files\nodejs\;C:\Users\Kevin's Playtime\.dnx\bin;C:\Program Files\Microsoft DNX\Dnvm\;C:\Program Files (x86)\Windows Kits\8.1\Windows Performance Toolkit\;C:\Program Files\Microsoft SQL Server\130\Tools\Binn\;C:\Program Files (x86)\QuickTime\QTSystem\;C:\Program Files\Git\cmd;C:\Users\Kevin's Playtime\AppData\Local\Programs\Python\Python35-32\Scripts\;C:\Users\Kevin's Playtime\AppData\Local\Programs\Python\Python35-32\;c:\users\kevin's playtime\appdata\local\enthought\canopy\user\scripts;C:\Users\Kevin's Playtime\AppData\Local\Enthought\Canopy\User;C:\Users\Kevin's Playtime\AppData\Local\Enthought\Canopy\User\Scripts;C:\Users\Kevin's Playtime\AppData\Roaming\npm
USERNAME=Kevin
OS=Windows_NT
PROCESSOR_IDENTIFIER=Intel64 Family 6 Model 58 Stepping 9, GenuineIntel



---------------  S Y S T E M  ---------------

OS: Windows 10.0 , 64 bit Build 10586 (10.0.10586.0)

CPU:total 8 (4 cores per cpu, 2 threads per core) family 6 model 58 stepping 9, cmov, cx8, fxsr, mmx, sse, sse2, sse3, ssse3, sse4.1, sse4.2, popcnt, avx, aes, clmul, erms, ht, tsc, tscinvbit, tscinv

Memory: 4k page, physical 8318812k(1019688k free), swap 12513116k(5380k free)

vm_info: Java HotSpot(TM) 64-Bit Server VM (25.91-b14) for windows-amd64 JRE (1.8.0_91-b14), built on Apr  1 2016 00:58:32 by "java_re" with MS VC++ 10.0 (VS2010)

time: Wed Jun 29 20:19:04 2016
elapsed time: 0 seconds (0d 0h 0m 0s)

