#
# There is insufficient memory for the Java Runtime Environment to continue.
# Native memory allocation (malloc) failed to allocate 84016 bytes for Chunk::new
# Possible reasons:
#   The system is out of physical RAM or swap space
#   In 32 bit mode, the process size limit was hit
# Possible solutions:
#   Reduce memory load on the system
#   Increase physical memory or swap space
#   Check if swap backing store is full
#   Use 64 bit Java on a 64 bit OS
#   Decrease Java heap size (-Xmx/-Xms)
#   Decrease number of Java threads
#   Decrease Java thread stack sizes (-Xss)
#   Set larger code cache with -XX:ReservedCodeCacheSize=
# This output file may be truncated or incomplete.
#
#  Out of Memory Error (allocation.cpp:390), pid=21084, tid=9124
#
# JRE version: Java(TM) SE Runtime Environment (8.0_91-b14) (build 1.8.0_91-b14)
# Java VM: Java HotSpot(TM) 64-Bit Server VM (25.91-b14 mixed mode windows-amd64 compressed oops)
# Failed to write core dump. Minidumps are not enabled by default on client versions of Windows
#

---------------  T H R E A D  ---------------

Current thread (0x0000000016e7e800):  JavaThread "C2 CompilerThread1" daemon [_thread_in_native, id=9124, stack(0x0000000017730000,0x0000000017830000)]

Stack: [0x0000000017730000,0x0000000017830000]
[error occurred during error reporting (printing stack bounds), id 0xc0000005]

Native frames: (J=compiled Java code, j=interpreted, Vv=VM code, C=native code)


Current CompileTask:
C2:    325  232       4       com.android.dx.rop.cst.CstString::utf8BytesToString (391 bytes)


---------------  P R O C E S S  ---------------

Java Threads: ( => current thread )
  0x000000001710b000 JavaThread "pool-1-thread-4" [_thread_blocked, id=23084, stack(0x0000000018030000,0x0000000018130000)]
  0x00000000170e8000 JavaThread "pool-1-thread-3" [_thread_blocked, id=13360, stack(0x0000000017f30000,0x0000000018030000)]
  0x00000000170a4000 JavaThread "pool-1-thread-2" [_thread_in_native, id=3620, stack(0x0000000017e30000,0x0000000017f30000)]
  0x000000001709f000 JavaThread "pool-2-thread-1" [_thread_blocked, id=14900, stack(0x0000000017d30000,0x0000000017e30000)]
  0x000000001709e800 JavaThread "pool-1-thread-1" [_thread_blocked, id=24532, stack(0x0000000017c30000,0x0000000017d30000)]
  0x0000000016ebe000 JavaThread "Service Thread" daemon [_thread_blocked, id=18596, stack(0x0000000017a30000,0x0000000017b30000)]
  0x0000000016e8b800 JavaThread "C1 CompilerThread3" daemon [_thread_in_native, id=5244, stack(0x0000000017930000,0x0000000017a30000)]
  0x0000000016e84800 JavaThread "C2 CompilerThread2" daemon [_thread_in_native, id=1128, stack(0x0000000017830000,0x0000000017930000)]
=>0x0000000016e7e800 JavaThread "C2 CompilerThread1" daemon [_thread_in_native, id=9124, stack(0x0000000017730000,0x0000000017830000)]
  0x0000000016e7b800 JavaThread "C2 CompilerThread0" daemon [_thread_blocked, id=31364, stack(0x0000000017630000,0x0000000017730000)]
  0x0000000016e78800 JavaThread "Attach Listener" daemon [_thread_blocked, id=26172, stack(0x0000000017530000,0x0000000017630000)]
  0x0000000016e77000 JavaThread "Signal Dispatcher" daemon [_thread_blocked, id=32716, stack(0x0000000017430000,0x0000000017530000)]
  0x0000000016e70800 JavaThread "Finalizer" daemon [_thread_blocked, id=1872, stack(0x0000000017250000,0x0000000017350000)]
  0x0000000014f7d800 JavaThread "Reference Handler" daemon [_thread_blocked, id=2264, stack(0x0000000016d50000,0x0000000016e50000)]
  0x00000000020ae000 JavaThread "main" [_thread_blocked, id=15968, stack(0x0000000002260000,0x0000000002360000)]

Other Threads:
  0x0000000014f79000 VMThread [stack: 0x0000000016c50000,0x0000000016d50000] [id=13732]
  0x0000000016ec0800 WatcherThread [stack: 0x0000000017b30000,0x0000000017c30000] [id=1856]

VM state:not at safepoint (normal execution)

VM Mutex/Monitor currently owned by a thread: None

Heap:
 PSYoungGen      total 38400K, used 8662K [0x00000000eab00000, 0x00000000ed580000, 0x0000000100000000)
  eden space 33280K, 26% used [0x00000000eab00000,0x00000000eb375930,0x00000000ecb80000)
  from space 5120K, 0% used [0x00000000ed080000,0x00000000ed080000,0x00000000ed580000)
  to   space 5120K, 0% used [0x00000000ecb80000,0x00000000ecb80000,0x00000000ed080000)
 ParOldGen       total 87552K, used 0K [0x00000000c0000000, 0x00000000c5580000, 0x00000000eab00000)
  object space 87552K, 0% used [0x00000000c0000000,0x00000000c0000000,0x00000000c5580000)
 Metaspace       used 4328K, capacity 5456K, committed 5760K, reserved 1058816K
  class space    used 488K, capacity 520K, committed 640K, reserved 1048576K

Card table byte_map: [0x0000000011820000,0x0000000011a30000] byte_map_base: 0x0000000011220000

Marking Bits: (ParMarkBitMap*) 0x0000000064742f70
 Begin Bits: [0x0000000012390000, 0x0000000013390000)
 End Bits:   [0x0000000013390000, 0x0000000014390000)

Polling page: 0x0000000001ff0000

CodeCache: size=245760Kb used=1657Kb max_used=1664Kb free=244102Kb
 bounds [0x0000000002460000, 0x00000000026d0000, 0x0000000011460000]
 total_blobs=511 nmethods=250 adapters=174
 compilation: enabled

Compilation events (10 events):
Event: 0.319 Thread 0x0000000016e8b800 nmethod 234 0x00000000025e9b10 code [0x00000000025ea100, 0x00000000025edf48]
Event: 0.319 Thread 0x0000000016e8b800  238       1       com.android.dx.util.FixedSizeList::size (6 bytes)
Event: 0.319 Thread 0x0000000016e8b800 nmethod 238 0x00000000025dc7d0 code [0x00000000025dc920, 0x00000000025dca30]
Event: 0.319 Thread 0x0000000016e8b800  235       3       com.android.dx.cf.direct.StdAttributeFactory::parse0 (532 bytes)
Event: 0.321 Thread 0x0000000016e7b800  245       4       java.lang.Math::min (11 bytes)
Event: 0.322 Thread 0x0000000016e7b800 nmethod 245 0x00000000025e6cd0 code [0x00000000025e6e00, 0x00000000025e6e58]
Event: 0.322 Thread 0x0000000016e8b800 nmethod 235 0x00000000025f0e50 code [0x00000000025f15e0, 0x00000000025f57d8]
Event: 0.322 Thread 0x0000000016e8b800  242       2       java.lang.String::compareTo (78 bytes)
Event: 0.322 Thread 0x0000000016e8b800 nmethod 242 0x00000000025e9590 code [0x00000000025e9700, 0x00000000025e9930]
Event: 0.322 Thread 0x0000000016e8b800  244       3       com.android.dx.rop.cst.Constant::compareTo (33 bytes)

GC Heap History (0 events):
No events

Deoptimization events (0 events):
No events

Internal exceptions (2 events):
Event: 0.042 Thread 0x00000000020ae000 Exception <a 'java/lang/NoSuchMethodError': Method sun.misc.Unsafe.defineClass(Ljava/lang/String;[BII)Ljava/lang/Class; name or signature does not match> (0x00000000eab07cc0) thrown at [C:\re\workspace\8-2-build-windows-amd64-cygwin\jdk8u91\6644\hotspot\sr=¿yå›Ä¥?
Event: 0.043 Thread 0x00000000020ae000 Exception <a 'java/lang/NoSuchMethodError': Method sun.misc.Unsafe.prefetchRead(Ljava/lang/Object;J)V name or signature does not match> (0x00000000eab07fa8) thrown at [C:\re\workspace\8-2-build-windows-amd64-cygwin\jdk8u91\6644\hotspot\src\share\vm\prims\j

Events (10 events):
Event: 0.320 loading class com/android/dx/util/Bits
Event: 0.320 loading class com/android/dx/util/Bits done
Event: 0.320 loading class com/android/dx/dex/file/AnnotationItem
Event: 0.320 loading class com/android/dx/dex/file/AnnotationItem done
Event: 0.320 loading class com/android/dx/util/IntList
Event: 0.320 loading class com/android/dx/util/IntList done
Event: 0.321 loading class com/android/dx/cf/code/ByteOps
Event: 0.321 loading class com/android/dx/cf/code/ByteOps done
Event: 0.322 loading class com/android/dx/rop/cst/CstArray$List
Event: 0.322 loading class com/android/dx/rop/cst/CstArray$List done


Dynamic libraries:
0x00007ff7d6900000 - 0x00007ff7d6937000 	C:\Program Files\Java\jdk1.8.0_91\bin\java.exe
0x00007fffaaa10000 - 0x00007fffaabd1000 	C:\WINDOWS\SYSTEM32\ntdll.dll
0x00007fffa7f20000 - 0x00007fffa7fcd000 	C:\WINDOWS\system32\KERNEL32.DLL
0x00007fffa70c0000 - 0x00007fffa72a8000 	C:\WINDOWS\system32\KERNELBASE.dll
0x00007fffaa700000 - 0x00007fffaa7a7000 	C:\WINDOWS\system32\ADVAPI32.dll
0x00007fffa8dd0000 - 0x00007fffa8e6d000 	C:\WINDOWS\system32\msvcrt.dll
0x00007fffa85b0000 - 0x00007fffa860b000 	C:\WINDOWS\system32\sechost.dll
0x00007fffa7fd0000 - 0x00007fffa80ec000 	C:\WINDOWS\system32\RPCRT4.dll
0x00007fffa80f0000 - 0x00007fffa8246000 	C:\WINDOWS\system32\USER32.dll
0x00007fffaa450000 - 0x00007fffaa5d6000 	C:\WINDOWS\system32\GDI32.dll
0x00007fffa1920000 - 0x00007fffa1b94000 	C:\WINDOWS\WinSxS\amd64_microsoft.windows.common-controls_6595b64144ccf1df_6.0.10586.0_none_8c15ae12515e1c22\COMCTL32.dll
0x00007fffa8250000 - 0x00007fffa84cd000 	C:\WINDOWS\system32\combase.dll
0x00007fffa7400000 - 0x00007fffa746a000 	C:\WINDOWS\system32\bcryptPrimitives.dll
0x00007fffaa5f0000 - 0x00007fffaa62b000 	C:\WINDOWS\system32\IMM32.DLL
0x0000000065260000 - 0x0000000065332000 	C:\Program Files\Java\jdk1.8.0_91\jre\bin\msvcr100.dll
0x0000000063f30000 - 0x00000000647c3000 	C:\Program Files\Java\jdk1.8.0_91\jre\bin\server\jvm.dll
0x00007fffa8610000 - 0x00007fffa8618000 	C:\WINDOWS\system32\PSAPI.DLL
0x00007fff9e4a0000 - 0x00007fff9e4a9000 	C:\WINDOWS\SYSTEM32\WSOCK32.dll
0x00007fffa55f0000 - 0x00007fffa5613000 	C:\WINDOWS\SYSTEM32\WINMM.dll
0x00007fffa2fa0000 - 0x00007fffa2faa000 	C:\WINDOWS\SYSTEM32\VERSION.dll
0x0000000001fc0000 - 0x0000000001fec000 	C:\WINDOWS\SYSTEM32\WINMMBASE.dll
0x00007fffa7bd0000 - 0x00007fffa7c13000 	C:\WINDOWS\system32\cfgmgr32.dll
0x00007fffa8d60000 - 0x00007fffa8dcb000 	C:\WINDOWS\system32\WS2_32.dll
0x00000000665a0000 - 0x00000000665af000 	C:\Program Files\Java\jdk1.8.0_91\jre\bin\verify.dll
0x0000000065230000 - 0x0000000065259000 	C:\Program Files\Java\jdk1.8.0_91\jre\bin\java.dll
0x0000000065210000 - 0x0000000065226000 	C:\Program Files\Java\jdk1.8.0_91\jre\bin\zip.dll
0x00007fffa8e80000 - 0x00007fffaa3dc000 	C:\WINDOWS\system32\SHELL32.dll
0x00007fffa7520000 - 0x00007fffa7b64000 	C:\WINDOWS\system32\windows.storage.dll
0x00007fffa84d0000 - 0x00007fffa8522000 	C:\WINDOWS\system32\shlwapi.dll
0x00007fffa7080000 - 0x00007fffa708f000 	C:\WINDOWS\system32\kernel.appcore.dll
0x00007fffa7340000 - 0x00007fffa73f5000 	C:\WINDOWS\system32\shcore.dll
0x00007fffa7030000 - 0x00007fffa707b000 	C:\WINDOWS\system32\powrprof.dll
0x00007fffa7090000 - 0x00007fffa70a4000 	C:\WINDOWS\system32\profapi.dll

VM Arguments:
jvm_args: -Djava.awt.headless=true -Xmx1024M -Dfile.encoding=windows-1252 -Duser.country=CA -Duser.language=en -Duser.variant 
java_command: com.android.dx.command.Main --dex --num-threads=4 --output C:\Users\Kevin's Playtime\AndroidStudioProjects\Moments\app\build\intermediates\pre-dexed\debug\com.android.support-support-vector-drawable-23.4.0_7ec3f1bfcbaf9a5084a3cfe1403229c8894e19dd.jar C:\Users\Kevin's Playtime\AndroidStudioProjects\Moments\app\build\intermediates\exploded-aar\com.android.support\support-vector-drawable\23.4.0\jars\classes.jar
java_class_path (initial): C:\Android\sdk\build-tools\23.0.2\lib\dx.jar
Launcher Type: SUN_STANDARD

Environment Variables:
JAVA_HOME=C:\Program Files\Java\jdk1.7.0_67
PATH=C:\ProgramData\Oracle\Java\javapath;C:\Program Files (x86)\Caminova\Document Express DjVu Plug-in\;c:\Program Files (x86)\Intel\iCLS Client\;c:\Program Files\Intel\iCLS Client\;C:\WINDOWS\system32;C:\WINDOWS;C:\WINDOWS\System32\Wbem;C:\WINDOWS\System32\WindowsPowerShell\v1.0\;C:\Program Files\Intel\Intel(R) Management Engine Components\DAL;C:\Program Files\Intel\Intel(R) Management Engine Components\IPT;C:\Program Files (x86)\Intel\Intel(R) Management Engine Components\DAL;C:\Program Files (x86)\Intel\Intel(R) Management Engine Components\IPT;C:\Program Files (x86)\Windows Live\Shared;C:\Program Files (x86)\Skype\Phone\;C:\Program Files\nodejs\;C:\WINDOWS\system32\config\systemprofile\.dnx\bin;C:\Program Files\Microsoft DNX\Dnvm\;C:\Program Files (x86)\Windows Kits\8.1\Windows Performance Toolkit\;C:\Program Files\Microsoft SQL Server\130\Tools\Binn\;C:\Program Files (x86)\QuickTime\QTSystem\;C:\Program Files\Git\cmd;C:\Users\Kevin's Playtime\AppData\Local\Programs\Python\Python35-32\Scripts\;C:\Users\Kevin's Playtime\AppData\Local\Programs\Python\Python35-32\;c:\users\kevin's playtime\appdata\local\enthought\canopy\user\scripts;C:\Users\Kevin's Playtime\AppData\Local\Enthought\Canopy\User;C:\Users\Kevin's Playtime\AppData\Local\Enthought\Canopy\User\Scripts;C:\Users\Kevin's Playtime\AppData\Roaming\npm
USERNAME=Kevin
OS=Windows_NT
PROCESSOR_IDENTIFIER=Intel64 Family 6 Model 58 Stepping 9, GenuineIntel



---------------  S Y S T E M  ---------------

OS: Windows 10.0 , 64 bit Build 10586 (10.0.10586.0)

CPU:total 8 (4 cores per cpu, 2 threads per core) family 6 model 58 stepping 9, cmov, cx8, fxsr, mmx, sse, sse2, sse3, ssse3, sse4.1, sse4.2, popcnt, avx, aes, clmul, erms, ht, tsc, tscinvbit, tscinv

Memory: 4k page, physical 8318812k(1328004k free), swap 12513116k(3280k free)

vm_info: Java HotSpot(TM) 64-Bit Server VM (25.91-b14) for windows-amd64 JRE (1.8.0_91-b14), built on Apr  1 2016 00:58:32 by "java_re" with MS VC++ 10.0 (VS2010)

time: Wed Jun 15 23:39:07 2016
elapsed time: 0 seconds (0d 0h 0m 0s)

