#
# There is insufficient memory for the Java Runtime Environment to continue.
# Native memory allocation (malloc) failed to allocate 32744 bytes for ChunkPool::allocate
# Possible reasons:
#   The system is out of physical RAM or swap space
#   In 32 bit mode, the process size limit was hit
# Possible solutions:
#   Reduce memory load on the system
#   Increase physical memory or swap space
#   Check if swap backing store is full
#   Use 64 bit Java on a 64 bit OS
#   Decrease Java heap size (-Xmx/-Xms)
#   Decrease number of Java threads
#   Decrease Java thread stack sizes (-Xss)
#   Set larger code cache with -XX:ReservedCodeCacheSize=
# This output file may be truncated or incomplete.
#
#  Out of Memory Error (allocation.cpp:273), pid=25400, tid=27128
#
# JRE version: Java(TM) SE Runtime Environment (8.0_91-b14) (build 1.8.0_91-b14)
# Java VM: Java HotSpot(TM) 64-Bit Server VM (25.91-b14 mixed mode windows-amd64 compressed oops)
# Failed to write core dump. Minidumps are not enabled by default on client versions of Windows
#

---------------  T H R E A D  ---------------

Current thread (0x0000000016ddd800):  JavaThread "C2 CompilerThread2" daemon [_thread_in_native, id=27128, stack(0x0000000017780000,0x0000000017880000)]

Stack: [0x0000000017780000,0x0000000017880000]
[error occurred during error reporting (printing stack bounds), id 0xc0000005]

Native frames: (J=compiled Java code, j=interpreted, Vv=VM code, C=native code)


Current CompileTask:
C2:    709  594       4       com.android.dx.rop.type.Type::hashCode (8 bytes)


---------------  P R O C E S S  ---------------

Java Threads: ( => current thread )
  0x00000000170bf000 JavaThread "pool-1-thread-4" [_thread_blocked, id=28480, stack(0x0000000017f80000,0x0000000018080000)]
  0x00000000170b9800 JavaThread "pool-1-thread-3" [_thread_blocked, id=412, stack(0x0000000017e80000,0x0000000017f80000)]
  0x0000000017002800 JavaThread "pool-1-thread-2" [_thread_in_vm, id=30616, stack(0x0000000017d80000,0x0000000017e80000)]
  0x0000000017007000 JavaThread "pool-2-thread-1" [_thread_blocked, id=31752, stack(0x0000000017c80000,0x0000000017d80000)]
  0x0000000016fe5000 JavaThread "pool-1-thread-1" [_thread_blocked, id=25080, stack(0x0000000017b80000,0x0000000017c80000)]
  0x0000000016e77800 JavaThread "Service Thread" daemon [_thread_blocked, id=20384, stack(0x0000000017980000,0x0000000017a80000)]
  0x0000000016e01000 JavaThread "C1 CompilerThread3" daemon [_thread_in_vm, id=31092, stack(0x0000000017880000,0x0000000017980000)]
=>0x0000000016ddd800 JavaThread "C2 CompilerThread2" daemon [_thread_in_native, id=27128, stack(0x0000000017780000,0x0000000017880000)]
  0x0000000016dda000 JavaThread "C2 CompilerThread1" daemon [_thread_blocked, id=17496, stack(0x0000000017680000,0x0000000017780000)]
  0x0000000016dca000 JavaThread "C2 CompilerThread0" daemon [_thread_in_native, id=1708, stack(0x0000000017580000,0x0000000017680000)]
  0x0000000016dc7000 JavaThread "Attach Listener" daemon [_thread_blocked, id=31020, stack(0x0000000017480000,0x0000000017580000)]
  0x0000000016dc6000 JavaThread "Signal Dispatcher" daemon [_thread_blocked, id=9760, stack(0x0000000017380000,0x0000000017480000)]
  0x000000000238d800 JavaThread "Finalizer" daemon [_thread_blocked, id=24420, stack(0x00000000171a0000,0x00000000172a0000)]
  0x0000000002385000 JavaThread "Reference Handler" daemon [_thread_blocked, id=7900, stack(0x0000000016ca0000,0x0000000016da0000)]
  0x0000000000a0e000 JavaThread "main" [_thread_blocked, id=17900, stack(0x0000000002190000,0x0000000002290000)]

Other Threads:
  0x0000000014ea8800 VMThread [stack: 0x0000000016ba0000,0x0000000016ca0000] [id=8524]
  0x0000000016e79800 WatcherThread [stack: 0x0000000017a80000,0x0000000017b80000] [id=23424]

VM state:not at safepoint (normal execution)

VM Mutex/Monitor currently owned by a thread:  ([mutex/lock_event])
[0x00000000022908d0] MethodData_lock - owner thread: 0x0000000017002800

Heap:
 PSYoungGen      total 38400K, used 13593K [0x00000000eab00000, 0x00000000ed580000, 0x0000000100000000)
  eden space 33280K, 40% used [0x00000000eab00000,0x00000000eb846540,0x00000000ecb80000)
  from space 5120K, 0% used [0x00000000ed080000,0x00000000ed080000,0x00000000ed580000)
  to   space 5120K, 0% used [0x00000000ecb80000,0x00000000ecb80000,0x00000000ed080000)
 ParOldGen       total 87552K, used 0K [0x00000000c0000000, 0x00000000c5580000, 0x00000000eab00000)
  object space 87552K, 0% used [0x00000000c0000000,0x00000000c0000000,0x00000000c5580000)
 Metaspace       used 5577K, capacity 6578K, committed 6784K, reserved 1056768K
  class space    used 593K, capacity 618K, committed 640K, reserved 1048576K

Card table byte_map: [0x0000000011750000,0x0000000011960000] byte_map_base: 0x0000000011150000

Marking Bits: (ParMarkBitMap*) 0x0000000064742f70
 Begin Bits: [0x00000000122c0000, 0x00000000132c0000)
 End Bits:   [0x00000000132c0000, 0x00000000142c0000)

Polling page: 0x0000000000450000

CodeCache: size=245760Kb used=2201Kb max_used=2213Kb free=243558Kb
 bounds [0x0000000002390000, 0x0000000002600000, 0x0000000011390000]
 total_blobs=847 nmethods=578 adapters=182
 compilation: enabled

Compilation events (10 events):
Event: 0.606 Thread 0x0000000016e01000 nmethod 557 0x00000000025b7550 code [0x00000000025b76e0, 0x00000000025b7ae8]
Event: 0.606 Thread 0x0000000016e01000  583       3       com.android.dx.cf.code.ByteOps::opInfo (6 bytes)
Event: 0.606 Thread 0x0000000016ddd800 nmethod 575 0x00000000025b43d0 code [0x00000000025b4520, 0x00000000025b46b8]
Event: 0.606 Thread 0x0000000016e01000 nmethod 583 0x00000000025b4050 code [0x00000000025b41a0, 0x00000000025b42f0]
Event: 0.606 Thread 0x0000000016e01000  582   !   3       com.android.dx.cf.code.BytecodeArray::parseInstruction (2764 bytes)
Event: 0.607 Thread 0x0000000016dda000  586       4       com.android.dx.rop.code.RegisterSpec::getCategory (13 bytes)
Event: 0.608 Thread 0x0000000016dda000 nmethod 586 0x00000000025b3d50 code [0x00000000025b3ea0, 0x00000000025b3f78]
Event: 0.611 Thread 0x0000000016dca000  590       4       com.android.dx.rop.code.BasicBlockList::get (9 bytes)
Event: 0.612 Thread 0x0000000016ddd800  594       4       com.android.dx.rop.type.Type::hashCode (8 bytes)
Event: 0.612 Thread 0x0000000016dca000 nmethod 590 0x00000000025b39d0 code [0x00000000025b3b20, 0x00000000025b3bf8]

GC Heap History (0 events):
No events

Deoptimization events (0 events):
No events

Internal exceptions (2 events):
Event: 0.036 Thread 0x0000000000a0e000 Exception <a 'java/lang/NoSuchMethodError': Method sun.misc.Unsafe.defineClass(Ljava/lang/String;[BII)Ljava/lang/Class; name or signature does not match> (0x00000000eab07cc0) thrown at [C:\re\workspace\8-2-build-windows-amd64-cygwin\jdk8u91\6644\hotspot\sr°(åsr•¢?
Event: 0.036 Thread 0x0000000000a0e000 Exception <a 'java/lang/NoSuchMethodError': Method sun.misc.Unsafe.prefetchRead(Ljava/lang/Object;J)V name or signature does not match> (0x00000000eab07fa8) thrown at [C:\re\workspace\8-2-build-windows-amd64-cygwin\jdk8u91\6644\hotspot\src\share\vm\prims\j

Events (10 events):
Event: 0.545 loading class java/io/PrintWriter
Event: 0.545 loading class java/io/PrintWriter done
Event: 0.545 loading class com/android/dx/dex/file/DebugInfoItem
Event: 0.545 loading class com/android/dx/dex/file/DebugInfoItem done
Event: 0.558 loading class java/util/TreeMap$EntrySet
Event: 0.558 loading class java/util/TreeMap$EntrySet done
Event: 0.558 loading class java/util/TreeMap$EntryIterator
Event: 0.558 loading class java/util/TreeMap$EntryIterator done
Event: 0.591 loading class com/android/dx/ssa/PhiInsn$Operand
Event: 0.591 loading class com/android/dx/ssa/PhiInsn$Operand done


Dynamic libraries:
0x00007ff7d6900000 - 0x00007ff7d6937000 	C:\Program Files\Java\jdk1.8.0_91\bin\java.exe
0x00007fffaaa10000 - 0x00007fffaabd1000 	C:\WINDOWS\SYSTEM32\ntdll.dll
0x00007fffa7f20000 - 0x00007fffa7fcd000 	C:\WINDOWS\system32\KERNEL32.DLL
0x00007fffa70c0000 - 0x00007fffa72a8000 	C:\WINDOWS\system32\KERNELBASE.dll
0x00007fffaa700000 - 0x00007fffaa7a7000 	C:\WINDOWS\system32\ADVAPI32.dll
0x00007fffa8dd0000 - 0x00007fffa8e6d000 	C:\WINDOWS\system32\msvcrt.dll
0x00007fffa85b0000 - 0x00007fffa860b000 	C:\WINDOWS\system32\sechost.dll
0x00007fffa7fd0000 - 0x00007fffa80ec000 	C:\WINDOWS\system32\RPCRT4.dll
0x00007fffa80f0000 - 0x00007fffa8246000 	C:\WINDOWS\system32\USER32.dll
0x00007fffaa450000 - 0x00007fffaa5d6000 	C:\WINDOWS\system32\GDI32.dll
0x00007fffa1920000 - 0x00007fffa1b94000 	C:\WINDOWS\WinSxS\amd64_microsoft.windows.common-controls_6595b64144ccf1df_6.0.10586.0_none_8c15ae12515e1c22\COMCTL32.dll
0x00007fffa8250000 - 0x00007fffa84cd000 	C:\WINDOWS\system32\combase.dll
0x00007fffa7400000 - 0x00007fffa746a000 	C:\WINDOWS\system32\bcryptPrimitives.dll
0x00007fffaa5f0000 - 0x00007fffaa62b000 	C:\WINDOWS\system32\IMM32.DLL
0x0000000065260000 - 0x0000000065332000 	C:\Program Files\Java\jdk1.8.0_91\jre\bin\msvcr100.dll
0x0000000063f30000 - 0x00000000647c3000 	C:\Program Files\Java\jdk1.8.0_91\jre\bin\server\jvm.dll
0x00007fffa8610000 - 0x00007fffa8618000 	C:\WINDOWS\system32\PSAPI.DLL
0x00007fff9e4a0000 - 0x00007fff9e4a9000 	C:\WINDOWS\SYSTEM32\WSOCK32.dll
0x00007fffa2fa0000 - 0x00007fffa2faa000 	C:\WINDOWS\SYSTEM32\VERSION.dll
0x00007fffa55f0000 - 0x00007fffa5613000 	C:\WINDOWS\SYSTEM32\WINMM.dll
0x00007fffa8d60000 - 0x00007fffa8dcb000 	C:\WINDOWS\system32\WS2_32.dll
0x00007fffa55c0000 - 0x00007fffa55ec000 	C:\WINDOWS\SYSTEM32\WINMMBASE.dll
0x00007fffa7bd0000 - 0x00007fffa7c13000 	C:\WINDOWS\system32\cfgmgr32.dll
0x00000000665a0000 - 0x00000000665af000 	C:\Program Files\Java\jdk1.8.0_91\jre\bin\verify.dll
0x0000000065230000 - 0x0000000065259000 	C:\Program Files\Java\jdk1.8.0_91\jre\bin\java.dll
0x0000000065210000 - 0x0000000065226000 	C:\Program Files\Java\jdk1.8.0_91\jre\bin\zip.dll
0x00007fffa8e80000 - 0x00007fffaa3dc000 	C:\WINDOWS\system32\SHELL32.dll
0x00007fffa7520000 - 0x00007fffa7b64000 	C:\WINDOWS\system32\windows.storage.dll
0x00007fffa84d0000 - 0x00007fffa8522000 	C:\WINDOWS\system32\shlwapi.dll
0x00007fffa7080000 - 0x00007fffa708f000 	C:\WINDOWS\system32\kernel.appcore.dll
0x00007fffa7340000 - 0x00007fffa73f5000 	C:\WINDOWS\system32\shcore.dll
0x00007fffa7030000 - 0x00007fffa707b000 	C:\WINDOWS\system32\powrprof.dll
0x00007fffa7090000 - 0x00007fffa70a4000 	C:\WINDOWS\system32\profapi.dll

VM Arguments:
jvm_args: -Djava.awt.headless=true -Xmx1024M -Dfile.encoding=windows-1252 -Duser.country=CA -Duser.language=en -Duser.variant 
java_command: com.android.dx.command.Main --dex --num-threads=4 --output C:\Users\Kevin's Playtime\AndroidStudioProjects\Moments\app\build\intermediates\pre-dexed\debug\com.android.support-cardview-v7-23.4.0_e3294235131e7728b630c291ba9936ea4c3f727d.jar C:\Users\Kevin's Playtime\AndroidStudioProjects\Moments\app\build\intermediates\exploded-aar\com.android.support\cardview-v7\23.4.0\jars\classes.jar
java_class_path (initial): C:\Android\sdk\build-tools\23.0.2\lib\dx.jar
Launcher Type: SUN_STANDARD

Environment Variables:
JAVA_HOME=C:\Program Files\Java\jdk1.7.0_67
PATH=C:\ProgramData\Oracle\Java\javapath;C:\Program Files (x86)\Caminova\Document Express DjVu Plug-in\;c:\Program Files (x86)\Intel\iCLS Client\;c:\Program Files\Intel\iCLS Client\;C:\WINDOWS\system32;C:\WINDOWS;C:\WINDOWS\System32\Wbem;C:\WINDOWS\System32\WindowsPowerShell\v1.0\;C:\Program Files\Intel\Intel(R) Management Engine Components\DAL;C:\Program Files\Intel\Intel(R) Management Engine Components\IPT;C:\Program Files (x86)\Intel\Intel(R) Management Engine Components\DAL;C:\Program Files (x86)\Intel\Intel(R) Management Engine Components\IPT;C:\Program Files (x86)\Windows Live\Shared;C:\Program Files (x86)\Skype\Phone\;C:\Program Files\nodejs\;C:\WINDOWS\system32\config\systemprofile\.dnx\bin;C:\Program Files\Microsoft DNX\Dnvm\;C:\Program Files (x86)\Windows Kits\8.1\Windows Performance Toolkit\;C:\Program Files\Microsoft SQL Server\130\Tools\Binn\;C:\Program Files (x86)\QuickTime\QTSystem\;C:\Program Files\Git\cmd;C:\Users\Kevin's Playtime\AppData\Local\Programs\Python\Python35-32\Scripts\;C:\Users\Kevin's Playtime\AppData\Local\Programs\Python\Python35-32\;c:\users\kevin's playtime\appdata\local\enthought\canopy\user\scripts;C:\Users\Kevin's Playtime\AppData\Local\Enthought\Canopy\User;C:\Users\Kevin's Playtime\AppData\Local\Enthought\Canopy\User\Scripts;C:\Users\Kevin's Playtime\AppData\Roaming\npm
USERNAME=Kevin
OS=Windows_NT
PROCESSOR_IDENTIFIER=Intel64 Family 6 Model 58 Stepping 9, GenuineIntel



---------------  S Y S T E M  ---------------

OS: Windows 10.0 , 64 bit Build 10586 (10.0.10586.0)

CPU:total 8 (4 cores per cpu, 2 threads per core) family 6 model 58 stepping 9, cmov, cx8, fxsr, mmx, sse, sse2, sse3, ssse3, sse4.1, sse4.2, popcnt, avx, aes, clmul, erms, ht, tsc, tscinvbit, tscinv

Memory: 4k page, physical 8318812k(1251872k free), swap 12513116k(308068k free)

vm_info: Java HotSpot(TM) 64-Bit Server VM (25.91-b14) for windows-amd64 JRE (1.8.0_91-b14), built on Apr  1 2016 00:58:32 by "java_re" with MS VC++ 10.0 (VS2010)

time: Wed Jun 15 23:39:26 2016
elapsed time: 0 seconds (0d 0h 0m 0s)

