#
# There is insufficient memory for the Java Runtime Environment to continue.
# Native memory allocation (malloc) failed to allocate 37152 bytes for Chunk::new
# Possible reasons:
#   The system is out of physical RAM or swap space
#   In 32 bit mode, the process size limit was hit
# Possible solutions:
#   Reduce memory load on the system
#   Increase physical memory or swap space
#   Check if swap backing store is full
#   Use 64 bit Java on a 64 bit OS
#   Decrease Java heap size (-Xmx/-Xms)
#   Decrease number of Java threads
#   Decrease Java thread stack sizes (-Xss)
#   Set larger code cache with -XX:ReservedCodeCacheSize=
# This output file may be truncated or incomplete.
#
#  Out of Memory Error (allocation.cpp:390), pid=22820, tid=17276
#
# JRE version: Java(TM) SE Runtime Environment (8.0_91-b14) (build 1.8.0_91-b14)
# Java VM: Java HotSpot(TM) 64-Bit Server VM (25.91-b14 mixed mode windows-amd64 compressed oops)
# Failed to write core dump. Minidumps are not enabled by default on client versions of Windows
#

---------------  T H R E A D  ---------------

Current thread (0x0000000016deb000):  JavaThread "C2 CompilerThread0" daemon [_thread_in_native, id=17276, stack(0x00000000175a0000,0x00000000176a0000)]

Stack: [0x00000000175a0000,0x00000000176a0000]
[error occurred during error reporting (printing stack bounds), id 0xc0000005]

Native frames: (J=compiled Java code, j=interpreted, Vv=VM code, C=native code)


Current CompileTask:
C2:   7635 1912       4       com.android.dx.cf.code.Simulator$SimVisitor::visitConstant (332 bytes)


---------------  P R O C E S S  ---------------

Java Threads: ( => current thread )
  0x00000000171b7000 JavaThread "pool-1-thread-4" [_thread_blocked, id=1704, stack(0x00000000187a0000,0x00000000188a0000)]
  0x0000000017113000 JavaThread "pool-1-thread-3" [_thread_in_vm, id=22996, stack(0x00000000186a0000,0x00000000187a0000)]
  0x0000000017112800 JavaThread "pool-1-thread-2" [_thread_blocked, id=32380, stack(0x00000000185a0000,0x00000000186a0000)]
  0x00000000170a2000 JavaThread "pool-2-thread-1" [_thread_blocked, id=26464, stack(0x00000000184a0000,0x00000000185a0000)]
  0x0000000017163000 JavaThread "pool-1-thread-1" [_thread_blocked, id=29820, stack(0x00000000183a0000,0x00000000184a0000)]
  0x0000000016dff000 JavaThread "Service Thread" daemon [_thread_blocked, id=32076, stack(0x00000000179a0000,0x0000000017aa0000)]
  0x0000000016df9000 JavaThread "C1 CompilerThread3" daemon [_thread_in_vm, id=20292, stack(0x00000000178a0000,0x00000000179a0000)]
  0x0000000016df5800 JavaThread "C2 CompilerThread2" daemon [_thread_in_native, id=10588, stack(0x00000000177a0000,0x00000000178a0000)]
  0x0000000016df0800 JavaThread "C2 CompilerThread1" daemon [_thread_in_native, id=32572, stack(0x00000000176a0000,0x00000000177a0000)]
=>0x0000000016deb000 JavaThread "C2 CompilerThread0" daemon [_thread_in_native, id=17276, stack(0x00000000175a0000,0x00000000176a0000)]
  0x0000000016de8000 JavaThread "Attach Listener" daemon [_thread_blocked, id=23616, stack(0x00000000174a0000,0x00000000175a0000)]
  0x0000000016de7800 JavaThread "Signal Dispatcher" daemon [_thread_blocked, id=21412, stack(0x00000000173a0000,0x00000000174a0000)]
  0x0000000016de0800 JavaThread "Finalizer" daemon [_thread_blocked, id=3640, stack(0x00000000171c0000,0x00000000172c0000)]
  0x00000000023c4000 JavaThread "Reference Handler" daemon [_thread_blocked, id=31876, stack(0x0000000016cc0000,0x0000000016dc0000)]
  0x00000000020ed800 JavaThread "main" [_thread_blocked, id=22772, stack(0x00000000021d0000,0x00000000022d0000)]

Other Threads:
  0x0000000014ee9800 VMThread [stack: 0x0000000016bc0000,0x0000000016cc0000] [id=27676]
  0x0000000016e22000 WatcherThread [stack: 0x0000000017aa0000,0x0000000017ba0000] [id=26700]

VM state:not at safepoint (normal execution)

VM Mutex/Monitor currently owned by a thread: None

Heap:
 PSYoungGen      total 71680K, used 54004K [0x00000000eab00000, 0x00000000ef600000, 0x0000000100000000)
  eden space 66560K, 73% used [0x00000000eab00000,0x00000000edac36f8,0x00000000eec00000)
  from space 5120K, 99% used [0x00000000ef100000,0x00000000ef5f9c98,0x00000000ef600000)
  to   space 5120K, 0% used [0x00000000eec00000,0x00000000eec00000,0x00000000ef100000)
 ParOldGen       total 87552K, used 4843K [0x00000000c0000000, 0x00000000c5580000, 0x00000000eab00000)
  object space 87552K, 5% used [0x00000000c0000000,0x00000000c04bad00,0x00000000c5580000)
 Metaspace       used 6352K, capacity 7154K, committed 7296K, reserved 1056768K
  class space    used 605K, capacity 618K, committed 640K, reserved 1048576K

Card table byte_map: [0x0000000011790000,0x00000000119a0000] byte_map_base: 0x0000000011190000

Marking Bits: (ParMarkBitMap*) 0x0000000065462f70
 Begin Bits: [0x0000000012300000, 0x0000000013300000)
 End Bits:   [0x0000000013300000, 0x0000000014300000)

Polling page: 0x0000000001ff0000

CodeCache: size=245760Kb used=8460Kb max_used=8473Kb free=237300Kb
 bounds [0x00000000023d0000, 0x0000000002c30000, 0x00000000113d0000]
 total_blobs=2185 nmethods=1915 adapters=182
 compilation: enabled

Compilation events (10 events):
Event: 7.585 Thread 0x0000000016df9000 1922       3       com.android.dx.rop.cst.CstFloat::getType (4 bytes)
Event: 7.585 Thread 0x0000000016df9000 nmethod 1922 0x0000000002be7550 code [0x0000000002be76a0, 0x0000000002be77f0]
Event: 7.590 Thread 0x0000000016df0800 1923       4       com.android.dx.ssa.back.FirstFitLocalCombiningAllocator::findNextUnreservedRopReg (68 bytes)
Event: 7.595 Thread 0x0000000016df0800 nmethod 1923 0x0000000002bd7dd0 code [0x0000000002bd7f40, 0x0000000002bd8338]
Event: 7.595 Thread 0x0000000016df9000 1924       3       com.android.dx.cf.attrib.RawAttribute::<init> (17 bytes)
Event: 7.596 Thread 0x0000000016df9000 nmethod 1924 0x0000000002c0e5d0 code [0x0000000002c0e780, 0x0000000002c0ed68]
Event: 7.596 Thread 0x0000000016df9000 1925       3       com.android.dx.cf.attrib.RawAttribute::<init> (30 bytes)
Event: 7.596 Thread 0x0000000016df9000 nmethod 1925 0x0000000002c0de10 code [0x0000000002c0dfa0, 0x0000000002c0e3f8]
Event: 7.605 Thread 0x0000000016df0800 1926       4       com.android.dx.cf.code.Simulator$SimVisitor::visitLocal (329 bytes)
Event: 7.606 Thread 0x0000000016df9000 1927       1       com.android.dx.cf.code.ByteOps::opInfo (6 bytes)

GC Heap History (4 events):
Event: 1.138 GC heap before
{Heap before GC invocations=1 (full 0):
 PSYoungGen      total 38400K, used 33280K [0x00000000eab00000, 0x00000000ed580000, 0x0000000100000000)
  eden space 33280K, 100% used [0x00000000eab00000,0x00000000ecb80000,0x00000000ecb80000)
  from space 5120K, 0% used [0x00000000ed080000,0x00000000ed080000,0x00000000ed580000)
  to   space 5120K, 0% used [0x00000000ecb80000,0x00000000ecb80000,0x00000000ed080000)
 ParOldGen       total 87552K, used 0K [0x00000000c0000000, 0x00000000c5580000, 0x00000000eab00000)
  object space 87552K, 0% used [0x00000000c0000000,0x00000000c0000000,0x00000000c5580000)
 Metaspace       used 5901K, capacity 6834K, committed 7040K, reserved 1056768K
  class space    used 597K, capacity 618K, committed 640K, reserved 1048576K
Event: 1.158 GC heap after
Heap after GC invocations=1 (full 0):
 PSYoungGen      total 38400K, used 5104K [0x00000000eab00000, 0x00000000ef600000, 0x0000000100000000)
  eden space 33280K, 0% used [0x00000000eab00000,0x00000000eab00000,0x00000000ecb80000)
  from space 5120K, 99% used [0x00000000ecb80000,0x00000000ed07c3c0,0x00000000ed080000)
  to   space 5120K, 0% used [0x00000000ef100000,0x00000000ef100000,0x00000000ef600000)
 ParOldGen       total 87552K, used 903K [0x00000000c0000000, 0x00000000c5580000, 0x00000000eab00000)
  object space 87552K, 1% used [0x00000000c0000000,0x00000000c00e1c38,0x00000000c5580000)
 Metaspace       used 5901K, capacity 6834K, committed 7040K, reserved 1056768K
  class space    used 597K, capacity 618K, committed 640K, reserved 1048576K
}
Event: 2.965 GC heap before
{Heap before GC invocations=2 (full 0):
 PSYoungGen      total 38400K, used 38384K [0x00000000eab00000, 0x00000000ef600000, 0x0000000100000000)
  eden space 33280K, 100% used [0x00000000eab00000,0x00000000ecb80000,0x00000000ecb80000)
  from space 5120K, 99% used [0x00000000ecb80000,0x00000000ed07c3c0,0x00000000ed080000)
  to   space 5120K, 0% used [0x00000000ef100000,0x00000000ef100000,0x00000000ef600000)
 ParOldGen       total 87552K, used 903K [0x00000000c0000000, 0x00000000c5580000, 0x00000000eab00000)
  object space 87552K, 1% used [0x00000000c0000000,0x00000000c00e1c38,0x00000000c5580000)
 Metaspace       used 6264K, capacity 7090K, committed 7296K, reserved 1056768K
  class space    used 604K, capacity 618K, committed 640K, reserved 1048576K
Event: 3.638 GC heap after
Heap after GC invocations=2 (full 0):
 PSYoungGen      total 71680K, used 5095K [0x00000000eab00000, 0x00000000ef600000, 0x0000000100000000)
  eden space 66560K, 0% used [0x00000000eab00000,0x00000000eab00000,0x00000000eec00000)
  from space 5120K, 99% used [0x00000000ef100000,0x00000000ef5f9c98,0x00000000ef600000)
  to   space 5120K, 0% used [0x00000000eec00000,0x00000000eec00000,0x00000000ef100000)
 ParOldGen       total 87552K, used 4843K [0x00000000c0000000, 0x00000000c5580000, 0x00000000eab00000)
  object space 87552K, 5% used [0x00000000c0000000,0x00000000c04bad00,0x00000000c5580000)
 Metaspace       used 6264K, capacity 7090K, committed 7296K, reserved 1056768K
  class space    used 604K, capacity 618K, committed 640K, reserved 1048576K
}

Deoptimization events (10 events):
Event: 4.225 Thread 0x0000000017113000 Uncommon trap: reason=unloaded action=reinterpret pc=0x000000000298687c method=com.android.dx.ssa.LiteralOpUpgrader$1.visitNonMoveInsn(Lcom/android/dx/ssa/NormalSsaInsn;)V @ 72
Event: 4.226 Thread 0x0000000017113000 Uncommon trap: reason=unstable_if action=reinterpret pc=0x00000000027cc61c method=com.android.dx.ssa.SsaMethod.updateOneDefinition(Lcom/android/dx/ssa/SsaInsn;Lcom/android/dx/rop/code/RegisterSpec;)V @ 4
Event: 4.256 Thread 0x0000000017113000 Uncommon trap: reason=bimorphic action=maybe_recompile pc=0x00000000028af6b4 method=com.android.dx.ssa.SCCP.setLatticeValueTo(IILcom/android/dx/rop/cst/Constant;)Z @ 43
Event: 4.256 Thread 0x0000000017113000 Uncommon trap: reason=bimorphic action=maybe_recompile pc=0x00000000028af6b4 method=com.android.dx.ssa.SCCP.setLatticeValueTo(IILcom/android/dx/rop/cst/Constant;)Z @ 43
Event: 4.256 Thread 0x0000000017113000 Uncommon trap: reason=bimorphic action=maybe_recompile pc=0x00000000028af6b4 method=com.android.dx.ssa.SCCP.setLatticeValueTo(IILcom/android/dx/rop/cst/Constant;)Z @ 43
Event: 4.256 Thread 0x0000000017113000 Uncommon trap: reason=bimorphic action=maybe_recompile pc=0x00000000028af6b4 method=com.android.dx.ssa.SCCP.setLatticeValueTo(IILcom/android/dx/rop/cst/Constant;)Z @ 43
Event: 7.571 Thread 0x00000000171b7000 Uncommon trap: reason=bimorphic action=maybe_recompile pc=0x000000000292d2b0 method=com.android.dx.cf.code.BytecodeArray.parseInstruction(ILcom/android/dx/cf/code/BytecodeArray$Visitor;)I @ 1357
Event: 7.571 Thread 0x00000000171b7000 Uncommon trap: reason=bimorphic action=maybe_recompile pc=0x000000000292d2b0 method=com.android.dx.cf.code.BytecodeArray.parseInstruction(ILcom/android/dx/cf/code/BytecodeArray$Visitor;)I @ 1357
Event: 7.571 Thread 0x00000000171b7000 Uncommon trap: reason=bimorphic action=maybe_recompile pc=0x000000000292d2b0 method=com.android.dx.cf.code.BytecodeArray.parseInstruction(ILcom/android/dx/cf/code/BytecodeArray$Visitor;)I @ 1357
Event: 7.571 Thread 0x00000000171b7000 Uncommon trap: reason=bimorphic action=maybe_recompile pc=0x000000000292d2b0 method=com.android.dx.cf.code.BytecodeArray.parseInstruction(ILcom/android/dx/cf/code/BytecodeArray$Visitor;)I @ 1357

Internal exceptions (2 events):
Event: 0.120 Thread 0x00000000020ed800 Exception <a 'java/lang/NoSuchMethodError': Method sun.misc.Unsafe.defineClass(Ljava/lang/String;[BII)Ljava/lang/Class; name or signature does not match> (0x00000000eab07cc0) thrown at [C:\re\workspace\8-2-build-windows-amd64-cygwin\jdk8u91\6644\hotspot\sr‘j1Ô\¼¾?
Event: 0.120 Thread 0x00000000020ed800 Exception <a 'java/lang/NoSuchMethodError': Method sun.misc.Unsafe.prefetchRead(Ljava/lang/Object;J)V name or signature does not match> (0x00000000eab07fa8) thrown at [C:\re\workspace\8-2-build-windows-amd64-cygwin\jdk8u91\6644\hotspot\src\share\vm\prims\j

Events (10 events):
Event: 7.571 Thread 0x00000000171b7000 DEOPT UNPACKING pc=0x000000000241582a sp=0x000000001889e9b0 mode 2
Event: 7.571 Thread 0x00000000171b7000 Uncommon trap: trap_request=0xffffffc6 fr.pc=0x000000000292d2b0
Event: 7.571 Thread 0x00000000171b7000 DEOPT PACKING pc=0x000000000292d2b0 sp=0x000000001889ea30
Event: 7.571 Thread 0x00000000171b7000 DEOPT UNPACKING pc=0x000000000241582a sp=0x000000001889e9b0 mode 2
Event: 7.571 Thread 0x00000000171b7000 Uncommon trap: trap_request=0xffffffc6 fr.pc=0x000000000292d2b0
Event: 7.571 Thread 0x00000000171b7000 DEOPT PACKING pc=0x000000000292d2b0 sp=0x000000001889eb00
Event: 7.571 Thread 0x00000000171b7000 DEOPT UNPACKING pc=0x000000000241582a sp=0x000000001889ea80 mode 2
Event: 7.571 Thread 0x00000000171b7000 Uncommon trap: trap_request=0xffffffc6 fr.pc=0x000000000292d2b0
Event: 7.571 Thread 0x00000000171b7000 DEOPT PACKING pc=0x000000000292d2b0 sp=0x000000001889eb00
Event: 7.571 Thread 0x00000000171b7000 DEOPT UNPACKING pc=0x000000000241582a sp=0x000000001889ea80 mode 2


Dynamic libraries:
0x00007ff7d6900000 - 0x00007ff7d6937000 	C:\Program Files\Java\jdk1.8.0_91\bin\java.exe
0x00007fffaaa10000 - 0x00007fffaabd1000 	C:\WINDOWS\SYSTEM32\ntdll.dll
0x00007fffa7f20000 - 0x00007fffa7fcd000 	C:\WINDOWS\system32\KERNEL32.DLL
0x00007fffa70c0000 - 0x00007fffa72a8000 	C:\WINDOWS\system32\KERNELBASE.dll
0x00007fffaa700000 - 0x00007fffaa7a7000 	C:\WINDOWS\system32\ADVAPI32.dll
0x00007fffa8dd0000 - 0x00007fffa8e6d000 	C:\WINDOWS\system32\msvcrt.dll
0x00007fffa85b0000 - 0x00007fffa860b000 	C:\WINDOWS\system32\sechost.dll
0x00007fffa7fd0000 - 0x00007fffa80ec000 	C:\WINDOWS\system32\RPCRT4.dll
0x00007fffa80f0000 - 0x00007fffa8246000 	C:\WINDOWS\system32\USER32.dll
0x00007fffaa450000 - 0x00007fffaa5d6000 	C:\WINDOWS\system32\GDI32.dll
0x00007fffa1920000 - 0x00007fffa1b94000 	C:\WINDOWS\WinSxS\amd64_microsoft.windows.common-controls_6595b64144ccf1df_6.0.10586.0_none_8c15ae12515e1c22\COMCTL32.dll
0x00007fffa8250000 - 0x00007fffa84cd000 	C:\WINDOWS\system32\combase.dll
0x00007fffa7400000 - 0x00007fffa746a000 	C:\WINDOWS\system32\bcryptPrimitives.dll
0x00007fffaa5f0000 - 0x00007fffaa62b000 	C:\WINDOWS\system32\IMM32.DLL
0x00000000654f0000 - 0x00000000655c2000 	C:\Program Files\Java\jdk1.8.0_91\jre\bin\msvcr100.dll
0x0000000064c50000 - 0x00000000654e3000 	C:\Program Files\Java\jdk1.8.0_91\jre\bin\server\jvm.dll
0x00007fffa8610000 - 0x00007fffa8618000 	C:\WINDOWS\system32\PSAPI.DLL
0x00007fff9e4a0000 - 0x00007fff9e4a9000 	C:\WINDOWS\SYSTEM32\WSOCK32.dll
0x00007fffa55f0000 - 0x00007fffa5613000 	C:\WINDOWS\SYSTEM32\WINMM.dll
0x00007fffa8d60000 - 0x00007fffa8dcb000 	C:\WINDOWS\system32\WS2_32.dll
0x00007fffa2fa0000 - 0x00007fffa2faa000 	C:\WINDOWS\SYSTEM32\VERSION.dll
0x0000000000790000 - 0x00000000007bc000 	C:\WINDOWS\SYSTEM32\WINMMBASE.dll
0x00007fffa7bd0000 - 0x00007fffa7c13000 	C:\WINDOWS\system32\cfgmgr32.dll
0x00000000665a0000 - 0x00000000665af000 	C:\Program Files\Java\jdk1.8.0_91\jre\bin\verify.dll
0x0000000064c20000 - 0x0000000064c49000 	C:\Program Files\Java\jdk1.8.0_91\jre\bin\java.dll
0x0000000064c00000 - 0x0000000064c16000 	C:\Program Files\Java\jdk1.8.0_91\jre\bin\zip.dll
0x00007fffa8e80000 - 0x00007fffaa3dc000 	C:\WINDOWS\system32\SHELL32.dll
0x00007fffa7520000 - 0x00007fffa7b64000 	C:\WINDOWS\system32\windows.storage.dll
0x00007fffa84d0000 - 0x00007fffa8522000 	C:\WINDOWS\system32\shlwapi.dll
0x00007fffa7080000 - 0x00007fffa708f000 	C:\WINDOWS\system32\kernel.appcore.dll
0x00007fffa7340000 - 0x00007fffa73f5000 	C:\WINDOWS\system32\shcore.dll
0x00007fffa7030000 - 0x00007fffa707b000 	C:\WINDOWS\system32\powrprof.dll
0x00007fffa7090000 - 0x00007fffa70a4000 	C:\WINDOWS\system32\profapi.dll

VM Arguments:
jvm_args: -Djava.awt.headless=true -Xmx1024M -Dfile.encoding=windows-1252 -Duser.country=CA -Duser.language=en -Duser.variant 
java_command: com.android.dx.command.Main --dex --num-threads=4 --output C:\Users\Kevin's Playtime\AndroidStudioProjects\Moments\app\build\intermediates\pre-dexed\debug\internal_impl-23.4.0_f56d2e59f2677005ffea5db503a5fc7ef76fdc0e.jar C:\Users\Kevin's Playtime\AndroidStudioProjects\Moments\app\build\intermediates\exploded-aar\com.android.support\support-v4\23.4.0\jars\libs\internal_impl-23.4.0.jar
java_class_path (initial): C:\Android\sdk\build-tools\23.0.2\lib\dx.jar
Launcher Type: SUN_STANDARD

Environment Variables:
JAVA_HOME=C:\Program Files\Java\jdk1.7.0_67
PATH=C:\ProgramData\Oracle\Java\javapath;C:\Program Files (x86)\Caminova\Document Express DjVu Plug-in\;c:\Program Files (x86)\Intel\iCLS Client\;c:\Program Files\Intel\iCLS Client\;C:\WINDOWS\system32;C:\WINDOWS;C:\WINDOWS\System32\Wbem;C:\WINDOWS\System32\WindowsPowerShell\v1.0\;C:\Program Files\Intel\Intel(R) Management Engine Components\DAL;C:\Program Files\Intel\Intel(R) Management Engine Components\IPT;C:\Program Files (x86)\Intel\Intel(R) Management Engine Components\DAL;C:\Program Files (x86)\Intel\Intel(R) Management Engine Components\IPT;C:\Program Files (x86)\Windows Live\Shared;C:\Program Files (x86)\Skype\Phone\;C:\Program Files\nodejs\;C:\WINDOWS\system32\config\systemprofile\.dnx\bin;C:\Program Files\Microsoft DNX\Dnvm\;C:\Program Files (x86)\Windows Kits\8.1\Windows Performance Toolkit\;C:\Program Files\Microsoft SQL Server\130\Tools\Binn\;C:\Program Files (x86)\QuickTime\QTSystem\;C:\Program Files\Git\cmd;C:\Users\Kevin's Playtime\AppData\Local\Programs\Python\Python35-32\Scripts\;C:\Users\Kevin's Playtime\AppData\Local\Programs\Python\Python35-32\;c:\users\kevin's playtime\appdata\local\enthought\canopy\user\scripts;C:\Users\Kevin's Playtime\AppData\Local\Enthought\Canopy\User;C:\Users\Kevin's Playtime\AppData\Local\Enthought\Canopy\User\Scripts;C:\Users\Kevin's Playtime\AppData\Roaming\npm
USERNAME=Kevin
OS=Windows_NT
PROCESSOR_IDENTIFIER=Intel64 Family 6 Model 58 Stepping 9, GenuineIntel



---------------  S Y S T E M  ---------------

OS: Windows 10.0 , 64 bit Build 10586 (10.0.10586.0)

CPU:total 8 (4 cores per cpu, 2 threads per core) family 6 model 58 stepping 9, cmov, cx8, fxsr, mmx, sse, sse2, sse3, ssse3, sse4.1, sse4.2, popcnt, avx, aes, clmul, erms, ht, tsc, tscinvbit, tscinv

Memory: 4k page, physical 8318812k(408436k free), swap 12513116k(5388k free)

vm_info: Java HotSpot(TM) 64-Bit Server VM (25.91-b14) for windows-amd64 JRE (1.8.0_91-b14), built on Apr  1 2016 00:58:32 by "java_re" with MS VC++ 10.0 (VS2010)

time: Wed Jun 15 20:55:20 2016
elapsed time: 7 seconds (0d 0h 0m 7s)

