#
# There is insufficient memory for the Java Runtime Environment to continue.
# Native memory allocation (malloc) failed to allocate 32744 bytes for ChunkPool::allocate
# Possible reasons:
#   The system is out of physical RAM or swap space
#   In 32 bit mode, the process size limit was hit
# Possible solutions:
#   Reduce memory load on the system
#   Increase physical memory or swap space
#   Check if swap backing store is full
#   Use 64 bit Java on a 64 bit OS
#   Decrease Java heap size (-Xmx/-Xms)
#   Decrease number of Java threads
#   Decrease Java thread stack sizes (-Xss)
#   Set larger code cache with -XX:ReservedCodeCacheSize=
# This output file may be truncated or incomplete.
#
#  Out of Memory Error (allocation.cpp:273), pid=7416, tid=13352
#
# JRE version: Java(TM) SE Runtime Environment (8.0_91-b14) (build 1.8.0_91-b14)
# Java VM: Java HotSpot(TM) 64-Bit Server VM (25.91-b14 mixed mode windows-amd64 compressed oops)
# Failed to write core dump. Minidumps are not enabled by default on client versions of Windows
#

---------------  T H R E A D  ---------------

Current thread (0x0000000017bdc000):  JavaThread "C1 CompilerThread3" daemon [_thread_in_native, id=13352, stack(0x0000000018690000,0x0000000018790000)]

Stack: [0x0000000018690000,0x0000000018790000]
[error occurred during error reporting (printing stack bounds), id 0xc0000005]

Native frames: (J=compiled Java code, j=interpreted, Vv=VM code, C=native code)


Current CompileTask:
C1:    686  628   !   3       com.android.dx.cf.code.RopperMachine::run (1550 bytes)


---------------  P R O C E S S  ---------------

Java Threads: ( => current thread )
  0x0000000017dcc000 JavaThread "pool-1-thread-4" [_thread_in_Java, id=13564, stack(0x0000000018d90000,0x0000000018e90000)]
  0x0000000017dc2800 JavaThread "pool-1-thread-3" [_thread_in_Java, id=13752, stack(0x0000000018c90000,0x0000000018d90000)]
  0x0000000017dbc800 JavaThread "pool-1-thread-2" [_thread_in_Java, id=9268, stack(0x0000000018b90000,0x0000000018c90000)]
  0x0000000017dbb800 JavaThread "pool-2-thread-1" [_thread_blocked, id=5860, stack(0x0000000018a90000,0x0000000018b90000)]
  0x0000000017dbf800 JavaThread "pool-1-thread-1" [_thread_in_Java, id=5796, stack(0x0000000018990000,0x0000000018a90000)]
  0x0000000017c70000 JavaThread "Service Thread" daemon [_thread_blocked, id=1004, stack(0x0000000018790000,0x0000000018890000)]
=>0x0000000017bdc000 JavaThread "C1 CompilerThread3" daemon [_thread_in_native, id=13352, stack(0x0000000018690000,0x0000000018790000)]
  0x0000000017bd2000 JavaThread "C2 CompilerThread2" daemon [_thread_in_native, id=4216, stack(0x0000000018590000,0x0000000018690000)]
  0x0000000017bcc800 JavaThread "C2 CompilerThread1" daemon [_thread_in_vm_trans, id=13740, stack(0x0000000018490000,0x0000000018590000)]
  0x0000000017bca800 JavaThread "C2 CompilerThread0" daemon [_thread_in_native, id=14168, stack(0x0000000018390000,0x0000000018490000)]
  0x0000000017bc8000 JavaThread "Attach Listener" daemon [_thread_blocked, id=9052, stack(0x0000000018290000,0x0000000018390000)]
  0x0000000015cde000 JavaThread "Signal Dispatcher" daemon [_thread_blocked, id=6244, stack(0x0000000018190000,0x0000000018290000)]
  0x00000000031a9000 JavaThread "Finalizer" daemon [_thread_blocked, id=7452, stack(0x0000000017fa0000,0x00000000180a0000)]
  0x0000000015ccd800 JavaThread "Reference Handler" daemon [_thread_blocked, id=4532, stack(0x0000000017aa0000,0x0000000017ba0000)]
  0x0000000002f6d800 JavaThread "main" [_thread_in_Java, id=10532, stack(0x0000000002fb0000,0x00000000030b0000)]

Other Threads:
  0x0000000015cc9000 VMThread [stack: 0x00000000179a0000,0x0000000017aa0000] [id=11888]
  0x0000000017c8a000 WatcherThread [stack: 0x0000000018890000,0x0000000018990000] [id=2840]

VM state:not at safepoint (normal execution)

VM Mutex/Monitor currently owned by a thread: None

Heap:
 PSYoungGen      total 38400K, used 14667K [0x00000000eab00000, 0x00000000ed580000, 0x0000000100000000)
  eden space 33280K, 44% used [0x00000000eab00000,0x00000000eb952c70,0x00000000ecb80000)
  from space 5120K, 0% used [0x00000000ed080000,0x00000000ed080000,0x00000000ed580000)
  to   space 5120K, 0% used [0x00000000ecb80000,0x00000000ecb80000,0x00000000ed080000)
 ParOldGen       total 87552K, used 0K [0x00000000c0000000, 0x00000000c5580000, 0x00000000eab00000)
  object space 87552K, 0% used [0x00000000c0000000,0x00000000c0000000,0x00000000c5580000)
 Metaspace       used 5722K, capacity 6704K, committed 6784K, reserved 1056768K
  class space    used 599K, capacity 616K, committed 640K, reserved 1048576K

Card table byte_map: [0x0000000012570000,0x0000000012780000] byte_map_base: 0x0000000011f70000

Marking Bits: (ParMarkBitMap*) 0x000000005ff62f70
 Begin Bits: [0x00000000130e0000, 0x00000000140e0000)
 End Bits:   [0x00000000140e0000, 0x00000000150e0000)

Polling page: 0x00000000016e0000

CodeCache: size=245760Kb used=2526Kb max_used=2539Kb free=243233Kb
 bounds [0x00000000031b0000, 0x0000000003430000, 0x00000000121b0000]
 total_blobs=878 nmethods=609 adapters=182
 compilation: enabled

Compilation events (10 events):
Event: 0.675 Thread 0x0000000017bdc000  628   !   3       com.android.dx.cf.code.RopperMachine::run (1550 bytes)
Event: 0.676 Thread 0x0000000017bca800  634       4       java.util.HashMap::getNode (148 bytes)
Event: 0.676 Thread 0x0000000017bd2000 nmethod 630 0x000000000341f910 code [0x000000000341fa80, 0x000000000341ff58]
Event: 0.676 Thread 0x0000000017bd2000  635       4       com.android.dx.ssa.SsaBasicBlock::forEachInsn (37 bytes)
Event: 0.679 Thread 0x0000000017bcc800 nmethod 623 0x0000000003428d10 code [0x0000000003428ea0, 0x0000000003429818]
Event: 0.679 Thread 0x0000000017bcc800  636       4       java.util.HashSet::contains (9 bytes)
Event: 0.680 Thread 0x0000000017bcc800 nmethod 636 0x0000000003428a10 code [0x0000000003428b60, 0x0000000003428c28]
Event: 0.680 Thread 0x0000000017bcc800  637       4       java.util.AbstractList::<init> (10 bytes)
Event: 0.680 Thread 0x0000000017bcc800 nmethod 637 0x0000000003413b10 code [0x0000000003413c40, 0x0000000003413c98]
Event: 0.681 Thread 0x0000000017bcc800  638   !   4       com.android.dx.rop.code.RegisterSpec::intern (70 bytes)

GC Heap History (0 events):
No events

Deoptimization events (5 events):
Event: 0.636 Thread 0x0000000017dc2800 Uncommon trap: reason=unstable_if action=reinterpret pc=0x00000000033c1a94 method=java.util.HashMap.getNode(ILjava/lang/Object;)Ljava/util/HashMap$Node; @ 129
Event: 0.656 Thread 0x0000000017dc2800 Uncommon trap: reason=class_check action=maybe_recompile pc=0x00000000033c2930 method=com.android.dx.ssa.NormalSsaInsn.accept(Lcom/android/dx/ssa/SsaInsn$Visitor;)V @ 9
Event: 0.656 Thread 0x0000000017dc2800 Uncommon trap: reason=class_check action=maybe_recompile pc=0x00000000033c2930 method=com.android.dx.ssa.NormalSsaInsn.accept(Lcom/android/dx/ssa/SsaInsn$Visitor;)V @ 9
Event: 0.656 Thread 0x0000000017dc2800 Uncommon trap: reason=class_check action=maybe_recompile pc=0x00000000033c2930 method=com.android.dx.ssa.NormalSsaInsn.accept(Lcom/android/dx/ssa/SsaInsn$Visitor;)V @ 9
Event: 0.657 Thread 0x0000000017dc2800 Uncommon trap: reason=class_check action=maybe_recompile pc=0x00000000033c2930 method=com.android.dx.ssa.NormalSsaInsn.accept(Lcom/android/dx/ssa/SsaInsn$Visitor;)V @ 9

Internal exceptions (2 events):
Event: 0.041 Thread 0x0000000002f6d800 Exception <a 'java/lang/NoSuchMethodError': Method sun.misc.Unsafe.defineClass(Ljava/lang/String;[BII)Ljava/lang/Class; name or signature does not match> (0x00000000eab07cc0) thrown at [C:\re\workspace\8-2-build-windows-amd64-cygwin\jdk8u91\6644\hotspot\srèš&mÖ9¥?
Event: 0.041 Thread 0x0000000002f6d800 Exception <a 'java/lang/NoSuchMethodError': Method sun.misc.Unsafe.prefetchRead(Ljava/lang/Object;J)V name or signature does not match> (0x00000000eab07fa8) thrown at [C:\re\workspace\8-2-build-windows-amd64-cygwin\jdk8u91\6644\hotspot\src\share\vm\prims\j

Events (10 events):
Event: 0.664 loading class java/util/ArrayList$1
Event: 0.664 loading class java/util/ArrayList$1 done
Event: 0.665 Thread 0x0000000017dbc800 DEOPT PACKING pc=0x00000000033e97ed sp=0x0000000018c8e080
Event: 0.665 Thread 0x0000000017dbc800 DEOPT UNPACKING pc=0x00000000031f787f sp=0x0000000018c8ddb0 mode 0
Event: 0.667 Thread 0x0000000017dbc800 DEOPT PACKING pc=0x00000000033e97ed sp=0x0000000018c8e070
Event: 0.667 Thread 0x0000000017dbc800 DEOPT UNPACKING pc=0x00000000031f787f sp=0x0000000018c8dda0 mode 0
Event: 0.668 Thread 0x0000000017dbc800 DEOPT PACKING pc=0x00000000033e97ed sp=0x0000000018c8e070
Event: 0.668 Thread 0x0000000017dbc800 DEOPT UNPACKING pc=0x00000000031f787f sp=0x0000000018c8dda0 mode 0
Event: 0.671 Thread 0x0000000017dbc800 DEOPT PACKING pc=0x00000000033e97ed sp=0x0000000018c8e070
Event: 0.671 Thread 0x0000000017dbc800 DEOPT UNPACKING pc=0x00000000031f787f sp=0x0000000018c8dda0 mode 0


Dynamic libraries:
0x00007ff679830000 - 0x00007ff679867000 	C:\Program Files\Java\jdk1.8.0_91\bin\java.exe
0x00007ffd2adf0000 - 0x00007ffd2afb1000 	C:\WINDOWS\SYSTEM32\ntdll.dll
0x00007ffd2a380000 - 0x00007ffd2a42d000 	C:\WINDOWS\system32\KERNEL32.DLL
0x00007ffd27ec0000 - 0x00007ffd280a8000 	C:\WINDOWS\system32\KERNELBASE.dll
0x00007ffd25c00000 - 0x00007ffd25c79000 	C:\WINDOWS\system32\apphelp.dll
0x00007ffd2aca0000 - 0x00007ffd2ad47000 	C:\WINDOWS\system32\ADVAPI32.dll
0x00007ffd2ad50000 - 0x00007ffd2aded000 	C:\WINDOWS\system32\msvcrt.dll
0x00007ffd282c0000 - 0x00007ffd2831b000 	C:\WINDOWS\system32\sechost.dll
0x00007ffd2a440000 - 0x00007ffd2a55c000 	C:\WINDOWS\system32\RPCRT4.dll
0x00007ffd29c30000 - 0x00007ffd29d86000 	C:\WINDOWS\system32\USER32.dll
0x00007ffd2a040000 - 0x00007ffd2a1c6000 	C:\WINDOWS\system32\GDI32.dll
0x00007ffd22b50000 - 0x00007ffd22dc4000 	C:\WINDOWS\WinSxS\amd64_microsoft.windows.common-controls_6595b64144ccf1df_6.0.10586.0_none_8c15ae12515e1c22\COMCTL32.dll
0x00007ffd2aa10000 - 0x00007ffd2ac8d000 	C:\WINDOWS\system32\combase.dll
0x00007ffd27500000 - 0x00007ffd2756a000 	C:\WINDOWS\system32\bcryptPrimitives.dll
0x00007ffd29d90000 - 0x00007ffd29dcb000 	C:\WINDOWS\system32\IMM32.DLL
0x000000005fff0000 - 0x00000000600c2000 	C:\Program Files\Java\jdk1.8.0_91\jre\bin\msvcr100.dll
0x000000005f750000 - 0x000000005ffe3000 	C:\Program Files\Java\jdk1.8.0_91\jre\bin\server\jvm.dll
0x00007ffd2ac90000 - 0x00007ffd2ac98000 	C:\WINDOWS\system32\PSAPI.DLL
0x00007ffd25710000 - 0x00007ffd25733000 	C:\WINDOWS\SYSTEM32\WINMM.dll
0x00007ffd200d0000 - 0x00007ffd200d9000 	C:\WINDOWS\SYSTEM32\WSOCK32.dll
0x00007ffd22dd0000 - 0x00007ffd22dda000 	C:\WINDOWS\SYSTEM32\VERSION.dll
0x00007ffd29bc0000 - 0x00007ffd29c2b000 	C:\WINDOWS\system32\WS2_32.dll
0x0000000002f80000 - 0x0000000002fac000 	C:\WINDOWS\SYSTEM32\WINMMBASE.dll
0x00007ffd27650000 - 0x00007ffd27693000 	C:\WINDOWS\system32\cfgmgr32.dll
0x000000005f740000 - 0x000000005f74f000 	C:\Program Files\Java\jdk1.8.0_91\jre\bin\verify.dll
0x000000005f710000 - 0x000000005f739000 	C:\Program Files\Java\jdk1.8.0_91\jre\bin\java.dll
0x000000005f6f0000 - 0x000000005f706000 	C:\Program Files\Java\jdk1.8.0_91\jre\bin\zip.dll
0x00007ffd28600000 - 0x00007ffd29b5c000 	C:\WINDOWS\system32\SHELL32.dll
0x00007ffd276a0000 - 0x00007ffd27ce4000 	C:\WINDOWS\system32\windows.storage.dll
0x00007ffd281f0000 - 0x00007ffd28242000 	C:\WINDOWS\system32\shlwapi.dll
0x00007ffd27460000 - 0x00007ffd2746f000 	C:\WINDOWS\system32\kernel.appcore.dll
0x00007ffd27570000 - 0x00007ffd27625000 	C:\WINDOWS\system32\shcore.dll
0x00007ffd27410000 - 0x00007ffd2745b000 	C:\WINDOWS\system32\powrprof.dll
0x00007ffd27480000 - 0x00007ffd27494000 	C:\WINDOWS\system32\profapi.dll

VM Arguments:
jvm_args: -Djava.awt.headless=true -Xmx1024M -Dfile.encoding=windows-1252 -Duser.country=CA -Duser.language=en -Duser.variant 
java_command: com.android.dx.command.Main --dex --num-threads=4 --output C:\Users\Kevin's Playtime\Desktop\Moments\app\build\intermediates\pre-dexed\debug\com.android.support-support-vector-drawable-23.4.0_afe3d07cf3508f97f0f3b7aec1c574ed36e717ca.jar C:\Users\Kevin's Playtime\Desktop\Moments\app\build\intermediates\exploded-aar\com.android.support\support-vector-drawable\23.4.0\jars\classes.jar
java_class_path (initial): C:\Android\sdk\build-tools\23.0.2\lib\dx.jar
Launcher Type: SUN_STANDARD

Environment Variables:
JAVA_HOME=C:\Program Files\Java\jdk1.7.0_67
PATH=C:\ProgramData\Oracle\Java\javapath;C:\Program Files (x86)\Caminova\Document Express DjVu Plug-in\;c:\Program Files (x86)\Intel\iCLS Client\;c:\Program Files\Intel\iCLS Client\;C:\WINDOWS\system32;C:\WINDOWS;C:\WINDOWS\System32\Wbem;C:\WINDOWS\System32\WindowsPowerShell\v1.0\;C:\Program Files\Intel\Intel(R) Management Engine Components\DAL;C:\Program Files\Intel\Intel(R) Management Engine Components\IPT;C:\Program Files (x86)\Intel\Intel(R) Management Engine Components\DAL;C:\Program Files (x86)\Intel\Intel(R) Management Engine Components\IPT;C:\Program Files (x86)\Windows Live\Shared;C:\Program Files (x86)\Skype\Phone\;C:\Program Files\nodejs\;C:\Users\Kevin's Playtime\.dnx\bin;C:\Program Files\Microsoft DNX\Dnvm\;C:\Program Files (x86)\Windows Kits\8.1\Windows Performance Toolkit\;C:\Program Files\Microsoft SQL Server\130\Tools\Binn\;C:\Program Files (x86)\QuickTime\QTSystem\;C:\Program Files\Git\cmd;C:\Users\Kevin's Playtime\AppData\Local\Programs\Python\Python35-32\Scripts\;C:\Users\Kevin's Playtime\AppData\Local\Programs\Python\Python35-32\;c:\users\kevin's playtime\appdata\local\enthought\canopy\user\scripts;C:\Users\Kevin's Playtime\AppData\Local\Enthought\Canopy\User;C:\Users\Kevin's Playtime\AppData\Local\Enthought\Canopy\User\Scripts;C:\Users\Kevin's Playtime\AppData\Roaming\npm
USERNAME=Kevin
OS=Windows_NT
PROCESSOR_IDENTIFIER=Intel64 Family 6 Model 58 Stepping 9, GenuineIntel



---------------  S Y S T E M  ---------------

OS: Windows 10.0 , 64 bit Build 10586 (10.0.10586.0)

CPU:total 8 (4 cores per cpu, 2 threads per core) family 6 model 58 stepping 9, cmov, cx8, fxsr, mmx, sse, sse2, sse3, ssse3, sse4.1, sse4.2, popcnt, avx, aes, clmul, erms, ht, tsc, tscinvbit, tscinv

Memory: 4k page, physical 8318812k(727868k free), swap 12513116k(3396k free)

vm_info: Java HotSpot(TM) 64-Bit Server VM (25.91-b14) for windows-amd64 JRE (1.8.0_91-b14), built on Apr  1 2016 00:58:32 by "java_re" with MS VC++ 10.0 (VS2010)

time: Wed Jun 29 20:19:56 2016
elapsed time: 0 seconds (0d 0h 0m 0s)

