#
# There is insufficient memory for the Java Runtime Environment to continue.
# Native memory allocation (malloc) failed to allocate 32744 bytes for ChunkPool::allocate
# Possible reasons:
#   The system is out of physical RAM or swap space
#   In 32 bit mode, the process size limit was hit
# Possible solutions:
#   Reduce memory load on the system
#   Increase physical memory or swap space
#   Check if swap backing store is full
#   Use 64 bit Java on a 64 bit OS
#   Decrease Java heap size (-Xmx/-Xms)
#   Decrease number of Java threads
#   Decrease Java thread stack sizes (-Xss)
#   Set larger code cache with -XX:ReservedCodeCacheSize=
# This output file may be truncated or incomplete.
#
#  Out of Memory Error (allocation.cpp:273), pid=10276, tid=8708
#
# JRE version: Java(TM) SE Runtime Environment (8.0_91-b14) (build 1.8.0_91-b14)
# Java VM: Java HotSpot(TM) 64-Bit Server VM (25.91-b14 mixed mode windows-amd64 compressed oops)
# Failed to write core dump. Minidumps are not enabled by default on client versions of Windows
#

---------------  T H R E A D  ---------------

Current thread (0x0000000017a5b000):  JavaThread "C1 CompilerThread3" daemon [_thread_in_native, id=8708, stack(0x0000000018500000,0x0000000018600000)]

Stack: [0x0000000018500000,0x0000000018600000]
[error occurred during error reporting (printing stack bounds), id 0xc0000005]

Native frames: (J=compiled Java code, j=interpreted, Vv=VM code, C=native code)


Current CompileTask:
C1:    350  478   !   3       com.android.dx.cf.code.BytecodeArray::parseInstruction (2764 bytes)


---------------  P R O C E S S  ---------------

Java Threads: ( => current thread )
  0x0000000017cab000 JavaThread "pool-1-thread-4" [_thread_in_Java, id=2068, stack(0x0000000018c00000,0x0000000018d00000)]
  0x0000000017ca0000 JavaThread "pool-1-thread-3" [_thread_blocked, id=8272, stack(0x0000000018b00000,0x0000000018c00000)]
  0x0000000017c96000 JavaThread "pool-1-thread-2" [_thread_in_Java, id=1104, stack(0x0000000018a00000,0x0000000018b00000)]
  0x0000000017c93800 JavaThread "pool-2-thread-1" [_thread_blocked, id=9784, stack(0x0000000018900000,0x0000000018a00000)]
  0x0000000017c91000 JavaThread "pool-1-thread-1" [_thread_in_Java, id=4664, stack(0x0000000018800000,0x0000000018900000)]
  0x0000000017aea000 JavaThread "Service Thread" daemon [_thread_blocked, id=13364, stack(0x0000000018600000,0x0000000018700000)]
=>0x0000000017a5b000 JavaThread "C1 CompilerThread3" daemon [_thread_in_native, id=8708, stack(0x0000000018500000,0x0000000018600000)]
  0x0000000017a52800 JavaThread "C2 CompilerThread2" daemon [_thread_blocked, id=12980, stack(0x0000000018400000,0x0000000018500000)]
  0x0000000017a4f800 JavaThread "C2 CompilerThread1" daemon [_thread_in_native, id=2412, stack(0x0000000018300000,0x0000000018400000)]
  0x0000000017a4b800 JavaThread "C2 CompilerThread0" daemon [_thread_blocked, id=10228, stack(0x0000000018200000,0x0000000018300000)]
  0x0000000017a48800 JavaThread "Attach Listener" daemon [_thread_blocked, id=4512, stack(0x0000000018100000,0x0000000018200000)]
  0x0000000017a47000 JavaThread "Signal Dispatcher" daemon [_thread_blocked, id=13760, stack(0x0000000018000000,0x0000000018100000)]
  0x000000000303e000 JavaThread "Finalizer" daemon [_thread_blocked, id=9772, stack(0x0000000017e20000,0x0000000017f20000)]
  0x0000000015b5d800 JavaThread "Reference Handler" daemon [_thread_blocked, id=8136, stack(0x0000000017920000,0x0000000017a20000)]
  0x0000000000dad800 JavaThread "main" [_thread_blocked, id=8416, stack(0x0000000002e40000,0x0000000002f40000)]

Other Threads:
  0x0000000015b59000 VMThread [stack: 0x0000000017820000,0x0000000017920000] [id=7788]
  0x0000000017b04000 WatcherThread [stack: 0x0000000018700000,0x0000000018800000] [id=10664]

VM state:not at safepoint (normal execution)

VM Mutex/Monitor currently owned by a thread: None

Heap:
 PSYoungGen      total 38400K, used 12909K [0x00000000eab00000, 0x00000000ed580000, 0x0000000100000000)
  eden space 33280K, 38% used [0x00000000eab00000,0x00000000eb79b7d0,0x00000000ecb80000)
  from space 5120K, 0% used [0x00000000ed080000,0x00000000ed080000,0x00000000ed580000)
  to   space 5120K, 0% used [0x00000000ecb80000,0x00000000ecb80000,0x00000000ed080000)
 ParOldGen       total 87552K, used 0K [0x00000000c0000000, 0x00000000c5580000, 0x00000000eab00000)
  object space 87552K, 0% used [0x00000000c0000000,0x00000000c0000000,0x00000000c5580000)
 Metaspace       used 5505K, capacity 6512K, committed 6784K, reserved 1056768K
  class space    used 593K, capacity 616K, committed 640K, reserved 1048576K

Card table byte_map: [0x0000000012400000,0x0000000012610000] byte_map_base: 0x0000000011e00000

Marking Bits: (ParMarkBitMap*) 0x000000005ff62f70
 Begin Bits: [0x0000000012f70000, 0x0000000013f70000)
 End Bits:   [0x0000000013f70000, 0x0000000014f70000)

Polling page: 0x0000000002da0000

CodeCache: size=245760Kb used=2120Kb max_used=2131Kb free=243639Kb
 bounds [0x0000000003040000, 0x00000000032b0000, 0x0000000012040000]
 total_blobs=748 nmethods=479 adapters=182
 compilation: enabled

Compilation events (10 events):
Event: 0.341 Thread 0x0000000017a5b000 nmethod 475 0x0000000003252b50 code [0x0000000003252ca0, 0x0000000003252db0]
Event: 0.341 Thread 0x0000000017a5b000  474       1       com.android.dx.rop.code.RegisterSpec::getTypeBearer (5 bytes)
Event: 0.341 Thread 0x0000000017a5b000 nmethod 474 0x0000000003252890 code [0x00000000032529e0, 0x0000000003252af0]
Event: 0.341 Thread 0x0000000017a5b000  478   !   3       com.android.dx.cf.code.BytecodeArray::parseInstruction (2764 bytes)
Event: 0.342 Thread 0x0000000017a52800  486       4       java.util.HashMap::getNode (148 bytes)
Event: 0.345 Thread 0x0000000017a4b800  495       4       java.util.ArrayList$Itr::next (66 bytes)
Event: 0.346 Thread 0x0000000017a4b800 nmethod 495 0x0000000003255810 code [0x0000000003255960, 0x0000000003255a78]
Event: 0.346 Thread 0x0000000017a4f800  499       4       com.android.dx.util.ByteArray::getUnsignedByte (14 bytes)
Event: 0.347 Thread 0x0000000017a52800 nmethod 486 0x0000000003254f90 code [0x0000000003255100, 0x00000000032554c8]
Event: 0.347 Thread 0x0000000017a4f800 nmethod 499 0x0000000003254bd0 code [0x0000000003254d20, 0x0000000003254e38]

GC Heap History (0 events):
No events

Deoptimization events (0 events):
No events

Internal exceptions (2 events):
Event: 0.028 Thread 0x0000000000dad800 Exception <a 'java/lang/NoSuchMethodError': Method sun.misc.Unsafe.defineClass(Ljava/lang/String;[BII)Ljava/lang/Class; name or signature does not match> (0x00000000eab07cc0) thrown at [C:\re\workspace\8-2-build-windows-amd64-cygwin\jdk8u91\6644\hotspot\sr?'}°¹œ?
Event: 0.028 Thread 0x0000000000dad800 Exception <a 'java/lang/NoSuchMethodError': Method sun.misc.Unsafe.prefetchRead(Ljava/lang/Object;J)V name or signature does not match> (0x00000000eab07fa8) thrown at [C:\re\workspace\8-2-build-windows-amd64-cygwin\jdk8u91\6644\hotspot\src\share\vm\prims\j

Events (10 events):
Event: 0.332 loading class com/android/dx/dex/code/StdCatchBuilder
Event: 0.332 loading class com/android/dx/dex/code/StdCatchBuilder done
Event: 0.333 loading class com/android/dx/dex/code/DalvCode
Event: 0.333 loading class com/android/dx/dex/code/DalvCode done
Event: 0.333 loading class java/io/PrintWriter
Event: 0.333 loading class java/io/PrintWriter done
Event: 0.334 loading class com/android/dx/dex/file/DebugInfoItem
Event: 0.334 loading class com/android/dx/dex/file/DebugInfoItem done
Event: 0.334 loading class com/android/dx/dex/file/MethodAnnotationStruct
Event: 0.334 loading class com/android/dx/dex/file/MethodAnnotationStruct done


Dynamic libraries:
0x00007ff679830000 - 0x00007ff679867000 	C:\Program Files\Java\jdk1.8.0_91\bin\java.exe
0x00007ffd2adf0000 - 0x00007ffd2afb1000 	C:\WINDOWS\SYSTEM32\ntdll.dll
0x00007ffd2a380000 - 0x00007ffd2a42d000 	C:\WINDOWS\system32\KERNEL32.DLL
0x00007ffd27ec0000 - 0x00007ffd280a8000 	C:\WINDOWS\system32\KERNELBASE.dll
0x00007ffd25c00000 - 0x00007ffd25c79000 	C:\WINDOWS\system32\apphelp.dll
0x00007ffd2aca0000 - 0x00007ffd2ad47000 	C:\WINDOWS\system32\ADVAPI32.dll
0x00007ffd2ad50000 - 0x00007ffd2aded000 	C:\WINDOWS\system32\msvcrt.dll
0x00007ffd282c0000 - 0x00007ffd2831b000 	C:\WINDOWS\system32\sechost.dll
0x00007ffd2a440000 - 0x00007ffd2a55c000 	C:\WINDOWS\system32\RPCRT4.dll
0x00007ffd29c30000 - 0x00007ffd29d86000 	C:\WINDOWS\system32\USER32.dll
0x00007ffd2a040000 - 0x00007ffd2a1c6000 	C:\WINDOWS\system32\GDI32.dll
0x00007ffd22b50000 - 0x00007ffd22dc4000 	C:\WINDOWS\WinSxS\amd64_microsoft.windows.common-controls_6595b64144ccf1df_6.0.10586.0_none_8c15ae12515e1c22\COMCTL32.dll
0x00007ffd2aa10000 - 0x00007ffd2ac8d000 	C:\WINDOWS\system32\combase.dll
0x00007ffd27500000 - 0x00007ffd2756a000 	C:\WINDOWS\system32\bcryptPrimitives.dll
0x00007ffd29d90000 - 0x00007ffd29dcb000 	C:\WINDOWS\system32\IMM32.DLL
0x000000005fff0000 - 0x00000000600c2000 	C:\Program Files\Java\jdk1.8.0_91\jre\bin\msvcr100.dll
0x000000005f750000 - 0x000000005ffe3000 	C:\Program Files\Java\jdk1.8.0_91\jre\bin\server\jvm.dll
0x00007ffd2ac90000 - 0x00007ffd2ac98000 	C:\WINDOWS\system32\PSAPI.DLL
0x00007ffd200d0000 - 0x00007ffd200d9000 	C:\WINDOWS\SYSTEM32\WSOCK32.dll
0x00007ffd22dd0000 - 0x00007ffd22dda000 	C:\WINDOWS\SYSTEM32\VERSION.dll
0x00007ffd25710000 - 0x00007ffd25733000 	C:\WINDOWS\SYSTEM32\WINMM.dll
0x00007ffd29bc0000 - 0x00007ffd29c2b000 	C:\WINDOWS\system32\WS2_32.dll
0x0000000002dd0000 - 0x0000000002dfc000 	C:\WINDOWS\SYSTEM32\WINMMBASE.dll
0x00007ffd27650000 - 0x00007ffd27693000 	C:\WINDOWS\system32\cfgmgr32.dll
0x000000005f740000 - 0x000000005f74f000 	C:\Program Files\Java\jdk1.8.0_91\jre\bin\verify.dll
0x000000005f710000 - 0x000000005f739000 	C:\Program Files\Java\jdk1.8.0_91\jre\bin\java.dll
0x000000005f6f0000 - 0x000000005f706000 	C:\Program Files\Java\jdk1.8.0_91\jre\bin\zip.dll
0x00007ffd28600000 - 0x00007ffd29b5c000 	C:\WINDOWS\system32\SHELL32.dll
0x00007ffd276a0000 - 0x00007ffd27ce4000 	C:\WINDOWS\system32\windows.storage.dll
0x00007ffd281f0000 - 0x00007ffd28242000 	C:\WINDOWS\system32\shlwapi.dll
0x00007ffd27460000 - 0x00007ffd2746f000 	C:\WINDOWS\system32\kernel.appcore.dll
0x00007ffd27570000 - 0x00007ffd27625000 	C:\WINDOWS\system32\shcore.dll
0x00007ffd27410000 - 0x00007ffd2745b000 	C:\WINDOWS\system32\powrprof.dll
0x00007ffd27480000 - 0x00007ffd27494000 	C:\WINDOWS\system32\profapi.dll

VM Arguments:
jvm_args: -Djava.awt.headless=true -Xmx1024M -Dfile.encoding=windows-1252 -Duser.country=CA -Duser.language=en -Duser.variant 
java_command: com.android.dx.command.Main --dex --num-threads=4 --output C:\Users\Kevin's Playtime\Desktop\Moments\app\build\intermediates\pre-dexed\debug\picasso-2.5.2_5ee92e388ddf1d5aa06abb59262c987431e98fe9.jar C:\Users\Kevin's Playtime\.gradle\caches\modules-2\files-2.1\com.squareup.picasso\picasso\2.5.2\7446d06ec8d4f7ffcc53f1da37c95f200dcb9387\picasso-2.5.2.jar
java_class_path (initial): C:\Android\sdk\build-tools\23.0.2\lib\dx.jar
Launcher Type: SUN_STANDARD

Environment Variables:
JAVA_HOME=C:\Program Files\Java\jdk1.7.0_67
PATH=C:\ProgramData\Oracle\Java\javapath;C:\Program Files (x86)\Caminova\Document Express DjVu Plug-in\;c:\Program Files (x86)\Intel\iCLS Client\;c:\Program Files\Intel\iCLS Client\;C:\WINDOWS\system32;C:\WINDOWS;C:\WINDOWS\System32\Wbem;C:\WINDOWS\System32\WindowsPowerShell\v1.0\;C:\Program Files\Intel\Intel(R) Management Engine Components\DAL;C:\Program Files\Intel\Intel(R) Management Engine Components\IPT;C:\Program Files (x86)\Intel\Intel(R) Management Engine Components\DAL;C:\Program Files (x86)\Intel\Intel(R) Management Engine Components\IPT;C:\Program Files (x86)\Windows Live\Shared;C:\Program Files (x86)\Skype\Phone\;C:\Program Files\nodejs\;C:\Users\Kevin's Playtime\.dnx\bin;C:\Program Files\Microsoft DNX\Dnvm\;C:\Program Files (x86)\Windows Kits\8.1\Windows Performance Toolkit\;C:\Program Files\Microsoft SQL Server\130\Tools\Binn\;C:\Program Files (x86)\QuickTime\QTSystem\;C:\Program Files\Git\cmd;C:\Users\Kevin's Playtime\AppData\Local\Programs\Python\Python35-32\Scripts\;C:\Users\Kevin's Playtime\AppData\Local\Programs\Python\Python35-32\;c:\users\kevin's playtime\appdata\local\enthought\canopy\user\scripts;C:\Users\Kevin's Playtime\AppData\Local\Enthought\Canopy\User;C:\Users\Kevin's Playtime\AppData\Local\Enthought\Canopy\User\Scripts;C:\Users\Kevin's Playtime\AppData\Roaming\npm
USERNAME=Kevin
OS=Windows_NT
PROCESSOR_IDENTIFIER=Intel64 Family 6 Model 58 Stepping 9, GenuineIntel



---------------  S Y S T E M  ---------------

OS: Windows 10.0 , 64 bit Build 10586 (10.0.10586.0)

CPU:total 8 (4 cores per cpu, 2 threads per core) family 6 model 58 stepping 9, cmov, cx8, fxsr, mmx, sse, sse2, sse3, ssse3, sse4.1, sse4.2, popcnt, avx, aes, clmul, erms, ht, tsc, tscinvbit, tscinv

Memory: 4k page, physical 8318812k(733040k free), swap 12513116k(4300k free)

vm_info: Java HotSpot(TM) 64-Bit Server VM (25.91-b14) for windows-amd64 JRE (1.8.0_91-b14), built on Apr  1 2016 00:58:32 by "java_re" with MS VC++ 10.0 (VS2010)

time: Wed Jun 29 20:19:56 2016
elapsed time: 0 seconds (0d 0h 0m 0s)

