#
# There is insufficient memory for the Java Runtime Environment to continue.
# Native memory allocation (malloc) failed to allocate 799936 bytes for Chunk::new
# Possible reasons:
#   The system is out of physical RAM or swap space
#   In 32 bit mode, the process size limit was hit
# Possible solutions:
#   Reduce memory load on the system
#   Increase physical memory or swap space
#   Check if swap backing store is full
#   Use 64 bit Java on a 64 bit OS
#   Decrease Java heap size (-Xmx/-Xms)
#   Decrease number of Java threads
#   Decrease Java thread stack sizes (-Xss)
#   Set larger code cache with -XX:ReservedCodeCacheSize=
# This output file may be truncated or incomplete.
#
#  Out of Memory Error (allocation.cpp:390), pid=13588, tid=5792
#
# JRE version: Java(TM) SE Runtime Environment (8.0_91-b14) (build 1.8.0_91-b14)
# Java VM: Java HotSpot(TM) 64-Bit Server VM (25.91-b14 mixed mode windows-amd64 compressed oops)
# Failed to write core dump. Minidumps are not enabled by default on client versions of Windows
#

---------------  T H R E A D  ---------------

Current thread (0x0000000017cfd000):  JavaThread "C2 CompilerThread1" daemon [_thread_in_native, id=5792, stack(0x00000000185b0000,0x00000000186b0000)]

Stack: [0x00000000185b0000,0x00000000186b0000]
[error occurred during error reporting (printing stack bounds), id 0xc0000005]

Native frames: (J=compiled Java code, j=interpreted, Vv=VM code, C=native code)


Current CompileTask:
C2:    958 1142       4       com.android.dx.ssa.SCCP::simulateBranch (666 bytes)


---------------  P R O C E S S  ---------------

Java Threads: ( => current thread )
  0x0000000018084800 JavaThread "pool-1-thread-4" [_thread_blocked, id=15244, stack(0x00000000196b0000,0x00000000197b0000)]
  0x000000001807f800 JavaThread "pool-1-thread-3" [_thread_blocked, id=7520, stack(0x00000000195b0000,0x00000000196b0000)]
  0x000000001807e800 JavaThread "pool-1-thread-2" [_thread_blocked, id=5276, stack(0x00000000194b0000,0x00000000195b0000)]
  0x0000000018ac1000 JavaThread "pool-2-thread-1" [_thread_blocked, id=14008, stack(0x00000000193b0000,0x00000000194b0000)]
  0x0000000018abd000 JavaThread "pool-1-thread-1" [_thread_blocked, id=7892, stack(0x00000000192b0000,0x00000000193b0000)]
  0x0000000017d4e000 JavaThread "Service Thread" daemon [_thread_blocked, id=4428, stack(0x00000000188b0000,0x00000000189b0000)]
  0x0000000017d0d000 JavaThread "C1 CompilerThread3" daemon [_thread_in_native, id=9768, stack(0x00000000187b0000,0x00000000188b0000)]
  0x0000000017d07800 JavaThread "C2 CompilerThread2" daemon [_thread_in_native, id=10780, stack(0x00000000186b0000,0x00000000187b0000)]
=>0x0000000017cfd000 JavaThread "C2 CompilerThread1" daemon [_thread_in_native, id=5792, stack(0x00000000185b0000,0x00000000186b0000)]
  0x0000000017cfb000 JavaThread "C2 CompilerThread0" daemon [_thread_in_native, id=2644, stack(0x00000000184b0000,0x00000000185b0000)]
  0x0000000017cf9800 JavaThread "Attach Listener" daemon [_thread_blocked, id=14972, stack(0x00000000183b0000,0x00000000184b0000)]
  0x0000000015a0e800 JavaThread "Signal Dispatcher" daemon [_thread_blocked, id=7540, stack(0x00000000182b0000,0x00000000183b0000)]
  0x00000000159fe800 JavaThread "Finalizer" daemon [_thread_blocked, id=12992, stack(0x00000000180d0000,0x00000000181d0000)]
  0x0000000002ed6800 JavaThread "Reference Handler" daemon [_thread_blocked, id=8000, stack(0x0000000017bd0000,0x0000000017cd0000)]
  0x0000000002cbd800 JavaThread "main" [_thread_in_Java, id=11504, stack(0x0000000002ce0000,0x0000000002de0000)]

Other Threads:
  0x00000000159fa000 VMThread [stack: 0x0000000017ad0000,0x0000000017bd0000] [id=12888]
  0x0000000017d50000 WatcherThread [stack: 0x00000000189b0000,0x0000000018ab0000] [id=8484]

VM state:not at safepoint (normal execution)

VM Mutex/Monitor currently owned by a thread: None

Heap:
 PSYoungGen      total 38400K, used 23110K [0x00000000eab00000, 0x00000000ed580000, 0x0000000100000000)
  eden space 33280K, 54% used [0x00000000eab00000,0x00000000ebc99508,0x00000000ecb80000)
  from space 5120K, 99% used [0x00000000ecb80000,0x00000000ed0786e8,0x00000000ed080000)
  to   space 5120K, 0% used [0x00000000ed080000,0x00000000ed080000,0x00000000ed580000)
 ParOldGen       total 87552K, used 1005K [0x00000000c0000000, 0x00000000c5580000, 0x00000000eab00000)
  object space 87552K, 1% used [0x00000000c0000000,0x00000000c00fb468,0x00000000c5580000)
 Metaspace       used 6086K, capacity 6198K, committed 6272K, reserved 1062912K
  class space    used 604K, capacity 618K, committed 640K, reserved 1048576K

Card table byte_map: [0x00000000122a0000,0x00000000124b0000] byte_map_base: 0x0000000011ca0000

Marking Bits: (ParMarkBitMap*) 0x0000000077682f70
 Begin Bits: [0x0000000012e10000, 0x0000000013e10000)
 End Bits:   [0x0000000013e10000, 0x0000000014e10000)

Polling page: 0x0000000002be0000

CodeCache: size=245760Kb used=4438Kb max_used=4438Kb free=241321Kb
 bounds [0x0000000002ee0000, 0x0000000003340000, 0x0000000011ee0000]
 total_blobs=1441 nmethods=1172 adapters=182
 compilation: enabled

Compilation events (10 events):
Event: 0.953 Thread 0x0000000017d0d000 nmethod 1198 0x000000000332b6d0 code [0x000000000332b920, 0x000000000332c938]
Event: 0.953 Thread 0x0000000017d0d000 1199       3       com.android.dx.cf.code.Ropper::addExceptionSetupBlocks (203 bytes)
Event: 0.955 Thread 0x0000000017d0d000 nmethod 1199 0x000000000332d3d0 code [0x000000000332d7c0, 0x000000000332fb48]
Event: 0.955 Thread 0x0000000017d0d000 1197       3       com.android.dx.rop.cst.CstNat::equals (48 bytes)
Event: 0.956 Thread 0x0000000017d0d000 nmethod 1197 0x0000000003331750 code [0x0000000003331920, 0x0000000003332318]
Event: 0.956 Thread 0x0000000017d0d000 1081       3       com.android.dx.rop.type.StdTypeList::<init> (6 bytes)
Event: 0.956 Thread 0x0000000017d0d000 nmethod 1081 0x0000000003332590 code [0x0000000003332700, 0x0000000003332888]
Event: 0.956 Thread 0x0000000017d0d000 1202       3       com.android.dx.ssa.SsaMethod::getCountReachableBlocks (44 bytes)
Event: 0.957 Thread 0x0000000017d0d000 nmethod 1202 0x0000000003332910 code [0x0000000003332ae0, 0x0000000003333378]
Event: 0.957 Thread 0x0000000017d0d000 1204       3       com.android.dx.ssa.back.IdenticalBlockCombiner::process (323 bytes)

GC Heap History (2 events):
Event: 0.809 GC heap before
{Heap before GC invocations=1 (full 0):
 PSYoungGen      total 38400K, used 33280K [0x00000000eab00000, 0x00000000ed580000, 0x0000000100000000)
  eden space 33280K, 100% used [0x00000000eab00000,0x00000000ecb80000,0x00000000ecb80000)
  from space 5120K, 0% used [0x00000000ed080000,0x00000000ed080000,0x00000000ed580000)
  to   space 5120K, 0% used [0x00000000ecb80000,0x00000000ecb80000,0x00000000ed080000)
 ParOldGen       total 87552K, used 0K [0x00000000c0000000, 0x00000000c5580000, 0x00000000eab00000)
  object space 87552K, 0% used [0x00000000c0000000,0x00000000c0000000,0x00000000c5580000)
 Metaspace       used 5956K, capacity 6070K, committed 6272K, reserved 1062912K
  class space    used 604K, capacity 618K, committed 640K, reserved 1048576K
Event: 0.814 GC heap after
Heap after GC invocations=1 (full 0):
 PSYoungGen      total 38400K, used 5089K [0x00000000eab00000, 0x00000000ed580000, 0x0000000100000000)
  eden space 33280K, 0% used [0x00000000eab00000,0x00000000eab00000,0x00000000ecb80000)
  from space 5120K, 99% used [0x00000000ecb80000,0x00000000ed0786e8,0x00000000ed080000)
  to   space 5120K, 0% used [0x00000000ed080000,0x00000000ed080000,0x00000000ed580000)
 ParOldGen       total 87552K, used 1005K [0x00000000c0000000, 0x00000000c5580000, 0x00000000eab00000)
  object space 87552K, 1% used [0x00000000c0000000,0x00000000c00fb468,0x00000000c5580000)
 Metaspace       used 5956K, capacity 6070K, committed 6272K, reserved 1062912K
  class space    used 604K, capacity 618K, committed 640K, reserved 1048576K
}

Deoptimization events (6 events):
Event: 0.383 Thread 0x0000000002cbd800 Uncommon trap: reason=unstable_if action=reinterpret pc=0x0000000003032214 method=java.lang.String.compareTo(Ljava/lang/String;)I @ 38
Event: 0.688 Thread 0x0000000018084800 Uncommon trap: reason=unstable_if action=reinterpret pc=0x00000000030fb4bc method=java.util.HashMap.getNode(ILjava/lang/Object;)Ljava/util/HashMap$Node; @ 62
Event: 0.761 Thread 0x000000001807e800 Uncommon trap: reason=unstable_if action=reinterpret pc=0x000000000319026c method=com.android.dx.rop.code.RegisterSpecSet.put(Lcom/android/dx/rop/code/RegisterSpec;)V @ 77
Event: 0.777 Thread 0x0000000018abd000 Uncommon trap: reason=unstable_if action=reinterpret pc=0x0000000003137d60 method=com.android.dx.rop.code.RegisterSpec.equals(ILcom/android/dx/rop/type/TypeBearer;Lcom/android/dx/rop/code/LocalItem;)Z @ 42
Event: 0.818 Thread 0x0000000002cbd800 Uncommon trap: reason=null_check action=make_not_entrant pc=0x00000000031a5454 method=com.android.dx.ssa.SsaRenamer.getLocalForNewReg(I)Lcom/android/dx/rop/code/LocalItem; @ 19
Event: 0.907 Thread 0x0000000002cbd800 Uncommon trap: reason=unstable_if action=reinterpret pc=0x000000000310041c method=com.android.dx.rop.cst.Constant.compareTo(Lcom/android/dx/rop/cst/Constant;)I @ 12

Internal exceptions (3 events):
Event: 0.042 Thread 0x0000000002cbd800 Exception <a 'java/lang/NoSuchMethodError': Method sun.misc.Unsafe.defineClass(Ljava/lang/String;[BII)Ljava/lang/Class; name or signature does not match> (0x00000000eab07cc0) thrown at [C:\re\workspace\8-2-build-windows-amd64-cygwin\jdk8u91\6644\hotspot\srÓcD~?¢•?
Event: 0.042 Thread 0x0000000002cbd800 Exception <a 'java/lang/NoSuchMethodError': Method sun.misc.Unsafe.prefetchRead(Ljava/lang/Object;J)V name or signature does not match> (0x00000000eab07fa8) thrown at [C:\re\workspace\8-2-build-windows-amd64-cygwin\jdk8u91\6644\hotspot\src\share\vm\prims\js⁄Yù,Í?
Event: 0.818 Thread 0x0000000002cbd800 Implicit null exception at 0x00000000031a33be to 0x00000000031a5411

Events (10 events):
Event: 0.865 Thread 0x000000001807f800 DEOPT UNPACKING pc=0x0000000002f2787f sp=0x00000000196ae040 mode 0
Event: 0.903 Thread 0x0000000002cbd800 DEOPT PACKING pc=0x00000000031bf435 sp=0x0000000002dde500
Event: 0.903 Thread 0x0000000002cbd800 DEOPT UNPACKING pc=0x0000000002f2787f sp=0x0000000002dde278 mode 0
Event: 0.907 Thread 0x0000000002cbd800 DEOPT PACKING pc=0x00000000031d1f8d sp=0x0000000002dde760
Event: 0.907 Thread 0x0000000002cbd800 DEOPT UNPACKING pc=0x0000000002f2787f sp=0x0000000002dde4e0 mode 0
Event: 0.907 Thread 0x0000000002cbd800 Uncommon trap: trap_request=0xffffff65 fr.pc=0x000000000310041c
Event: 0.907 Thread 0x0000000002cbd800 DEOPT PACKING pc=0x000000000310041c sp=0x0000000002dde350
Event: 0.907 Thread 0x0000000002cbd800 DEOPT UNPACKING pc=0x0000000002f2582a sp=0x0000000002dde2f0 mode 2
Event: 0.952 Thread 0x0000000002cbd800 DEOPT PACKING pc=0x00000000031bf435 sp=0x0000000002dde4b0
Event: 0.952 Thread 0x0000000002cbd800 DEOPT UNPACKING pc=0x0000000002f2787f sp=0x0000000002dde218 mode 0


Dynamic libraries:
0x00007ff7ff880000 - 0x00007ff7ff8b7000 	C:\Program Files\Java\jdk1.8.0_91\bin\java.exe
0x00007fff74340000 - 0x00007fff74501000 	C:\WINDOWS\SYSTEM32\ntdll.dll
0x00007fff72430000 - 0x00007fff724dd000 	C:\WINDOWS\system32\KERNEL32.DLL
0x00007fff70d20000 - 0x00007fff70f08000 	C:\WINDOWS\system32\KERNELBASE.dll
0x00007fff71740000 - 0x00007fff717e7000 	C:\WINDOWS\system32\ADVAPI32.dll
0x00007fff71fb0000 - 0x00007fff7204d000 	C:\WINDOWS\system32\msvcrt.dll
0x00007fff717f0000 - 0x00007fff7184b000 	C:\WINDOWS\system32\sechost.dll
0x00007fff72bf0000 - 0x00007fff72d0c000 	C:\WINDOWS\system32\RPCRT4.dll
0x00007fff729c0000 - 0x00007fff72b16000 	C:\WINDOWS\system32\USER32.dll
0x00007fff72680000 - 0x00007fff72806000 	C:\WINDOWS\system32\GDI32.dll
0x00007fff6ca00000 - 0x00007fff6cc74000 	C:\WINDOWS\WinSxS\amd64_microsoft.windows.common-controls_6595b64144ccf1df_6.0.10586.0_none_8c15ae12515e1c22\COMCTL32.dll
0x00007fff72050000 - 0x00007fff722cd000 	C:\WINDOWS\system32\combase.dll
0x00007fff70c20000 - 0x00007fff70c8a000 	C:\WINDOWS\system32\bcryptPrimitives.dll
0x00007fff724e0000 - 0x00007fff7251b000 	C:\WINDOWS\system32\IMM32.DLL
0x0000000077710000 - 0x00000000777e2000 	C:\Program Files\Java\jdk1.8.0_91\jre\bin\msvcr100.dll
0x0000000076e70000 - 0x0000000077703000 	C:\Program Files\Java\jdk1.8.0_91\jre\bin\server\jvm.dll
0x00007fff719a0000 - 0x00007fff719a8000 	C:\WINDOWS\system32\PSAPI.DLL
0x00007fff6e050000 - 0x00007fff6e059000 	C:\WINDOWS\SYSTEM32\WSOCK32.dll
0x00007fff6f060000 - 0x00007fff6f083000 	C:\WINDOWS\SYSTEM32\WINMM.dll
0x00007fff72610000 - 0x00007fff7267b000 	C:\WINDOWS\system32\WS2_32.dll
0x00007fff6d090000 - 0x00007fff6d09a000 	C:\WINDOWS\SYSTEM32\VERSION.dll
0x00007fff6ed00000 - 0x00007fff6ed2c000 	C:\WINDOWS\SYSTEM32\WINMMBASE.dll
0x00007fff716f0000 - 0x00007fff71733000 	C:\WINDOWS\system32\cfgmgr32.dll
0x0000000076e60000 - 0x0000000076e6f000 	C:\Program Files\Java\jdk1.8.0_91\jre\bin\verify.dll
0x0000000076e30000 - 0x0000000076e59000 	C:\Program Files\Java\jdk1.8.0_91\jre\bin\java.dll
0x0000000076e10000 - 0x0000000076e26000 	C:\Program Files\Java\jdk1.8.0_91\jre\bin\zip.dll
0x00007fff72d70000 - 0x00007fff742cc000 	C:\WINDOWS\system32\SHELL32.dll
0x00007fff71080000 - 0x00007fff716c4000 	C:\WINDOWS\system32\windows.storage.dll
0x00007fff72d10000 - 0x00007fff72d62000 	C:\WINDOWS\system32\shlwapi.dll
0x00007fff70970000 - 0x00007fff7097f000 	C:\WINDOWS\system32\kernel.appcore.dll
0x00007fff70fc0000 - 0x00007fff71075000 	C:\WINDOWS\system32\shcore.dll
0x00007fff70980000 - 0x00007fff709cb000 	C:\WINDOWS\system32\powrprof.dll
0x00007fff709d0000 - 0x00007fff709e4000 	C:\WINDOWS\system32\profapi.dll

VM Arguments:
jvm_args: -Djava.awt.headless=true -Xmx1024M -Dfile.encoding=windows-1252 -Duser.country=CA -Duser.language=en -Duser.variant 
java_command: com.android.dx.command.Main --dex --num-threads=4 --output C:\Users\Kevin's Playtime\AndroidStudioProjects\Moments\app\build\intermediates\pre-dexed\debug\com.android.support-appcompat-v7-23.4.0_030b136d5cb35b377cbace5bee3f27ce51957556.jar C:\Users\Kevin's Playtime\AndroidStudioProjects\Moments\app\build\intermediates\exploded-aar\com.android.support\appcompat-v7\23.4.0\jars\classes.jar
java_class_path (initial): C:\Android\sdk\build-tools\23.0.2\lib\dx.jar
Launcher Type: SUN_STANDARD

Environment Variables:
JAVA_HOME=C:\Program Files\Java\jdk1.7.0_67
PATH=C:\ProgramData\Oracle\Java\javapath;C:\Program Files (x86)\Caminova\Document Express DjVu Plug-in\;c:\Program Files (x86)\Intel\iCLS Client\;c:\Program Files\Intel\iCLS Client\;C:\WINDOWS\system32;C:\WINDOWS;C:\WINDOWS\System32\Wbem;C:\WINDOWS\System32\WindowsPowerShell\v1.0\;C:\Program Files\Intel\Intel(R) Management Engine Components\DAL;C:\Program Files\Intel\Intel(R) Management Engine Components\IPT;C:\Program Files (x86)\Intel\Intel(R) Management Engine Components\DAL;C:\Program Files (x86)\Intel\Intel(R) Management Engine Components\IPT;C:\Program Files (x86)\Windows Live\Shared;C:\Program Files (x86)\Skype\Phone\;C:\Program Files\nodejs\;C:\WINDOWS\system32\config\systemprofile\.dnx\bin;C:\Program Files\Microsoft DNX\Dnvm\;C:\Program Files (x86)\Windows Kits\8.1\Windows Performance Toolkit\;C:\Program Files\Microsoft SQL Server\130\Tools\Binn\;C:\Program Files (x86)\QuickTime\QTSystem\;C:\Program Files\Git\cmd;C:\Users\Kevin's Playtime\AppData\Local\Programs\Python\Python35-32\Scripts\;C:\Users\Kevin's Playtime\AppData\Local\Programs\Python\Python35-32\;c:\users\kevin's playtime\appdata\local\enthought\canopy\user\scripts;C:\Users\Kevin's Playtime\AppData\Local\Enthought\Canopy\User;C:\Users\Kevin's Playtime\AppData\Local\Enthought\Canopy\User\Scripts;C:\Users\Kevin's Playtime\AppData\Roaming\npm
USERNAME=Kevin
OS=Windows_NT
PROCESSOR_IDENTIFIER=Intel64 Family 6 Model 58 Stepping 9, GenuineIntel



---------------  S Y S T E M  ---------------

OS: Windows 10.0 , 64 bit Build 10586 (10.0.10586.0)

CPU:total 8 (4 cores per cpu, 2 threads per core) family 6 model 58 stepping 9, cmov, cx8, fxsr, mmx, sse, sse2, sse3, ssse3, sse4.1, sse4.2, popcnt, avx, aes, clmul, erms, ht, tsc, tscinvbit, tscinv

Memory: 4k page, physical 8318812k(1271524k free), swap 12513116k(5540k free)

vm_info: Java HotSpot(TM) 64-Bit Server VM (25.91-b14) for windows-amd64 JRE (1.8.0_91-b14), built on Apr  1 2016 00:58:32 by "java_re" with MS VC++ 10.0 (VS2010)

time: Fri Jun 24 18:33:32 2016
elapsed time: 0 seconds (0d 0h 0m 0s)

