#
# There is insufficient memory for the Java Runtime Environment to continue.
# Native memory allocation (malloc) failed to allocate 32744 bytes for ChunkPool::allocate
# Possible reasons:
#   The system is out of physical RAM or swap space
#   In 32 bit mode, the process size limit was hit
# Possible solutions:
#   Reduce memory load on the system
#   Increase physical memory or swap space
#   Check if swap backing store is full
#   Use 64 bit Java on a 64 bit OS
#   Decrease Java heap size (-Xmx/-Xms)
#   Decrease number of Java threads
#   Decrease Java thread stack sizes (-Xss)
#   Set larger code cache with -XX:ReservedCodeCacheSize=
# This output file may be truncated or incomplete.
#
#  Out of Memory Error (allocation.cpp:273), pid=10752, tid=7704
#
# JRE version: Java(TM) SE Runtime Environment (8.0_91-b14) (build 1.8.0_91-b14)
# Java VM: Java HotSpot(TM) 64-Bit Server VM (25.91-b14 mixed mode windows-amd64 compressed oops)
# Failed to write core dump. Minidumps are not enabled by default on client versions of Windows
#

---------------  T H R E A D  ---------------

Current thread (0x000000001739d800):  JavaThread "C2 CompilerThread1" daemon [_thread_in_native, id=7704, stack(0x0000000017c50000,0x0000000017d50000)]

Stack: [0x0000000017c50000,0x0000000017d50000]
[error occurred during error reporting (printing stack bounds), id 0xc0000005]

Native frames: (J=compiled Java code, j=interpreted, Vv=VM code, C=native code)


Current CompileTask:
C2:   1056 1350       4       com.android.dx.rop.code.Rops::ropFor (771 bytes)


---------------  P R O C E S S  ---------------

Java Threads: ( => current thread )
  0x000000001776d000 JavaThread "pool-1-thread-4" [_thread_in_Java, id=4752, stack(0x0000000018d50000,0x0000000018e50000)]
  0x00000000175e6800 JavaThread "pool-1-thread-2" [_thread_in_Java, id=7560, stack(0x0000000018350000,0x0000000018450000)]
  0x00000000175e0000 JavaThread "pool-2-thread-1" [_thread_blocked, id=12892, stack(0x0000000018250000,0x0000000018350000)]
  0x000000001744a800 JavaThread "Service Thread" daemon [_thread_blocked, id=7524, stack(0x0000000017f50000,0x0000000018050000)]
  0x00000000173af800 JavaThread "C1 CompilerThread3" daemon [_thread_blocked, id=10924, stack(0x0000000017e50000,0x0000000017f50000)]
  0x000000001739e000 JavaThread "C2 CompilerThread2" daemon [_thread_in_native, id=7908, stack(0x0000000017d50000,0x0000000017e50000)]
=>0x000000001739d800 JavaThread "C2 CompilerThread1" daemon [_thread_in_native, id=7704, stack(0x0000000017c50000,0x0000000017d50000)]
  0x000000001739a800 JavaThread "C2 CompilerThread0" daemon [_thread_in_native, id=7436, stack(0x0000000017b50000,0x0000000017c50000)]
  0x0000000017399000 JavaThread "Attach Listener" daemon [_thread_blocked, id=14184, stack(0x0000000017a50000,0x0000000017b50000)]
  0x0000000017398800 JavaThread "Signal Dispatcher" daemon [_thread_blocked, id=8064, stack(0x0000000017950000,0x0000000017a50000)]
  0x0000000017390800 JavaThread "Finalizer" daemon [_thread_blocked, id=5968, stack(0x0000000017770000,0x0000000017870000)]
  0x0000000002936800 JavaThread "Reference Handler" daemon [_thread_blocked, id=4484, stack(0x0000000017270000,0x0000000017370000)]
  0x000000000283e000 JavaThread "main" [_thread_blocked, id=2716, stack(0x00000000026e0000,0x00000000027e0000)]

Other Threads:
  0x000000001545a000 VMThread [stack: 0x0000000017170000,0x0000000017270000] [id=13980]
  0x000000001744c800 WatcherThread [stack: 0x0000000018050000,0x0000000018150000] [id=12740]

VM state:not at safepoint (normal execution)

VM Mutex/Monitor currently owned by a thread: None

Heap:
 PSYoungGen      total 38400K, used 31729K [0x00000000eab00000, 0x00000000ed580000, 0x0000000100000000)
  eden space 33280K, 80% used [0x00000000eab00000,0x00000000ec501848,0x00000000ecb80000)
  from space 5120K, 99% used [0x00000000ecb80000,0x00000000ed07aec8,0x00000000ed080000)
  to   space 5120K, 0% used [0x00000000ed080000,0x00000000ed080000,0x00000000ed580000)
 ParOldGen       total 87552K, used 1918K [0x00000000c0000000, 0x00000000c5580000, 0x00000000eab00000)
  object space 87552K, 2% used [0x00000000c0000000,0x00000000c01dfb00,0x00000000c5580000)
 Metaspace       used 6118K, capacity 7028K, committed 7296K, reserved 1056768K
  class space    used 602K, capacity 620K, committed 640K, reserved 1048576K

Card table byte_map: [0x0000000011d00000,0x0000000011f10000] byte_map_base: 0x0000000011700000

Marking Bits: (ParMarkBitMap*) 0x00000000778c2f70
 Begin Bits: [0x0000000012870000, 0x0000000013870000)
 End Bits:   [0x0000000013870000, 0x0000000014870000)

Polling page: 0x0000000000980000

CodeCache: size=245760Kb used=5894Kb max_used=5894Kb free=239865Kb
 bounds [0x0000000002940000, 0x0000000002f10000, 0x0000000011940000]
 total_blobs=1692 nmethods=1423 adapters=182
 compilation: enabled

Compilation events (10 events):
Event: 1.024 Thread 0x00000000173af800 1464       3       com.android.dx.rop.code.AccessFlags::isPrivate (12 bytes)
Event: 1.024 Thread 0x00000000173af800 nmethod 1464 0x0000000002f04650 code [0x0000000002f047a0, 0x0000000002f04930]
Event: 1.024 Thread 0x00000000173af800 1463       3       com.android.dx.cf.iface.StdMethodList::get (9 bytes)
Event: 1.024 Thread 0x00000000173af800 nmethod 1463 0x0000000002f049d0 code [0x0000000002f04b40, 0x0000000002f04e48]
Event: 1.024 Thread 0x00000000173af800 1461       3       com.android.dx.cf.code.RopperMachine::updateReturnOp (115 bytes)
Event: 1.025 Thread 0x00000000173af800 nmethod 1461 0x0000000002f04f10 code [0x0000000002f051a0, 0x0000000002f063d8]
Event: 1.025 Thread 0x00000000173af800 1460       3       com.android.dx.rop.cst.CstLiteral64::equals (36 bytes)
Event: 1.026 Thread 0x00000000173af800 nmethod 1460 0x0000000002f06c10 code [0x0000000002f06d80, 0x0000000002f071d0]
Event: 1.027 Thread 0x00000000173af800 1465       3       com.android.dx.rop.cst.CstKnownNull::equals (5 bytes)
Event: 1.027 Thread 0x00000000173af800 nmethod 1465 0x0000000002f072d0 code [0x0000000002f07420, 0x0000000002f07670]

GC Heap History (2 events):
Event: 0.632 GC heap before
{Heap before GC invocations=1 (full 0):
 PSYoungGen      total 38400K, used 33280K [0x00000000eab00000, 0x00000000ed580000, 0x0000000100000000)
  eden space 33280K, 100% used [0x00000000eab00000,0x00000000ecb80000,0x00000000ecb80000)
  from space 5120K, 0% used [0x00000000ed080000,0x00000000ed080000,0x00000000ed580000)
  to   space 5120K, 0% used [0x00000000ecb80000,0x00000000ecb80000,0x00000000ed080000)
 ParOldGen       total 87552K, used 0K [0x00000000c0000000, 0x00000000c5580000, 0x00000000eab00000)
  object space 87552K, 0% used [0x00000000c0000000,0x00000000c0000000,0x00000000c5580000)
 Metaspace       used 5972K, capacity 6898K, committed 7040K, reserved 1056768K
  class space    used 600K, capacity 618K, committed 640K, reserved 1048576K
Event: 0.710 GC heap after
Heap after GC invocations=1 (full 0):
 PSYoungGen      total 38400K, used 5099K [0x00000000eab00000, 0x00000000ed580000, 0x0000000100000000)
  eden space 33280K, 0% used [0x00000000eab00000,0x00000000eab00000,0x00000000ecb80000)
  from space 5120K, 99% used [0x00000000ecb80000,0x00000000ed07aec8,0x00000000ed080000)
  to   space 5120K, 0% used [0x00000000ed080000,0x00000000ed080000,0x00000000ed580000)
 ParOldGen       total 87552K, used 1918K [0x00000000c0000000, 0x00000000c5580000, 0x00000000eab00000)
  object space 87552K, 2% used [0x00000000c0000000,0x00000000c01dfb00,0x00000000c5580000)
 Metaspace       used 5972K, capacity 6898K, committed 7040K, reserved 1056768K
  class space    used 600K, capacity 618K, committed 640K, reserved 1048576K
}

Deoptimization events (8 events):
Event: 0.287 Thread 0x000000001776d000 Uncommon trap: reason=unstable_if action=reinterpret pc=0x0000000002b4e27c method=java.util.HashMap.getNode(ILjava/lang/Object;)Ljava/util/HashMap$Node; @ 62
Event: 0.318 Thread 0x000000000283e000 Uncommon trap: reason=unstable_if action=reinterpret pc=0x0000000002b31ba8 method=java.lang.String.<init>([CII)V @ 18
Event: 0.339 Thread 0x00000000175e5000 Uncommon trap: reason=unstable_if action=reinterpret pc=0x0000000002b5b9b0 method=java.util.BitSet.nextSetBit(I)I @ 87
Event: 0.339 Thread 0x000000001776d000 Uncommon trap: reason=unstable_if action=reinterpret pc=0x0000000002b7a8bc method=com.android.dx.rop.code.RegisterSpec.equals(ILcom/android/dx/rop/type/TypeBearer;Lcom/android/dx/rop/code/LocalItem;)Z @ 16
Event: 0.385 Thread 0x00000000175e6800 Uncommon trap: reason=unstable_if action=reinterpret pc=0x0000000002b72980 method=com.android.dx.rop.code.RegisterSpec.equals(ILcom/android/dx/rop/type/TypeBearer;Lcom/android/dx/rop/code/LocalItem;)Z @ 16
Event: 0.474 Thread 0x000000001776d000 Uncommon trap: reason=null_check action=make_not_entrant pc=0x0000000002c0561c method=com.android.dx.ssa.SsaRenamer.getLocalForNewReg(I)Lcom/android/dx/rop/code/LocalItem; @ 19
Event: 0.715 Thread 0x000000001776d000 Uncommon trap: reason=unstable_if action=reinterpret pc=0x0000000002dc2184 method=com.android.dx.ssa.SCCP.simulateStmt(Lcom/android/dx/ssa/SsaInsn;)V @ 53
Event: 1.020 Thread 0x00000000175e6800 Uncommon trap: reason=unstable_if action=reinterpret pc=0x0000000002ec510c method=com.android.dx.ssa.SCCP.simulateBranch(Lcom/android/dx/ssa/SsaInsn;)V @ 64

Internal exceptions (3 events):
Event: 0.033 Thread 0x000000000283e000 Exception <a 'java/lang/NoSuchMethodError': Method sun.misc.Unsafe.defineClass(Ljava/lang/String;[BII)Ljava/lang/Class; name or signature does not match> (0x00000000eab07cc0) thrown at [C:\re\workspace\8-2-build-windows-amd64-cygwin\jdk8u91\6644\hotspot\srCR xšÉ ?
Event: 0.033 Thread 0x000000000283e000 Exception <a 'java/lang/NoSuchMethodError': Method sun.misc.Unsafe.prefetchRead(Ljava/lang/Object;J)V name or signature does not match> (0x00000000eab07fa8) thrown at [C:\re\workspace\8-2-build-windows-amd64-cygwin\jdk8u91\6644\hotspot\src\share\vm\prims\jû DoSÞ?
Event: 0.474 Thread 0x000000001776d000 Implicit null exception at 0x0000000002c03fb7 to 0x0000000002c055d5

Events (10 events):
Event: 1.010 loading class java/util/HashMap$KeyIterator done
Event: 1.011 Thread 0x000000001776d000 DEOPT PACKING pc=0x0000000002d0c404 sp=0x0000000018e4e720
Event: 1.011 Thread 0x000000001776d000 DEOPT UNPACKING pc=0x000000000298787f sp=0x0000000018e4e4e8 mode 0
Event: 1.017 Thread 0x00000000175de000 Thread exited: 0x00000000175de000
Event: 1.018 Thread 0x00000000175e5000 Thread exited: 0x00000000175e5000
Event: 1.020 Thread 0x00000000175e6800 Uncommon trap: trap_request=0xffffff65 fr.pc=0x0000000002ec510c
Event: 1.020 Thread 0x00000000175e6800 DEOPT PACKING pc=0x0000000002ec510c sp=0x000000001844ea10
Event: 1.020 Thread 0x00000000175e6800 DEOPT UNPACKING pc=0x000000000298582a sp=0x000000001844e9e0 mode 2
Event: 1.022 Thread 0x00000000175e6800 DEOPT PACKING pc=0x0000000002d0c404 sp=0x000000001844eaf0
Event: 1.022 Thread 0x00000000175e6800 DEOPT UNPACKING pc=0x000000000298787f sp=0x000000001844e8b8 mode 0


Dynamic libraries:
0x00007ff67bbe0000 - 0x00007ff67bc17000 	C:\Program Files\Java\jdk1.8.0_91\bin\java.exe
0x00007fff74340000 - 0x00007fff74501000 	C:\WINDOWS\SYSTEM32\ntdll.dll
0x00007fff72430000 - 0x00007fff724dd000 	C:\WINDOWS\system32\KERNEL32.DLL
0x00007fff70d20000 - 0x00007fff70f08000 	C:\WINDOWS\system32\KERNELBASE.dll
0x00007fff71740000 - 0x00007fff717e7000 	C:\WINDOWS\system32\ADVAPI32.dll
0x00007fff71fb0000 - 0x00007fff7204d000 	C:\WINDOWS\system32\msvcrt.dll
0x00007fff717f0000 - 0x00007fff7184b000 	C:\WINDOWS\system32\sechost.dll
0x00007fff72bf0000 - 0x00007fff72d0c000 	C:\WINDOWS\system32\RPCRT4.dll
0x00007fff729c0000 - 0x00007fff72b16000 	C:\WINDOWS\system32\USER32.dll
0x00007fff72680000 - 0x00007fff72806000 	C:\WINDOWS\system32\GDI32.dll
0x00007fff6ca00000 - 0x00007fff6cc74000 	C:\WINDOWS\WinSxS\amd64_microsoft.windows.common-controls_6595b64144ccf1df_6.0.10586.0_none_8c15ae12515e1c22\COMCTL32.dll
0x00007fff72050000 - 0x00007fff722cd000 	C:\WINDOWS\system32\combase.dll
0x00007fff70c20000 - 0x00007fff70c8a000 	C:\WINDOWS\system32\bcryptPrimitives.dll
0x00007fff724e0000 - 0x00007fff7251b000 	C:\WINDOWS\system32\IMM32.DLL
0x0000000077950000 - 0x0000000077a22000 	C:\Program Files\Java\jdk1.8.0_91\jre\bin\msvcr100.dll
0x00000000770b0000 - 0x0000000077943000 	C:\Program Files\Java\jdk1.8.0_91\jre\bin\server\jvm.dll
0x00007fff719a0000 - 0x00007fff719a8000 	C:\WINDOWS\system32\PSAPI.DLL
0x00007fff6f060000 - 0x00007fff6f083000 	C:\WINDOWS\SYSTEM32\WINMM.dll
0x00007fff6f010000 - 0x00007fff6f019000 	C:\WINDOWS\SYSTEM32\WSOCK32.dll
0x00007fff6d090000 - 0x00007fff6d09a000 	C:\WINDOWS\SYSTEM32\VERSION.dll
0x00007fff72610000 - 0x00007fff7267b000 	C:\WINDOWS\system32\WS2_32.dll
0x0000000002670000 - 0x000000000269c000 	C:\WINDOWS\SYSTEM32\WINMMBASE.dll
0x00007fff716f0000 - 0x00007fff71733000 	C:\WINDOWS\system32\cfgmgr32.dll
0x00000000770a0000 - 0x00000000770af000 	C:\Program Files\Java\jdk1.8.0_91\jre\bin\verify.dll
0x0000000077070000 - 0x0000000077099000 	C:\Program Files\Java\jdk1.8.0_91\jre\bin\java.dll
0x0000000077050000 - 0x0000000077066000 	C:\Program Files\Java\jdk1.8.0_91\jre\bin\zip.dll
0x00007fff72d70000 - 0x00007fff742cc000 	C:\WINDOWS\system32\SHELL32.dll
0x00007fff71080000 - 0x00007fff716c4000 	C:\WINDOWS\system32\windows.storage.dll
0x00007fff72d10000 - 0x00007fff72d62000 	C:\WINDOWS\system32\shlwapi.dll
0x00007fff70970000 - 0x00007fff7097f000 	C:\WINDOWS\system32\kernel.appcore.dll
0x00007fff70fc0000 - 0x00007fff71075000 	C:\WINDOWS\system32\shcore.dll
0x00007fff70980000 - 0x00007fff709cb000 	C:\WINDOWS\system32\powrprof.dll
0x00007fff709d0000 - 0x00007fff709e4000 	C:\WINDOWS\system32\profapi.dll

VM Arguments:
jvm_args: -Djava.awt.headless=true -Xmx1024M -Dfile.encoding=windows-1252 -Duser.country=CA -Duser.language=en -Duser.variant 
java_command: com.android.dx.command.Main --dex --num-threads=4 --output C:\Users\Kevin's Playtime\AndroidStudioProjects\Moments\app\build\intermediates\pre-dexed\debug\picasso-2.5.2_5ee92e388ddf1d5aa06abb59262c987431e98fe9.jar C:\Users\Kevin's Playtime\.gradle\caches\modules-2\files-2.1\com.squareup.picasso\picasso\2.5.2\7446d06ec8d4f7ffcc53f1da37c95f200dcb9387\picasso-2.5.2.jar
java_class_path (initial): C:\Android\sdk\build-tools\23.0.2\lib\dx.jar
Launcher Type: SUN_STANDARD

Environment Variables:
JAVA_HOME=C:\Program Files\Java\jdk1.7.0_67
PATH=C:\ProgramData\Oracle\Java\javapath;C:\Program Files (x86)\Caminova\Document Express DjVu Plug-in\;c:\Program Files (x86)\Intel\iCLS Client\;c:\Program Files\Intel\iCLS Client\;C:\WINDOWS\system32;C:\WINDOWS;C:\WINDOWS\System32\Wbem;C:\WINDOWS\System32\WindowsPowerShell\v1.0\;C:\Program Files\Intel\Intel(R) Management Engine Components\DAL;C:\Program Files\Intel\Intel(R) Management Engine Components\IPT;C:\Program Files (x86)\Intel\Intel(R) Management Engine Components\DAL;C:\Program Files (x86)\Intel\Intel(R) Management Engine Components\IPT;C:\Program Files (x86)\Windows Live\Shared;C:\Program Files (x86)\Skype\Phone\;C:\Program Files\nodejs\;C:\WINDOWS\system32\config\systemprofile\.dnx\bin;C:\Program Files\Microsoft DNX\Dnvm\;C:\Program Files (x86)\Windows Kits\8.1\Windows Performance Toolkit\;C:\Program Files\Microsoft SQL Server\130\Tools\Binn\;C:\Program Files (x86)\QuickTime\QTSystem\;C:\Program Files\Git\cmd;C:\Users\Kevin's Playtime\AppData\Local\Programs\Python\Python35-32\Scripts\;C:\Users\Kevin's Playtime\AppData\Local\Programs\Python\Python35-32\;c:\users\kevin's playtime\appdata\local\enthought\canopy\user\scripts;C:\Users\Kevin's Playtime\AppData\Local\Enthought\Canopy\User;C:\Users\Kevin's Playtime\AppData\Local\Enthought\Canopy\User\Scripts;C:\Users\Kevin's Playtime\AppData\Roaming\npm
USERNAME=Kevin
OS=Windows_NT
PROCESSOR_IDENTIFIER=Intel64 Family 6 Model 58 Stepping 9, GenuineIntel



---------------  S Y S T E M  ---------------

OS: Windows 10.0 , 64 bit Build 10586 (10.0.10586.0)

CPU:total 8 (4 cores per cpu, 2 threads per core) family 6 model 58 stepping 9, cmov, cx8, fxsr, mmx, sse, sse2, sse3, ssse3, sse4.1, sse4.2, popcnt, avx, aes, clmul, erms, ht, tsc, tscinvbit, tscinv

Memory: 4k page, physical 8318812k(1170148k free), swap 12513116k(4184k free)

vm_info: Java HotSpot(TM) 64-Bit Server VM (25.91-b14) for windows-amd64 JRE (1.8.0_91-b14), built on Apr  1 2016 00:58:32 by "java_re" with MS VC++ 10.0 (VS2010)

time: Tue Jun 21 20:59:45 2016
elapsed time: 1 seconds (0d 0h 0m 1s)

