#
# There is insufficient memory for the Java Runtime Environment to continue.
# Native memory allocation (malloc) failed to allocate 1308816 bytes for Chunk::new
# Possible reasons:
#   The system is out of physical RAM or swap space
#   In 32 bit mode, the process size limit was hit
# Possible solutions:
#   Reduce memory load on the system
#   Increase physical memory or swap space
#   Check if swap backing store is full
#   Use 64 bit Java on a 64 bit OS
#   Decrease Java heap size (-Xmx/-Xms)
#   Decrease number of Java threads
#   Decrease Java thread stack sizes (-Xss)
#   Set larger code cache with -XX:ReservedCodeCacheSize=
# This output file may be truncated or incomplete.
#
#  Out of Memory Error (allocation.cpp:390), pid=3868, tid=9136
#
# JRE version: Java(TM) SE Runtime Environment (8.0_91-b14) (build 1.8.0_91-b14)
# Java VM: Java HotSpot(TM) 64-Bit Server VM (25.91-b14 mixed mode windows-amd64 compressed oops)
# Failed to write core dump. Minidumps are not enabled by default on client versions of Windows
#

---------------  T H R E A D  ---------------

Current thread (0x0000000016f0e800):  JavaThread "C2 CompilerThread1" daemon [_thread_in_native, id=9136, stack(0x00000000176e0000,0x00000000177e0000)]

Stack: [0x00000000176e0000,0x00000000177e0000]
[error occurred during error reporting (printing stack bounds), id 0xc0000005]

Native frames: (J=compiled Java code, j=interpreted, Vv=VM code, C=native code)


Current CompileTask:
C2:    573  859       4       com.android.dx.merge.DexMerger::transformDebugInfoItem (313 bytes)


---------------  P R O C E S S  ---------------

Java Threads: ( => current thread )
  0x0000000016f3a000 JavaThread "Service Thread" daemon [_thread_blocked, id=11884, stack(0x00000000179e0000,0x0000000017ae0000)]
  0x0000000016f1c800 JavaThread "C1 CompilerThread3" daemon [_thread_blocked, id=12112, stack(0x00000000178e0000,0x00000000179e0000)]
  0x0000000016f18000 JavaThread "C2 CompilerThread2" daemon [_thread_blocked, id=11172, stack(0x00000000177e0000,0x00000000178e0000)]
=>0x0000000016f0e800 JavaThread "C2 CompilerThread1" daemon [_thread_in_native, id=9136, stack(0x00000000176e0000,0x00000000177e0000)]
  0x0000000016f0c800 JavaThread "C2 CompilerThread0" daemon [_thread_in_native, id=2068, stack(0x00000000175e0000,0x00000000176e0000)]
  0x0000000016f09800 JavaThread "Attach Listener" daemon [_thread_blocked, id=12760, stack(0x00000000174e0000,0x00000000175e0000)]
  0x0000000016f08000 JavaThread "Signal Dispatcher" daemon [_thread_blocked, id=9772, stack(0x00000000173e0000,0x00000000174e0000)]
  0x00000000023e9000 JavaThread "Finalizer" daemon [_thread_blocked, id=14440, stack(0x00000000172e0000,0x00000000173e0000)]
  0x000000001500d800 JavaThread "Reference Handler" daemon [_thread_blocked, id=5684, stack(0x0000000016de0000,0x0000000016ee0000)]
  0x00000000024ee800 JavaThread "main" [_thread_in_native, id=7372, stack(0x0000000002170000,0x0000000002270000)]

Other Threads:
  0x0000000015009000 VMThread [stack: 0x0000000016ce0000,0x0000000016de0000] [id=14616]
  0x0000000016f3c800 WatcherThread [stack: 0x0000000017ae0000,0x0000000017be0000] [id=12656]

VM state:not at safepoint (normal execution)

VM Mutex/Monitor currently owned by a thread: None

Heap:
 PSYoungGen      total 71680K, used 6850K [0x00000000eab00000, 0x00000000ef600000, 0x0000000100000000)
  eden space 66560K, 2% used [0x00000000eab00000,0x00000000eacb6c28,0x00000000eec00000)
  from space 5120K, 99% used [0x00000000ef100000,0x00000000ef5f9e38,0x00000000ef600000)
  to   space 5120K, 0% used [0x00000000eec00000,0x00000000eec00000,0x00000000ef100000)
 ParOldGen       total 87552K, used 44428K [0x00000000c0000000, 0x00000000c5580000, 0x00000000eab00000)
  object space 87552K, 50% used [0x00000000c0000000,0x00000000c2b63070,0x00000000c5580000)
 Metaspace       used 4969K, capacity 5496K, committed 5760K, reserved 1056768K
  class space    used 550K, capacity 560K, committed 640K, reserved 1048576K

Card table byte_map: [0x00000000118b0000,0x0000000011ac0000] byte_map_base: 0x00000000112b0000

Marking Bits: (ParMarkBitMap*) 0x0000000077682f70
 Begin Bits: [0x0000000012420000, 0x0000000013420000)
 End Bits:   [0x0000000013420000, 0x0000000014420000)

Polling page: 0x0000000002270000

CodeCache: size=245760Kb used=3252Kb max_used=3252Kb free=242507Kb
 bounds [0x00000000024f0000, 0x0000000002830000, 0x00000000114f0000]
 total_blobs=1256 nmethods=978 adapters=191
 compilation: enabled

Compilation events (10 events):
Event: 0.540 Thread 0x0000000016f1c800  956       3       java.security.MessageDigest::update (45 bytes)
Event: 0.540 Thread 0x0000000016f0c800 nmethod 947 0x0000000002801010 code [0x0000000002801140, 0x00000000028011b8]
Event: 0.540 Thread 0x0000000016f0c800  785       4       com.android.dx.io.instructions.OneRegisterDecodedInstruction::<init> (20 bytes)
Event: 0.540 Thread 0x0000000016f1c800 nmethod 956 0x00000000028008d0 code [0x0000000002800a60, 0x0000000002800e68]
Event: 0.540 Thread 0x0000000016f1c800  957       3       java.security.MessageDigest$Delegate::engineUpdate (11 bytes)
Event: 0.540 Thread 0x0000000016f1c800 nmethod 957 0x00000000027fef10 code [0x00000000027ff080, 0x00000000027ff2a8]
Event: 0.541 Thread 0x0000000016f0c800 nmethod 785 0x00000000027fe9d0 code [0x00000000027feb20, 0x00000000027fecd8]
Event: 0.542 Thread 0x0000000016f0c800  794       4       com.android.dx.io.instructions.InstructionCodec::access$200 (5 bytes)
Event: 0.542 Thread 0x0000000016f0c800 nmethod 794 0x0000000002676a90 code [0x0000000002676bc0, 0x0000000002676bf8]
Event: 0.542 Thread 0x0000000016f0c800  955       4       sun.security.provider.SHA::implCompress (491 bytes)

GC Heap History (4 events):
Event: 0.300 GC heap before
{Heap before GC invocations=1 (full 0):
 PSYoungGen      total 38400K, used 33280K [0x00000000eab00000, 0x00000000ed580000, 0x0000000100000000)
  eden space 33280K, 100% used [0x00000000eab00000,0x00000000ecb80000,0x00000000ecb80000)
  from space 5120K, 0% used [0x00000000ed080000,0x00000000ed080000,0x00000000ed580000)
  to   space 5120K, 0% used [0x00000000ecb80000,0x00000000ecb80000,0x00000000ed080000)
 ParOldGen       total 87552K, used 0K [0x00000000c0000000, 0x00000000c5580000, 0x00000000eab00000)
  object space 87552K, 0% used [0x00000000c0000000,0x00000000c0000000,0x00000000c5580000)
 Metaspace       used 3904K, capacity 5008K, committed 5120K, reserved 1056768K
  class space    used 425K, capacity 456K, committed 512K, reserved 1048576K
Event: 0.308 GC heap after
Heap after GC invocations=1 (full 0):
 PSYoungGen      total 38400K, used 5113K [0x00000000eab00000, 0x00000000ef600000, 0x0000000100000000)
  eden space 33280K, 0% used [0x00000000eab00000,0x00000000eab00000,0x00000000ecb80000)
  from space 5120K, 99% used [0x00000000ecb80000,0x00000000ed07e618,0x00000000ed080000)
  to   space 5120K, 0% used [0x00000000ef100000,0x00000000ef100000,0x00000000ef600000)
 ParOldGen       total 87552K, used 26760K [0x00000000c0000000, 0x00000000c5580000, 0x00000000eab00000)
  object space 87552K, 30% used [0x00000000c0000000,0x00000000c1a223e0,0x00000000c5580000)
 Metaspace       used 3904K, capacity 5008K, committed 5120K, reserved 1056768K
  class space    used 425K, capacity 456K, committed 512K, reserved 1048576K
}
Event: 0.491 GC heap before
{Heap before GC invocations=2 (full 0):
 PSYoungGen      total 38400K, used 38393K [0x00000000eab00000, 0x00000000ef600000, 0x0000000100000000)
  eden space 33280K, 100% used [0x00000000eab00000,0x00000000ecb80000,0x00000000ecb80000)
  from space 5120K, 99% used [0x00000000ecb80000,0x00000000ed07e618,0x00000000ed080000)
  to   space 5120K, 0% used [0x00000000ef100000,0x00000000ef100000,0x00000000ef600000)
 ParOldGen       total 87552K, used 26760K [0x00000000c0000000, 0x00000000c5580000, 0x00000000eab00000)
  object space 87552K, 30% used [0x00000000c0000000,0x00000000c1a223e0,0x00000000c5580000)
 Metaspace       used 4387K, capacity 5424K, committed 5632K, reserved 1056768K
  class space    used 472K, capacity 488K, committed 512K, reserved 1048576K
Event: 0.497 GC heap after
Heap after GC invocations=2 (full 0):
 PSYoungGen      total 71680K, used 5095K [0x00000000eab00000, 0x00000000ef600000, 0x0000000100000000)
  eden space 66560K, 0% used [0x00000000eab00000,0x00000000eab00000,0x00000000eec00000)
  from space 5120K, 99% used [0x00000000ef100000,0x00000000ef5f9e38,0x00000000ef600000)
  to   space 5120K, 0% used [0x00000000eec00000,0x00000000eec00000,0x00000000ef100000)
 ParOldGen       total 87552K, used 44428K [0x00000000c0000000, 0x00000000c5580000, 0x00000000eab00000)
  object space 87552K, 50% used [0x00000000c0000000,0x00000000c2b63070,0x00000000c5580000)
 Metaspace       used 4387K, capacity 5424K, committed 5632K, reserved 1056768K
  class space    used 472K, capacity 488K, committed 512K, reserved 1048576K
}

Deoptimization events (10 events):
Event: 0.391 Thread 0x00000000024ee800 Uncommon trap: reason=unstable_if action=reinterpret pc=0x000000000274c7d0 method=java.util.HashMap.getNode(ILjava/lang/Object;)Ljava/util/HashMap$Node; @ 84
Event: 0.393 Thread 0x00000000024ee800 Uncommon trap: reason=unstable_if action=reinterpret pc=0x00000000026cde34 method=com.android.dx.merge.IndexMap.adjustString(I)I @ 2
Event: 0.505 Thread 0x00000000024ee800 Uncommon trap: reason=speculate_class_check action=maybe_recompile pc=0x0000000002763798 method=java.util.HashMap.putVal(ILjava/lang/Object;Ljava/lang/Object;ZZ)Ljava/lang/Object; @ 56
Event: 0.505 Thread 0x00000000024ee800 Uncommon trap: reason=speculate_class_check action=maybe_recompile pc=0x00000000027637e4 method=java.util.HashMap.putVal(ILjava/lang/Object;Ljava/lang/Object;ZZ)Ljava/lang/Object; @ 152
Event: 0.505 Thread 0x00000000024ee800 Uncommon trap: reason=speculate_class_check action=maybe_recompile pc=0x0000000002763798 method=java.util.HashMap.putVal(ILjava/lang/Object;Ljava/lang/Object;ZZ)Ljava/lang/Object; @ 56
Event: 0.505 Thread 0x00000000024ee800 Uncommon trap: reason=speculate_class_check action=maybe_recompile pc=0x0000000002763798 method=java.util.HashMap.putVal(ILjava/lang/Object;Ljava/lang/Object;ZZ)Ljava/lang/Object; @ 56
Event: 0.505 Thread 0x00000000024ee800 Uncommon trap: reason=class_check action=maybe_recompile pc=0x0000000002738a0c method=java.util.HashMap.putVal(ILjava/lang/Object;Ljava/lang/Object;ZZ)Ljava/lang/Object; @ 56
Event: 0.505 Thread 0x00000000024ee800 Uncommon trap: reason=class_check action=maybe_recompile pc=0x0000000002738a0c method=java.util.HashMap.putVal(ILjava/lang/Object;Ljava/lang/Object;ZZ)Ljava/lang/Object; @ 56
Event: 0.505 Thread 0x00000000024ee800 Uncommon trap: reason=class_check action=maybe_recompile pc=0x0000000002738a0c method=java.util.HashMap.putVal(ILjava/lang/Object;Ljava/lang/Object;ZZ)Ljava/lang/Object; @ 56
Event: 0.505 Thread 0x00000000024ee800 Uncommon trap: reason=class_check action=maybe_recompile pc=0x0000000002738a0c method=java.util.HashMap.putVal(ILjava/lang/Object;Ljava/lang/Object;ZZ)Ljava/lang/Object; @ 56

Internal exceptions (2 events):
Event: 0.035 Thread 0x00000000024ee800 Exception <a 'java/lang/NoSuchMethodError': Method sun.misc.Unsafe.defineClass(Ljava/lang/String;[BII)Ljava/lang/Class; name or signature does not match> (0x00000000eab07cc0) thrown at [C:\re\workspace\8-2-build-windows-amd64-cygwin\jdk8u91\6644\hotspot\sr ›?bï¡?
Event: 0.035 Thread 0x00000000024ee800 Exception <a 'java/lang/NoSuchMethodError': Method sun.misc.Unsafe.prefetchRead(Ljava/lang/Object;J)V name or signature does not match> (0x00000000eab07fa8) thrown at [C:\re\workspace\8-2-build-windows-amd64-cygwin\jdk8u91\6644\hotspot\src\share\vm\prims\j

Events (10 events):
Event: 0.551 Thread 0x00000000024ee800 DEOPT PACKING pc=0x00000000027fa89d sp=0x000000000226ec00
Event: 0.551 Thread 0x00000000024ee800 DEOPT UNPACKING pc=0x000000000253787f sp=0x000000000226e900 mode 0
Event: 0.551 Thread 0x00000000024ee800 DEOPT PACKING pc=0x00000000027fa7fe sp=0x000000000226ec00
Event: 0.551 Thread 0x00000000024ee800 DEOPT UNPACKING pc=0x000000000253787f sp=0x000000000226e900 mode 0
Event: 0.551 Thread 0x00000000024ee800 DEOPT PACKING pc=0x00000000027fa7fe sp=0x000000000226ec00
Event: 0.551 Thread 0x00000000024ee800 DEOPT UNPACKING pc=0x000000000253787f sp=0x000000000226e900 mode 0
Event: 0.551 Thread 0x00000000024ee800 DEOPT PACKING pc=0x00000000027fa7fe sp=0x000000000226ec00
Event: 0.551 Thread 0x00000000024ee800 DEOPT UNPACKING pc=0x000000000253787f sp=0x000000000226e900 mode 0
Event: 0.551 Thread 0x00000000024ee800 DEOPT PACKING pc=0x00000000027fa7fe sp=0x000000000226ec00
Event: 0.551 Thread 0x00000000024ee800 DEOPT UNPACKING pc=0x000000000253787f sp=0x000000000226e900 mode 0


Dynamic libraries:
0x00007ff7ff880000 - 0x00007ff7ff8b7000 	C:\Program Files\Java\jdk1.8.0_91\bin\java.exe
0x00007fff74340000 - 0x00007fff74501000 	C:\WINDOWS\SYSTEM32\ntdll.dll
0x00007fff72430000 - 0x00007fff724dd000 	C:\WINDOWS\system32\KERNEL32.DLL
0x00007fff70d20000 - 0x00007fff70f08000 	C:\WINDOWS\system32\KERNELBASE.dll
0x00007fff71740000 - 0x00007fff717e7000 	C:\WINDOWS\system32\ADVAPI32.dll
0x00007fff71fb0000 - 0x00007fff7204d000 	C:\WINDOWS\system32\msvcrt.dll
0x00007fff717f0000 - 0x00007fff7184b000 	C:\WINDOWS\system32\sechost.dll
0x00007fff72bf0000 - 0x00007fff72d0c000 	C:\WINDOWS\system32\RPCRT4.dll
0x00007fff729c0000 - 0x00007fff72b16000 	C:\WINDOWS\system32\USER32.dll
0x00007fff72680000 - 0x00007fff72806000 	C:\WINDOWS\system32\GDI32.dll
0x00007fff6ca00000 - 0x00007fff6cc74000 	C:\WINDOWS\WinSxS\amd64_microsoft.windows.common-controls_6595b64144ccf1df_6.0.10586.0_none_8c15ae12515e1c22\COMCTL32.dll
0x00007fff72050000 - 0x00007fff722cd000 	C:\WINDOWS\system32\combase.dll
0x00007fff70c20000 - 0x00007fff70c8a000 	C:\WINDOWS\system32\bcryptPrimitives.dll
0x00007fff724e0000 - 0x00007fff7251b000 	C:\WINDOWS\system32\IMM32.DLL
0x0000000077710000 - 0x00000000777e2000 	C:\Program Files\Java\jdk1.8.0_91\jre\bin\msvcr100.dll
0x0000000076e70000 - 0x0000000077703000 	C:\Program Files\Java\jdk1.8.0_91\jre\bin\server\jvm.dll
0x00007fff719a0000 - 0x00007fff719a8000 	C:\WINDOWS\system32\PSAPI.DLL
0x00007fff6e050000 - 0x00007fff6e059000 	C:\WINDOWS\SYSTEM32\WSOCK32.dll
0x00007fff6d090000 - 0x00007fff6d09a000 	C:\WINDOWS\SYSTEM32\VERSION.dll
0x00007fff6f060000 - 0x00007fff6f083000 	C:\WINDOWS\SYSTEM32\WINMM.dll
0x00007fff72610000 - 0x00007fff7267b000 	C:\WINDOWS\system32\WS2_32.dll
0x00007fff6ed00000 - 0x00007fff6ed2c000 	C:\WINDOWS\SYSTEM32\WINMMBASE.dll
0x00007fff716f0000 - 0x00007fff71733000 	C:\WINDOWS\system32\cfgmgr32.dll
0x0000000076e60000 - 0x0000000076e6f000 	C:\Program Files\Java\jdk1.8.0_91\jre\bin\verify.dll
0x0000000076e30000 - 0x0000000076e59000 	C:\Program Files\Java\jdk1.8.0_91\jre\bin\java.dll
0x0000000076e10000 - 0x0000000076e26000 	C:\Program Files\Java\jdk1.8.0_91\jre\bin\zip.dll
0x00007fff72d70000 - 0x00007fff742cc000 	C:\WINDOWS\system32\SHELL32.dll
0x00007fff71080000 - 0x00007fff716c4000 	C:\WINDOWS\system32\windows.storage.dll
0x00007fff72d10000 - 0x00007fff72d62000 	C:\WINDOWS\system32\shlwapi.dll
0x00007fff70970000 - 0x00007fff7097f000 	C:\WINDOWS\system32\kernel.appcore.dll
0x00007fff70fc0000 - 0x00007fff71075000 	C:\WINDOWS\system32\shcore.dll
0x00007fff70980000 - 0x00007fff709cb000 	C:\WINDOWS\system32\powrprof.dll
0x00007fff709d0000 - 0x00007fff709e4000 	C:\WINDOWS\system32\profapi.dll

VM Arguments:
jvm_args: -Djava.awt.headless=true -Xmx1024M -Dfile.encoding=windows-1252 -Duser.country=CA -Duser.language=en -Duser.variant 
java_command: com.android.dx.command.Main --dex --num-threads=4 --output C:\Users\Kevin's Playtime\AndroidStudioProjects\Moments\app\build\intermediates\transforms\dex\debug\folders\1000\1f\main C:\Users\Kevin's Playtime\AndroidStudioProjects\Moments\app\build\intermediates\pre-dexed\debug\com.android.support-cardview-v7-23.4.0_e3294235131e7728b630c291ba9936ea4c3f727d.jar C:\Users\Kevin's Playtime\AndroidStudioProjects\Moments\app\build\intermediates\pre-dexed\debug\com.jakewharton-butterknife-8.1.0_353dd4028260541433a522bc1be27f0b857c0141.jar C:\Users\Kevin's Playtime\AndroidStudioProjects\Moments\app\build\intermediates\pre-dexed\debug\picasso-2.5.2_5ee92e388ddf1d5aa06abb59262c987431e98fe9.jar C:\Users\Kevin's Playtime\AndroidStudioProjects\Moments\app\build\intermediates\pre-dexed\debug\com.android.support-support-v4-23.4.0_b392008f3648a19ba24ed20a6baeeabf54eafeb4.jar C:\Users\Kevin's Playtime\AndroidStudioProjects\Moments\app\build\intermediates\pre-dexed\debug\support-annotations-23.4.0_fc18a0fdc80391aaf9a93e629f1a6f03cf6a9cf4.jar C:\Users\Kevin's Playtime\AndroidStudioProjects\Moments\app\build\intermediates\pre-dexed\debug\butterknife-annotations-8.1.0_4b5413bbec698b977e9a12bfbe545ede5d7d0d63.jar C:\Users\Kevin's Playtime\AndroidStudioProjects\Moments\app\build\intermediates\pre-dexed\debug\com.android.support-design-23.4.0_e9e7849ff7aabde779e333a968366ea37e4684e8.jar C:\Users\Kevin's Playtime\AndroidStudioProjects\Moments\app\build\intermediates\pre-dexed\debug\com.android.support-appcompat-v7-23.4.0_030b136d5cb35b377cbace5bee3f27ce51957556.jar C:\Users\Kevin's Playtime\AndroidStudioProjects\Moments\app\build\intermediates\pre-dexed\debug\debug_a414eb7c24e315936f848d63e31ba46a08b511ff.jar C:\Users\Kevin's Playtime\AndroidStudioProjects\Moments\app\build\intermediates\pre-dexed\debug\com.android.support-animated-vector-drawable-23.4.0_6dc8a2e1487913749cf81f1426358936f1f07618.jar C:\Users\Kevin's Playtime\AndroidStudioProjects\Moments\app\build\intermediates
java_class_path (initial): C:\Android\sdk\build-tools\23.0.2\lib\dx.jar
Launcher Type: SUN_STANDARD

Environment Variables:
JAVA_HOME=C:\Program Files\Java\jdk1.7.0_67
PATH=C:\ProgramData\Oracle\Java\javapath;C:\Program Files (x86)\Caminova\Document Express DjVu Plug-in\;c:\Program Files (x86)\Intel\iCLS Client\;c:\Program Files\Intel\iCLS Client\;C:\WINDOWS\system32;C:\WINDOWS;C:\WINDOWS\System32\Wbem;C:\WINDOWS\System32\WindowsPowerShell\v1.0\;C:\Program Files\Intel\Intel(R) Management Engine Components\DAL;C:\Program Files\Intel\Intel(R) Management Engine Components\IPT;C:\Program Files (x86)\Intel\Intel(R) Management Engine Components\DAL;C:\Program Files (x86)\Intel\Intel(R) Management Engine Components\IPT;C:\Program Files (x86)\Windows Live\Shared;C:\Program Files (x86)\Skype\Phone\;C:\Program Files\nodejs\;C:\WINDOWS\system32\config\systemprofile\.dnx\bin;C:\Program Files\Microsoft DNX\Dnvm\;C:\Program Files (x86)\Windows Kits\8.1\Windows Performance Toolkit\;C:\Program Files\Microsoft SQL Server\130\Tools\Binn\;C:\Program Files (x86)\QuickTime\QTSystem\;C:\Program Files\Git\cmd;C:\Users\Kevin's Playtime\AppData\Local\Programs\Python\Python35-32\Scripts\;C:\Users\Kevin's Playtime\AppData\Local\Programs\Python\Python35-32\;c:\users\kevin's playtime\appdata\local\enthought\canopy\user\scripts;C:\Users\Kevin's Playtime\AppData\Local\Enthought\Canopy\User;C:\Users\Kevin's Playtime\AppData\Local\Enthought\Canopy\User\Scripts;C:\Users\Kevin's Playtime\AppData\Roaming\npm
USERNAME=Kevin
OS=Windows_NT
PROCESSOR_IDENTIFIER=Intel64 Family 6 Model 58 Stepping 9, GenuineIntel



---------------  S Y S T E M  ---------------

OS: Windows 10.0 , 64 bit Build 10586 (10.0.10586.0)

CPU:total 8 (4 cores per cpu, 2 threads per core) family 6 model 58 stepping 9, cmov, cx8, fxsr, mmx, sse, sse2, sse3, ssse3, sse4.1, sse4.2, popcnt, avx, aes, clmul, erms, ht, tsc, tscinvbit, tscinv

Memory: 4k page, physical 8318812k(1165756k free), swap 12513116k(4276k free)

vm_info: Java HotSpot(TM) 64-Bit Server VM (25.91-b14) for windows-amd64 JRE (1.8.0_91-b14), built on Apr  1 2016 00:58:32 by "java_re" with MS VC++ 10.0 (VS2010)

time: Fri Jun 24 18:33:15 2016
elapsed time: 0 seconds (0d 0h 0m 0s)

