#
# There is insufficient memory for the Java Runtime Environment to continue.
# Native memory allocation (malloc) failed to allocate 1134736 bytes for Chunk::new
# Possible reasons:
#   The system is out of physical RAM or swap space
#   In 32 bit mode, the process size limit was hit
# Possible solutions:
#   Reduce memory load on the system
#   Increase physical memory or swap space
#   Check if swap backing store is full
#   Use 64 bit Java on a 64 bit OS
#   Decrease Java heap size (-Xmx/-Xms)
#   Decrease number of Java threads
#   Decrease Java thread stack sizes (-Xss)
#   Set larger code cache with -XX:ReservedCodeCacheSize=
# This output file may be truncated or incomplete.
#
#  Out of Memory Error (allocation.cpp:390), pid=23868, tid=31788
#
# JRE version: Java(TM) SE Runtime Environment (8.0_91-b14) (build 1.8.0_91-b14)
# Java VM: Java HotSpot(TM) 64-Bit Server VM (25.91-b14 mixed mode windows-amd64 compressed oops)
# Failed to write core dump. Minidumps are not enabled by default on client versions of Windows
#

---------------  T H R E A D  ---------------

Current thread (0x0000000016c6d800):  JavaThread "C2 CompilerThread1" daemon [_thread_in_native, id=31788, stack(0x0000000017530000,0x0000000017630000)]

Stack: [0x0000000017530000,0x0000000017630000]
[error occurred during error reporting (printing stack bounds), id 0xc0000005]

Native frames: (J=compiled Java code, j=interpreted, Vv=VM code, C=native code)


Current CompileTask:
C2:   7453 1820       4       com.android.dx.ssa.SsaConverter::placePhiFunctions (394 bytes)


---------------  P R O C E S S  ---------------

Java Threads: ( => current thread )
  0x0000000016f73000 JavaThread "pool-1-thread-3" [_thread_in_Java, id=24712, stack(0x0000000017d30000,0x0000000017e30000)]
  0x0000000016f06000 JavaThread "pool-2-thread-1" [_thread_blocked, id=32468, stack(0x0000000017b30000,0x0000000017c30000)]
  0x0000000016c7c000 JavaThread "Service Thread" daemon [_thread_blocked, id=31800, stack(0x0000000017830000,0x0000000017930000)]
  0x0000000016c76000 JavaThread "C1 CompilerThread3" daemon [_thread_blocked, id=32284, stack(0x0000000017730000,0x0000000017830000)]
  0x0000000016c70000 JavaThread "C2 CompilerThread2" daemon [_thread_in_native, id=31796, stack(0x0000000017630000,0x0000000017730000)]
=>0x0000000016c6d800 JavaThread "C2 CompilerThread1" daemon [_thread_in_native, id=31788, stack(0x0000000017530000,0x0000000017630000)]
  0x0000000016c6b000 JavaThread "C2 CompilerThread0" daemon [_thread_in_native, id=31808, stack(0x0000000017430000,0x0000000017530000)]
  0x0000000016c68800 JavaThread "Attach Listener" daemon [_thread_blocked, id=30648, stack(0x0000000017330000,0x0000000017430000)]
  0x0000000016c67000 JavaThread "Signal Dispatcher" daemon [_thread_blocked, id=20452, stack(0x0000000017230000,0x0000000017330000)]
  0x0000000002229000 JavaThread "Finalizer" daemon [_thread_blocked, id=32324, stack(0x0000000017040000,0x0000000017140000)]
  0x0000000002225800 JavaThread "Reference Handler" daemon [_thread_blocked, id=22856, stack(0x0000000016b40000,0x0000000016c40000)]
  0x000000000212d800 JavaThread "main" [_thread_blocked, id=26096, stack(0x0000000001ff0000,0x00000000020f0000)]

Other Threads:
  0x0000000014d49000 VMThread [stack: 0x0000000016a40000,0x0000000016b40000] [id=12280]
  0x0000000016ca2000 WatcherThread [stack: 0x0000000017930000,0x0000000017a30000] [id=11976]

VM state:not at safepoint (normal execution)

VM Mutex/Monitor currently owned by a thread: None

Heap:
 PSYoungGen      total 138240K, used 13983K [0x00000000eab00000, 0x00000000f3700000, 0x0000000100000000)
  eden space 133120K, 6% used [0x00000000eab00000,0x00000000eb3acfc0,0x00000000f2d00000)
  from space 5120K, 99% used [0x00000000f3200000,0x00000000f36fad48,0x00000000f3700000)
  to   space 5120K, 0% used [0x00000000f2d00000,0x00000000f2d00000,0x00000000f3200000)
 ParOldGen       total 87552K, used 24839K [0x00000000c0000000, 0x00000000c5580000, 0x00000000eab00000)
  object space 87552K, 28% used [0x00000000c0000000,0x00000000c1841ce8,0x00000000c5580000)
 Metaspace       used 6360K, capacity 7128K, committed 7424K, reserved 1056768K
  class space    used 627K, capacity 656K, committed 768K, reserved 1048576K

Card table byte_map: [0x00000000115f0000,0x0000000011800000] byte_map_base: 0x0000000010ff0000

Marking Bits: (ParMarkBitMap*) 0x0000000065462f70
 Begin Bits: [0x0000000012160000, 0x0000000013160000)
 End Bits:   [0x0000000013160000, 0x0000000014160000)

Polling page: 0x0000000000520000

CodeCache: size=245760Kb used=8535Kb max_used=8535Kb free=237224Kb
 bounds [0x0000000002230000, 0x0000000002a90000, 0x0000000011230000]
 total_blobs=2089 nmethods=1820 adapters=182
 compilation: enabled

Compilation events (10 events):
Event: 7.218 Thread 0x0000000016c76000 1857       2       com.android.dx.dex.code.TargetInsn::<init> (29 bytes)
Event: 7.219 Thread 0x0000000016c76000 nmethod 1857 0x0000000002a80450 code [0x0000000002a805c0, 0x0000000002a80818]
Event: 7.422 Thread 0x0000000016c76000 1859       3       com.android.dx.dex.cf.CfTranslator::translate0 (259 bytes)
Event: 7.423 Thread 0x0000000016c70000 nmethod 1838 0x0000000002a85b50 code [0x0000000002a85e00, 0x0000000002a88348]
Event: 7.423 Thread 0x0000000016c70000 1825       4       com.android.dx.util.IntList::binarysearch (124 bytes)
Event: 7.425 Thread 0x0000000016c70000 nmethod 1825 0x0000000002a82910 code [0x0000000002a82a60, 0x0000000002a82bf8]
Event: 7.425 Thread 0x0000000016c70000 1845       4       com.android.dx.ssa.back.SsaToRop::convertBasicBlock (126 bytes)
Event: 7.425 Thread 0x0000000016c76000 nmethod 1859 0x0000000002a8ab10 code [0x0000000002a8afa0, 0x0000000002a8de98]
Event: 7.425 Thread 0x0000000016c76000 1860       2       com.android.dx.ssa.NormalSsaInsn::changeOneSource (120 bytes)
Event: 7.426 Thread 0x0000000016c76000 nmethod 1860 0x0000000002a815d0 code [0x0000000002a817e0, 0x0000000002a81f38]

GC Heap History (8 events):
Event: 2.668 GC heap before
{Heap before GC invocations=1 (full 0):
 PSYoungGen      total 38400K, used 33280K [0x00000000eab00000, 0x00000000ed580000, 0x0000000100000000)
  eden space 33280K, 100% used [0x00000000eab00000,0x00000000ecb80000,0x00000000ecb80000)
  from space 5120K, 0% used [0x00000000ed080000,0x00000000ed080000,0x00000000ed580000)
  to   space 5120K, 0% used [0x00000000ecb80000,0x00000000ecb80000,0x00000000ed080000)
 ParOldGen       total 87552K, used 0K [0x00000000c0000000, 0x00000000c5580000, 0x00000000eab00000)
  object space 87552K, 0% used [0x00000000c0000000,0x00000000c0000000,0x00000000c5580000)
 Metaspace       used 5958K, capacity 6898K, committed 7040K, reserved 1056768K
  class space    used 601K, capacity 618K, committed 640K, reserved 1048576K
Event: 2.782 GC heap after
Heap after GC invocations=1 (full 0):
 PSYoungGen      total 38400K, used 5101K [0x00000000eab00000, 0x00000000ef600000, 0x0000000100000000)
  eden space 33280K, 0% used [0x00000000eab00000,0x00000000eab00000,0x00000000ecb80000)
  from space 5120K, 99% used [0x00000000ecb80000,0x00000000ed07b510,0x00000000ed080000)
  to   space 5120K, 0% used [0x00000000ef100000,0x00000000ef100000,0x00000000ef600000)
 ParOldGen       total 87552K, used 1597K [0x00000000c0000000, 0x00000000c5580000, 0x00000000eab00000)
  object space 87552K, 1% used [0x00000000c0000000,0x00000000c018f410,0x00000000c5580000)
 Metaspace       used 5958K, capacity 6898K, committed 7040K, reserved 1056768K
  class space    used 601K, capacity 618K, committed 640K, reserved 1048576K
}
Event: 4.154 GC heap before
{Heap before GC invocations=2 (full 0):
 PSYoungGen      total 38400K, used 38381K [0x00000000eab00000, 0x00000000ef600000, 0x0000000100000000)
  eden space 33280K, 100% used [0x00000000eab00000,0x00000000ecb80000,0x00000000ecb80000)
  from space 5120K, 99% used [0x00000000ecb80000,0x00000000ed07b510,0x00000000ed080000)
  to   space 5120K, 0% used [0x00000000ef100000,0x00000000ef100000,0x00000000ef600000)
 ParOldGen       total 87552K, used 1597K [0x00000000c0000000, 0x00000000c5580000, 0x00000000eab00000)
  object space 87552K, 1% used [0x00000000c0000000,0x00000000c018f410,0x00000000c5580000)
 Metaspace       used 6124K, capacity 7026K, committed 7296K, reserved 1056768K
  class space    used 603K, capacity 618K, committed 640K, reserved 1048576K
Event: 4.810 GC heap after
Heap after GC invocations=2 (full 0):
 PSYoungGen      total 71680K, used 5119K [0x00000000eab00000, 0x00000000ef600000, 0x0000000100000000)
  eden space 66560K, 0% used [0x00000000eab00000,0x00000000eab00000,0x00000000eec00000)
  from space 5120K, 99% used [0x00000000ef100000,0x00000000ef5fffc8,0x00000000ef600000)
  to   space 5120K, 0% used [0x00000000eec00000,0x00000000eec00000,0x00000000ef100000)
 ParOldGen       total 87552K, used 5413K [0x00000000c0000000, 0x00000000c5580000, 0x00000000eab00000)
  object space 87552K, 6% used [0x00000000c0000000,0x00000000c0549688,0x00000000c5580000)
 Metaspace       used 6124K, capacity 7026K, committed 7296K, reserved 1056768K
  class space    used 603K, capacity 618K, committed 640K, reserved 1048576K
}
Event: 6.746 GC heap before
{Heap before GC invocations=3 (full 0):
 PSYoungGen      total 71680K, used 71679K [0x00000000eab00000, 0x00000000ef600000, 0x0000000100000000)
  eden space 66560K, 100% used [0x00000000eab00000,0x00000000eec00000,0x00000000eec00000)
  from space 5120K, 99% used [0x00000000ef100000,0x00000000ef5fffc8,0x00000000ef600000)
  to   space 5120K, 0% used [0x00000000eec00000,0x00000000eec00000,0x00000000ef100000)
 ParOldGen       total 87552K, used 5413K [0x00000000c0000000, 0x00000000c5580000, 0x00000000eab00000)
  object space 87552K, 6% used [0x00000000c0000000,0x00000000c0549688,0x00000000c5580000)
 Metaspace       used 6322K, capacity 7128K, committed 7424K, reserved 1056768K
  class space    used 625K, capacity 656K, committed 768K, reserved 1048576K
Event: 6.824 GC heap after
Heap after GC invocations=3 (full 0):
 PSYoungGen      total 71680K, used 5109K [0x00000000eab00000, 0x00000000f3700000, 0x0000000100000000)
  eden space 66560K, 0% used [0x00000000eab00000,0x00000000eab00000,0x00000000eec00000)
  from space 5120K, 99% used [0x00000000eec00000,0x00000000ef0fd528,0x00000000ef100000)
  to   space 5120K, 0% used [0x00000000f3200000,0x00000000f3200000,0x00000000f3700000)
 ParOldGen       total 87552K, used 14877K [0x00000000c0000000, 0x00000000c5580000, 0x00000000eab00000)
  object space 87552K, 16% used [0x00000000c0000000,0x00000000c0e87648,0x00000000c5580000)
 Metaspace       used 6322K, capacity 7128K, committed 7424K, reserved 1056768K
  class space    used 625K, capacity 656K, committed 768K, reserved 1048576K
}
Event: 7.236 GC heap before
{Heap before GC invocations=4 (full 0):
 PSYoungGen      total 71680K, used 71669K [0x00000000eab00000, 0x00000000f3700000, 0x0000000100000000)
  eden space 66560K, 100% used [0x00000000eab00000,0x00000000eec00000,0x00000000eec00000)
  from space 5120K, 99% used [0x00000000eec00000,0x00000000ef0fd528,0x00000000ef100000)
  to   space 5120K, 0% used [0x00000000f3200000,0x00000000f3200000,0x00000000f3700000)
 ParOldGen       total 87552K, used 14877K [0x00000000c0000000, 0x00000000c5580000, 0x00000000eab00000)
  object space 87552K, 16% used [0x00000000c0000000,0x00000000c0e87648,0x00000000c5580000)
 Metaspace       used 6360K, capacity 7128K, committed 7424K, reserved 1056768K
  class space    used 627K, capacity 656K, committed 768K, reserved 1048576K
Event: 7.419 GC heap after
Heap after GC invocations=4 (full 0):
 PSYoungGen      total 138240K, used 5099K [0x00000000eab00000, 0x00000000f3700000, 0x0000000100000000)
  eden space 133120K, 0% used [0x00000000eab00000,0x00000000eab00000,0x00000000f2d00000)
  from space 5120K, 99% used [0x00000000f3200000,0x00000000f36fad48,0x00000000f3700000)
  to   space 5120K, 0% used [0x00000000f2d00000,0x00000000f2d00000,0x00000000f3200000)
 ParOldGen       total 87552K, used 24839K [0x00000000c0000000, 0x00000000c5580000, 0x00000000eab00000)
  object space 87552K, 28% used [0x00000000c0000000,0x00000000c1841ce8,0x00000000c5580000)
 Metaspace       used 6360K, capacity 7128K, committed 7424K, reserved 1056768K
  class space    used 627K, capacity 656K, committed 768K, reserved 1048576K
}

Deoptimization events (10 events):
Event: 6.377 Thread 0x0000000016f05000 Uncommon trap: reason=unstable_if action=reinterpret pc=0x00000000028d1484 method=java.util.HashMap.putVal(ILjava/lang/Object;Ljava/lang/Object;ZZ)Ljava/lang/Object; @ 109
Event: 6.474 Thread 0x0000000016f05000 Uncommon trap: reason=bimorphic action=maybe_recompile pc=0x00000000027a9efc method=com.android.dx.ssa.LiteralOpUpgrader.tryReplacingWithConstant(Lcom/android/dx/ssa/NormalSsaInsn;)Z @ 52
Event: 6.474 Thread 0x0000000016f05000 Uncommon trap: reason=bimorphic action=maybe_recompile pc=0x00000000027a9efc method=com.android.dx.ssa.LiteralOpUpgrader.tryReplacingWithConstant(Lcom/android/dx/ssa/NormalSsaInsn;)Z @ 52
Event: 6.475 Thread 0x0000000016f05000 Uncommon trap: reason=unstable_if action=reinterpret pc=0x0000000002813afc method=com.android.dx.rop.code.LocalVariableInfo.mergeStarts(ILcom/android/dx/rop/code/RegisterSpecSet;)Z @ 31
Event: 6.639 Thread 0x0000000016f73000 Uncommon trap: reason=unstable_if action=reinterpret pc=0x0000000002818f00 method=java.util.HashMap.resize()[Ljava/util/HashMap$Node; @ 206
Event: 6.938 Thread 0x0000000016f05000 Uncommon trap: reason=bimorphic action=maybe_recompile pc=0x00000000027a27b0 method=com.android.dx.ssa.LiteralOpUpgrader.tryReplacingWithConstant(Lcom/android/dx/ssa/NormalSsaInsn;)Z @ 52
Event: 7.053 Thread 0x0000000016f05000 Uncommon trap: reason=bimorphic action=maybe_recompile pc=0x00000000029f32e0 method=com.android.dx.cf.code.BytecodeArray.parseInstruction(ILcom/android/dx/cf/code/BytecodeArray$Visitor;)I @ 2484
Event: 7.053 Thread 0x0000000016f05000 Uncommon trap: reason=bimorphic action=maybe_recompile pc=0x00000000029f32e0 method=com.android.dx.cf.code.BytecodeArray.parseInstruction(ILcom/android/dx/cf/code/BytecodeArray$Visitor;)I @ 2484
Event: 7.059 Thread 0x0000000016f05000 Uncommon trap: reason=unstable_if action=reinterpret pc=0x000000000291c9ec method=com.android.dx.ssa.LocalVariableExtractor.processBlock(I)V @ 251
Event: 7.081 Thread 0x0000000016f73000 Uncommon trap: reason=unstable_if action=reinterpret pc=0x0000000002a2a5d0 method=com.android.dx.rop.code.DexTranslationAdvice.hasConstantOperation(Lcom/android/dx/rop/code/Rop;Lcom/android/dx/rop/code/RegisterSpec;Lcom/android/dx/rop/code/RegisterSpec;)Z îÑ≥èÅ@

Internal exceptions (6 events):
Event: 0.216 Thread 0x000000000212d800 Exception <a 'java/lang/NoSuchMethodError': Method sun.misc.Unsafe.defineClass(Ljava/lang/String;[BII)Ljava/lang/Class; name or signature does not match> (0x00000000eab07cc0) thrown at [C:\re\workspace\8-2-build-windows-amd64-cygwin\jdk8u91\6644\hotspot\sr¶
)w]ùÀ?
Event: 0.216 Thread 0x000000000212d800 Exception <a 'java/lang/NoSuchMethodError': Method sun.misc.Unsafe.prefetchRead(Ljava/lang/Object;J)V name or signature does not match> (0x00000000eab07fa8) thrown at [C:\re\workspace\8-2-build-windows-amd64-cygwin\jdk8u91\6644\hotspot\src\share\vm\prims\j)O¯∑Ú@
Event: 4.987 Thread 0x000000000212d800 Exception <a 'java/lang/ArrayIndexOutOfBoundsException': 18> (0x00000000ead80730) thrown at [C:\re\workspace\8-2-build-windows-amd64-cygwin\jdk8u91\6644\hotspot\src\share\vm\interpreter\interpreterRuntime.cpp, line 366]
Event: 4.987 Thread 0x000000000212d800 Exception <a 'java/lang/ArrayIndexOutOfBoundsException': 145> (0x00000000ead822b0) thrown at [C:\re\workspace\8-2-build-windows-amd64-cygwin\jdk8u91\6644\hotspot\src\share\vm\interpreter\interpreterRuntime.cpp, line 366]
Event: 4.988 Thread 0x000000000212d800 Exception <a 'java/lang/ArrayIndexOutOfBoundsException': 40> (0x00000000ead83598) thrown at [C:\re\workspace\8-2-build-windows-amd64-cygwin\jdk8u91\6644\hotspot\src\share\vm\interpreter\interpreterRuntime.cpp, line 366]
Event: 5.037 Thread 0x0000000016f6f800 Implicit null exception at 0x000000000255fe32 to 0x0000000002561695

Events (10 events):
Event: 7.204 Thread 0x0000000016f73000 DEOPT PACKING pc=0x00000000026b36a8 sp=0x0000000017e2edf0
Event: 7.204 Thread 0x0000000016f73000 DEOPT UNPACKING pc=0x000000000227787f sp=0x0000000017e2ec20 mode 0
Event: 7.213 Thread 0x0000000016f73000 DEOPT PACKING pc=0x000000000262c983 sp=0x0000000017e2eec0
Event: 7.213 Thread 0x0000000016f73000 DEOPT UNPACKING pc=0x000000000227787f sp=0x0000000017e2ec40 mode 0
Event: 7.228 Thread 0x0000000016f74000 Thread exited: 0x0000000016f74000
Event: 7.229 Executing VM operation: ParallelGCFailedAllocation
Event: 7.419 Executing VM operation: ParallelGCFailedAllocation done
Event: 7.422 Thread 0x0000000016f6f800 Thread exited: 0x0000000016f6f800
Event: 7.427 Thread 0x0000000016f73000 DEOPT PACKING pc=0x000000000262c983 sp=0x0000000017e2eda0
Event: 7.427 Thread 0x0000000016f73000 DEOPT UNPACKING pc=0x000000000227787f sp=0x0000000017e2eb20 mode 0


Dynamic libraries:
0x00007ff7d6900000 - 0x00007ff7d6937000 	C:\Program Files\Java\jdk1.8.0_91\bin\java.exe
0x00007fffaaa10000 - 0x00007fffaabd1000 	C:\WINDOWS\SYSTEM32\ntdll.dll
0x00007fffa7f20000 - 0x00007fffa7fcd000 	C:\WINDOWS\system32\KERNEL32.DLL
0x00007fffa70c0000 - 0x00007fffa72a8000 	C:\WINDOWS\system32\KERNELBASE.dll
0x00007fffaa700000 - 0x00007fffaa7a7000 	C:\WINDOWS\system32\ADVAPI32.dll
0x00007fffa8dd0000 - 0x00007fffa8e6d000 	C:\WINDOWS\system32\msvcrt.dll
0x00007fffa85b0000 - 0x00007fffa860b000 	C:\WINDOWS\system32\sechost.dll
0x00007fffa7fd0000 - 0x00007fffa80ec000 	C:\WINDOWS\system32\RPCRT4.dll
0x00007fffa80f0000 - 0x00007fffa8246000 	C:\WINDOWS\system32\USER32.dll
0x00007fffaa450000 - 0x00007fffaa5d6000 	C:\WINDOWS\system32\GDI32.dll
0x00007fffa1920000 - 0x00007fffa1b94000 	C:\WINDOWS\WinSxS\amd64_microsoft.windows.common-controls_6595b64144ccf1df_6.0.10586.0_none_8c15ae12515e1c22\COMCTL32.dll
0x00007fffa8250000 - 0x00007fffa84cd000 	C:\WINDOWS\system32\combase.dll
0x00007fffa7400000 - 0x00007fffa746a000 	C:\WINDOWS\system32\bcryptPrimitives.dll
0x00007fffaa5f0000 - 0x00007fffaa62b000 	C:\WINDOWS\system32\IMM32.DLL
0x00000000654f0000 - 0x00000000655c2000 	C:\Program Files\Java\jdk1.8.0_91\jre\bin\msvcr100.dll
0x0000000064c50000 - 0x00000000654e3000 	C:\Program Files\Java\jdk1.8.0_91\jre\bin\server\jvm.dll
0x00007fffa8610000 - 0x00007fffa8618000 	C:\WINDOWS\system32\PSAPI.DLL
0x00007fff9e4a0000 - 0x00007fff9e4a9000 	C:\WINDOWS\SYSTEM32\WSOCK32.dll
0x00007fffa8d60000 - 0x00007fffa8dcb000 	C:\WINDOWS\system32\WS2_32.dll
0x00007fffa55f0000 - 0x00007fffa5613000 	C:\WINDOWS\SYSTEM32\WINMM.dll
0x00007fffa2fa0000 - 0x00007fffa2faa000 	C:\WINDOWS\SYSTEM32\VERSION.dll
0x00007fffa55c0000 - 0x00007fffa55ec000 	C:\WINDOWS\SYSTEM32\WINMMBASE.dll
0x00007fffa7bd0000 - 0x00007fffa7c13000 	C:\WINDOWS\system32\cfgmgr32.dll
0x00000000665a0000 - 0x00000000665af000 	C:\Program Files\Java\jdk1.8.0_91\jre\bin\verify.dll
0x0000000064c20000 - 0x0000000064c49000 	C:\Program Files\Java\jdk1.8.0_91\jre\bin\java.dll
0x0000000064c00000 - 0x0000000064c16000 	C:\Program Files\Java\jdk1.8.0_91\jre\bin\zip.dll
0x00007fffa8e80000 - 0x00007fffaa3dc000 	C:\WINDOWS\system32\SHELL32.dll
0x00007fffa7520000 - 0x00007fffa7b64000 	C:\WINDOWS\system32\windows.storage.dll
0x00007fffa84d0000 - 0x00007fffa8522000 	C:\WINDOWS\system32\shlwapi.dll
0x00007fffa7080000 - 0x00007fffa708f000 	C:\WINDOWS\system32\kernel.appcore.dll
0x00007fffa7340000 - 0x00007fffa73f5000 	C:\WINDOWS\system32\shcore.dll
0x00007fffa7030000 - 0x00007fffa707b000 	C:\WINDOWS\system32\powrprof.dll
0x00007fffa7090000 - 0x00007fffa70a4000 	C:\WINDOWS\system32\profapi.dll

VM Arguments:
jvm_args: -Djava.awt.headless=true -Xmx1024M -Dfile.encoding=windows-1252 -Duser.country=CA -Duser.language=en -Duser.variant 
java_command: com.android.dx.command.Main --dex --num-threads=4 --output C:\Users\Kevin's Playtime\AndroidStudioProjects\Moments\app\build\intermediates\pre-dexed\debug\com.android.support-recyclerview-v7-23.4.0_07e1cc3159b38c65a7b8bf2528d3d439d6b9dd31.jar C:\Users\Kevin's Playtime\AndroidStudioProjects\Moments\app\build\intermediates\exploded-aar\com.android.support\recyclerview-v7\23.4.0\jars\classes.jar
java_class_path (initial): C:\Android\sdk\build-tools\23.0.2\lib\dx.jar
Launcher Type: SUN_STANDARD

Environment Variables:
JAVA_HOME=C:\Program Files\Java\jdk1.7.0_67
PATH=C:\ProgramData\Oracle\Java\javapath;C:\Program Files (x86)\Caminova\Document Express DjVu Plug-in\;c:\Program Files (x86)\Intel\iCLS Client\;c:\Program Files\Intel\iCLS Client\;C:\WINDOWS\system32;C:\WINDOWS;C:\WINDOWS\System32\Wbem;C:\WINDOWS\System32\WindowsPowerShell\v1.0\;C:\Program Files\Intel\Intel(R) Management Engine Components\DAL;C:\Program Files\Intel\Intel(R) Management Engine Components\IPT;C:\Program Files (x86)\Intel\Intel(R) Management Engine Components\DAL;C:\Program Files (x86)\Intel\Intel(R) Management Engine Components\IPT;C:\Program Files (x86)\Windows Live\Shared;C:\Program Files (x86)\Skype\Phone\;C:\Program Files\nodejs\;C:\WINDOWS\system32\config\systemprofile\.dnx\bin;C:\Program Files\Microsoft DNX\Dnvm\;C:\Program Files (x86)\Windows Kits\8.1\Windows Performance Toolkit\;C:\Program Files\Microsoft SQL Server\130\Tools\Binn\;C:\Program Files (x86)\QuickTime\QTSystem\;C:\Program Files\Git\cmd;C:\Users\Kevin's Playtime\AppData\Local\Programs\Python\Python35-32\Scripts\;C:\Users\Kevin's Playtime\AppData\Local\Programs\Python\Python35-32\;c:\users\kevin's playtime\appdata\local\enthought\canopy\user\scripts;C:\Users\Kevin's Playtime\AppData\Local\Enthought\Canopy\User;C:\Users\Kevin's Playtime\AppData\Local\Enthought\Canopy\User\Scripts;C:\Users\Kevin's Playtime\AppData\Roaming\npm
USERNAME=Kevin
OS=Windows_NT
PROCESSOR_IDENTIFIER=Intel64 Family 6 Model 58 Stepping 9, GenuineIntel



---------------  S Y S T E M  ---------------

OS: Windows 10.0 , 64 bit Build 10586 (10.0.10586.0)

CPU:total 8 (4 cores per cpu, 2 threads per core) family 6 model 58 stepping 9, cmov, cx8, fxsr, mmx, sse, sse2, sse3, ssse3, sse4.1, sse4.2, popcnt, avx, aes, clmul, erms, ht, tsc, tscinvbit, tscinv

Memory: 4k page, physical 8318812k(408436k free), swap 12513116k(5388k free)

vm_info: Java HotSpot(TM) 64-Bit Server VM (25.91-b14) for windows-amd64 JRE (1.8.0_91-b14), built on Apr  1 2016 00:58:32 by "java_re" with MS VC++ 10.0 (VS2010)

time: Wed Jun 15 20:55:20 2016
elapsed time: 7 seconds (0d 0h 0m 7s)

