#
# There is insufficient memory for the Java Runtime Environment to continue.
# Native memory allocation (malloc) failed to allocate 1130416 bytes for Chunk::new
# Possible reasons:
#   The system is out of physical RAM or swap space
#   In 32 bit mode, the process size limit was hit
# Possible solutions:
#   Reduce memory load on the system
#   Increase physical memory or swap space
#   Check if swap backing store is full
#   Use 64 bit Java on a 64 bit OS
#   Decrease Java heap size (-Xmx/-Xms)
#   Decrease number of Java threads
#   Decrease Java thread stack sizes (-Xss)
#   Set larger code cache with -XX:ReservedCodeCacheSize=
# This output file may be truncated or incomplete.
#
#  Out of Memory Error (allocation.cpp:390), pid=25904, tid=29732
#
# JRE version: Java(TM) SE Runtime Environment (8.0_91-b14) (build 1.8.0_91-b14)
# Java VM: Java HotSpot(TM) 64-Bit Server VM (25.91-b14 mixed mode windows-amd64 compressed oops)
# Failed to write core dump. Minidumps are not enabled by default on client versions of Windows
#

---------------  T H R E A D  ---------------

Current thread (0x0000000016dcf000):  JavaThread "C2 CompilerThread2" daemon [_thread_in_native, id=29732, stack(0x0000000017780000,0x0000000017880000)]

Stack: [0x0000000017780000,0x0000000017880000]
[error occurred during error reporting (printing stack bounds), id 0xc0000005]

Native frames: (J=compiled Java code, j=interpreted, Vv=VM code, C=native code)


Current CompileTask:
C2:   7449 1820       4       com.android.dx.ssa.SCCP::replaceConstants (209 bytes)


---------------  P R O C E S S  ---------------

Java Threads: ( => current thread )
  0x0000000017160000 JavaThread "pool-1-thread-4" [_thread_blocked, id=24940, stack(0x0000000018780000,0x0000000018880000)]
  0x000000001714a800 JavaThread "pool-1-thread-3" [_thread_in_Java, id=24736, stack(0x0000000018680000,0x0000000018780000)]
  0x00000000170eb000 JavaThread "pool-1-thread-2" [_thread_blocked, id=27520, stack(0x0000000018580000,0x0000000018680000)]
  0x0000000017b8c800 JavaThread "pool-2-thread-1" [_thread_blocked, id=10076, stack(0x0000000018480000,0x0000000018580000)]
  0x0000000017b89800 JavaThread "pool-1-thread-1" [_thread_blocked, id=29720, stack(0x0000000018380000,0x0000000018480000)]
  0x0000000016dda800 JavaThread "Service Thread" daemon [_thread_blocked, id=8896, stack(0x0000000017980000,0x0000000017a80000)]
  0x0000000016dd5000 JavaThread "C1 CompilerThread3" daemon [_thread_blocked, id=31596, stack(0x0000000017880000,0x0000000017980000)]
=>0x0000000016dcf000 JavaThread "C2 CompilerThread2" daemon [_thread_in_native, id=29732, stack(0x0000000017780000,0x0000000017880000)]
  0x0000000016dcc000 JavaThread "C2 CompilerThread1" daemon [_thread_in_native, id=26924, stack(0x0000000017680000,0x0000000017780000)]
  0x0000000016dca000 JavaThread "C2 CompilerThread0" daemon [_thread_in_native, id=13664, stack(0x0000000017580000,0x0000000017680000)]
  0x0000000016dc7000 JavaThread "Attach Listener" daemon [_thread_blocked, id=22808, stack(0x0000000017480000,0x0000000017580000)]
  0x0000000016dc6000 JavaThread "Signal Dispatcher" daemon [_thread_blocked, id=19940, stack(0x0000000017380000,0x0000000017480000)]
  0x00000000023a8000 JavaThread "Finalizer" daemon [_thread_blocked, id=9640, stack(0x00000000171a0000,0x00000000172a0000)]
  0x00000000023a5000 JavaThread "Reference Handler" daemon [_thread_blocked, id=13672, stack(0x0000000016ca0000,0x0000000016da0000)]
  0x00000000020cd800 JavaThread "main" [_thread_blocked, id=1800, stack(0x00000000021b0000,0x00000000022b0000)]

Other Threads:
  0x0000000014ec8800 VMThread [stack: 0x0000000016ba0000,0x0000000016ca0000] [id=23052]
  0x0000000016dfd800 WatcherThread [stack: 0x0000000017a80000,0x0000000017b80000] [id=23120]

VM state:not at safepoint (normal execution)

VM Mutex/Monitor currently owned by a thread: None

Heap:
 PSYoungGen      total 71680K, used 50048K [0x00000000eab00000, 0x00000000ef600000, 0x0000000100000000)
  eden space 66560K, 67% used [0x00000000eab00000,0x00000000ed6e1fb0,0x00000000eec00000)
  from space 5120K, 99% used [0x00000000ef100000,0x00000000ef5fe340,0x00000000ef600000)
  to   space 5120K, 0% used [0x00000000eec00000,0x00000000eec00000,0x00000000ef100000)
 ParOldGen       total 87552K, used 5712K [0x00000000c0000000, 0x00000000c5580000, 0x00000000eab00000)
  object space 87552K, 6% used [0x00000000c0000000,0x00000000c0594250,0x00000000c5580000)
 Metaspace       used 6256K, capacity 7090K, committed 7296K, reserved 1056768K
  class space    used 605K, capacity 618K, committed 640K, reserved 1048576K

Card table byte_map: [0x0000000011770000,0x0000000011980000] byte_map_base: 0x0000000011170000

Marking Bits: (ParMarkBitMap*) 0x0000000065462f70
 Begin Bits: [0x00000000122e0000, 0x00000000132e0000)
 End Bits:   [0x00000000132e0000, 0x00000000142e0000)

Polling page: 0x00000000004a0000

CodeCache: size=245760Kb used=8821Kb max_used=8821Kb free=236938Kb
 bounds [0x00000000023b0000, 0x0000000002c60000, 0x00000000113b0000]
 total_blobs=2083 nmethods=1814 adapters=182
 compilation: enabled

Compilation events (10 events):
Event: 7.379 Thread 0x0000000016dca000 nmethod 1824 0x0000000002bfdd90 code [0x0000000002bfdee0, 0x0000000002bfe0d8]
Event: 7.383 Thread 0x0000000016dcc000 1825       4       com.android.dx.rop.cst.CstType::compareTo0 (25 bytes)
Event: 7.384 Thread 0x0000000016dd5000 1826       3       java.util.concurrent.locks.LockSupport::park (23 bytes)
Event: 7.384 Thread 0x0000000016dcc000 nmethod 1825 0x0000000002c1a710 code [0x0000000002c1a860, 0x0000000002c1a9f8]
Event: 7.385 Thread 0x0000000016dd5000 nmethod 1826 0x0000000002beb490 code [0x0000000002beb600, 0x0000000002beb948]
Event: 7.403 Thread 0x0000000016dd5000 1828       3       java.util.concurrent.locks.LockSupport::unpark (12 bytes)
Event: 7.403 Thread 0x0000000016dd5000 nmethod 1828 0x0000000002beacd0 code [0x0000000002beae40, 0x0000000002beb068]
Event: 7.416 Thread 0x0000000016dd5000 1830       3       java.util.concurrent.locks.AbstractQueuedSynchronizer::shouldParkAfterFailedAcquire (50 bytes)
Event: 7.417 Thread 0x0000000016dd5000 nmethod 1830 0x0000000002bea690 code [0x0000000002bea800, 0x0000000002beab30]
Event: 7.428 Thread 0x0000000016dd5000 1831   !   3       com.android.dx.cf.cst.ConstantPoolParser::determineOffsets (285 bytes)

GC Heap History (4 events):
Event: 2.670 GC heap before
{Heap before GC invocations=1 (full 0):
 PSYoungGen      total 38400K, used 33280K [0x00000000eab00000, 0x00000000ed580000, 0x0000000100000000)
  eden space 33280K, 100% used [0x00000000eab00000,0x00000000ecb80000,0x00000000ecb80000)
  from space 5120K, 0% used [0x00000000ed080000,0x00000000ed080000,0x00000000ed580000)
  to   space 5120K, 0% used [0x00000000ecb80000,0x00000000ecb80000,0x00000000ed080000)
 ParOldGen       total 87552K, used 0K [0x00000000c0000000, 0x00000000c5580000, 0x00000000eab00000)
  object space 87552K, 0% used [0x00000000c0000000,0x00000000c0000000,0x00000000c5580000)
 Metaspace       used 6037K, capacity 6960K, committed 7040K, reserved 1056768K
  class space    used 602K, capacity 616K, committed 640K, reserved 1048576K
Event: 2.778 GC heap after
Heap after GC invocations=1 (full 0):
 PSYoungGen      total 38400K, used 5096K [0x00000000eab00000, 0x00000000ef600000, 0x0000000100000000)
  eden space 33280K, 0% used [0x00000000eab00000,0x00000000eab00000,0x00000000ecb80000)
  from space 5120K, 99% used [0x00000000ecb80000,0x00000000ed07a120,0x00000000ed080000)
  to   space 5120K, 0% used [0x00000000ef100000,0x00000000ef100000,0x00000000ef600000)
 ParOldGen       total 87552K, used 1375K [0x00000000c0000000, 0x00000000c5580000, 0x00000000eab00000)
  object space 87552K, 1% used [0x00000000c0000000,0x00000000c0157cd0,0x00000000c5580000)
 Metaspace       used 6037K, capacity 6960K, committed 7040K, reserved 1056768K
  class space    used 602K, capacity 616K, committed 640K, reserved 1048576K
}
Event: 4.008 GC heap before
{Heap before GC invocations=2 (full 0):
 PSYoungGen      total 38400K, used 38376K [0x00000000eab00000, 0x00000000ef600000, 0x0000000100000000)
  eden space 33280K, 100% used [0x00000000eab00000,0x00000000ecb80000,0x00000000ecb80000)
  from space 5120K, 99% used [0x00000000ecb80000,0x00000000ed07a120,0x00000000ed080000)
  to   space 5120K, 0% used [0x00000000ef100000,0x00000000ef100000,0x00000000ef600000)
 ParOldGen       total 87552K, used 1375K [0x00000000c0000000, 0x00000000c5580000, 0x00000000eab00000)
  object space 87552K, 1% used [0x00000000c0000000,0x00000000c0157cd0,0x00000000c5580000)
 Metaspace       used 6180K, capacity 7090K, committed 7296K, reserved 1056768K
  class space    used 605K, capacity 618K, committed 640K, reserved 1048576K
Event: 4.208 GC heap after
Heap after GC invocations=2 (full 0):
 PSYoungGen      total 71680K, used 5112K [0x00000000eab00000, 0x00000000ef600000, 0x0000000100000000)
  eden space 66560K, 0% used [0x00000000eab00000,0x00000000eab00000,0x00000000eec00000)
  from space 5120K, 99% used [0x00000000ef100000,0x00000000ef5fe340,0x00000000ef600000)
  to   space 5120K, 0% used [0x00000000eec00000,0x00000000eec00000,0x00000000ef100000)
 ParOldGen       total 87552K, used 5712K [0x00000000c0000000, 0x00000000c5580000, 0x00000000eab00000)
  object space 87552K, 6% used [0x00000000c0000000,0x00000000c0594250,0x00000000c5580000)
 Metaspace       used 6180K, capacity 7090K, committed 7296K, reserved 1056768K
  class space    used 605K, capacity 618K, committed 640K, reserved 1048576K
}

Deoptimization events (10 events):
Event: 6.141 Thread 0x0000000017160000 Uncommon trap: reason=class_check action=maybe_recompile pc=0x0000000002b6fdd8 method=com.android.dx.cf.code.BytecodeArray.parseInstruction(ILcom/android/dx/cf/code/BytecodeArray$Visitor;)I @ 1051
Event: 6.141 Thread 0x0000000017160000 Uncommon trap: reason=class_check action=maybe_recompile pc=0x0000000002b6fdd8 method=com.android.dx.cf.code.BytecodeArray.parseInstruction(ILcom/android/dx/cf/code/BytecodeArray$Visitor;)I @ 1051
Event: 6.141 Thread 0x0000000017160000 Uncommon trap: reason=class_check action=maybe_recompile pc=0x0000000002b6fdd8 method=com.android.dx.cf.code.BytecodeArray.parseInstruction(ILcom/android/dx/cf/code/BytecodeArray$Visitor;)I @ 1051
Event: 6.506 Thread 0x0000000017160000 Uncommon trap: reason=unstable_if action=reinterpret pc=0x0000000002b5a8c8 method=com.android.dx.cf.code.RopperMachine.run(Lcom/android/dx/cf/code/Frame;II)V @ 1500
Event: 6.506 Thread 0x0000000017160000 Uncommon trap: reason=class_check action=maybe_recompile pc=0x0000000002a6bcb0 method=com.android.dx.cf.code.Ropper.processBlock(Lcom/android/dx/cf/code/ByteBlock;Lcom/android/dx/cf/code/Frame;[I)V @ 777
Event: 6.506 Thread 0x0000000017160000 Uncommon trap: reason=class_check action=maybe_recompile pc=0x0000000002a6bcb0 method=com.android.dx.cf.code.Ropper.processBlock(Lcom/android/dx/cf/code/ByteBlock;Lcom/android/dx/cf/code/Frame;[I)V @ 777
Event: 6.658 Thread 0x0000000017160000 Uncommon trap: reason=bimorphic action=maybe_recompile pc=0x0000000002bc7468 method=com.android.dx.cf.code.BytecodeArray.parseInstruction(ILcom/android/dx/cf/code/BytecodeArray$Visitor;)I @ 1597
Event: 6.658 Thread 0x0000000017160000 Uncommon trap: reason=bimorphic action=maybe_recompile pc=0x0000000002bc7468 method=com.android.dx.cf.code.BytecodeArray.parseInstruction(ILcom/android/dx/cf/code/BytecodeArray$Visitor;)I @ 1597
Event: 6.805 Thread 0x0000000017160000 Uncommon trap: reason=unstable_if action=reinterpret pc=0x00000000028de7b8 method=com.android.dx.ssa.SCCP.simulateStmt(Lcom/android/dx/ssa/SsaInsn;)V @ 59
Event: 6.825 Thread 0x0000000017160000 Uncommon trap: reason=class_check action=maybe_recompile pc=0x0000000002a6bcb0 method=com.android.dx.cf.code.Ropper.processBlock(Lcom/android/dx/cf/code/ByteBlock;Lcom/android/dx/cf/code/Frame;[I)V @ 777

Internal exceptions (3 events):
Event: 0.134 Thread 0x00000000020cd800 Exception <a 'java/lang/NoSuchMethodError': Method sun.misc.Unsafe.defineClass(Ljava/lang/String;[BII)Ljava/lang/Class; name or signature does not match> (0x00000000eab07cc0) thrown at [C:\re\workspace\8-2-build-windows-amd64-cygwin\jdk8u91\6644\hotspot\srù—tp
Event: 0.135 Thread 0x00000000020cd800 Exception <a 'java/lang/NoSuchMethodError': Method sun.misc.Unsafe.prefetchRead(Ljava/lang/Object;J)V name or signature does not match> (0x00000000eab07fa8) thrown at [C:\re\workspace\8-2-build-windows-amd64-cygwin\jdk8u91\6644\hotspot\src\share\vm\prims\j©:(Y&â@
Event: 2.942 Thread 0x000000001714a800 Implicit null exception at 0x00000000026dff0f to 0x00000000026e207d

Events (10 events):
Event: 6.805 Thread 0x0000000017160000 Uncommon trap: trap_request=0xffffff65 fr.pc=0x00000000028de7b8
Event: 6.805 Thread 0x0000000017160000 DEOPT PACKING pc=0x00000000028de7b8 sp=0x000000001887e870
Event: 6.805 Thread 0x0000000017160000 DEOPT UNPACKING pc=0x00000000023f582a sp=0x000000001887e868 mode 2
Event: 6.815 Thread 0x0000000017160000 DEOPT PACKING pc=0x00000000026fc6ec sp=0x000000001887e980
Event: 6.815 Thread 0x0000000017160000 DEOPT UNPACKING pc=0x00000000023f787f sp=0x000000001887e700 mode 0
Event: 6.821 Thread 0x0000000017160000 DEOPT PACKING pc=0x00000000027ed2a1 sp=0x000000001887e8b0
Event: 6.821 Thread 0x0000000017160000 DEOPT UNPACKING pc=0x00000000023f787f sp=0x000000001887e6e0 mode 0
Event: 6.825 Thread 0x0000000017160000 Uncommon trap: trap_request=0xffffffde fr.pc=0x0000000002a6bcb0
Event: 6.825 Thread 0x0000000017160000 DEOPT PACKING pc=0x0000000002a6bcb0 sp=0x000000001887eac0
Event: 6.825 Thread 0x0000000017160000 DEOPT UNPACKING pc=0x00000000023f582a sp=0x000000001887eaa8 mode 2


Dynamic libraries:
0x00007ff7d6900000 - 0x00007ff7d6937000 	C:\Program Files\Java\jdk1.8.0_91\bin\java.exe
0x00007fffaaa10000 - 0x00007fffaabd1000 	C:\WINDOWS\SYSTEM32\ntdll.dll
0x00007fffa7f20000 - 0x00007fffa7fcd000 	C:\WINDOWS\system32\KERNEL32.DLL
0x00007fffa70c0000 - 0x00007fffa72a8000 	C:\WINDOWS\system32\KERNELBASE.dll
0x00007fffaa700000 - 0x00007fffaa7a7000 	C:\WINDOWS\system32\ADVAPI32.dll
0x00007fffa8dd0000 - 0x00007fffa8e6d000 	C:\WINDOWS\system32\msvcrt.dll
0x00007fffa85b0000 - 0x00007fffa860b000 	C:\WINDOWS\system32\sechost.dll
0x00007fffa7fd0000 - 0x00007fffa80ec000 	C:\WINDOWS\system32\RPCRT4.dll
0x00007fffa80f0000 - 0x00007fffa8246000 	C:\WINDOWS\system32\USER32.dll
0x00007fffaa450000 - 0x00007fffaa5d6000 	C:\WINDOWS\system32\GDI32.dll
0x00007fffa1920000 - 0x00007fffa1b94000 	C:\WINDOWS\WinSxS\amd64_microsoft.windows.common-controls_6595b64144ccf1df_6.0.10586.0_none_8c15ae12515e1c22\COMCTL32.dll
0x00007fffa8250000 - 0x00007fffa84cd000 	C:\WINDOWS\system32\combase.dll
0x00007fffa7400000 - 0x00007fffa746a000 	C:\WINDOWS\system32\bcryptPrimitives.dll
0x00007fffaa5f0000 - 0x00007fffaa62b000 	C:\WINDOWS\system32\IMM32.DLL
0x00000000654f0000 - 0x00000000655c2000 	C:\Program Files\Java\jdk1.8.0_91\jre\bin\msvcr100.dll
0x0000000064c50000 - 0x00000000654e3000 	C:\Program Files\Java\jdk1.8.0_91\jre\bin\server\jvm.dll
0x00007fffa8610000 - 0x00007fffa8618000 	C:\WINDOWS\system32\PSAPI.DLL
0x00007fffa55f0000 - 0x00007fffa5613000 	C:\WINDOWS\SYSTEM32\WINMM.dll
0x00007fff9e4a0000 - 0x00007fff9e4a9000 	C:\WINDOWS\SYSTEM32\WSOCK32.dll
0x00007fffa8d60000 - 0x00007fffa8dcb000 	C:\WINDOWS\system32\WS2_32.dll
0x00007fffa2fa0000 - 0x00007fffa2faa000 	C:\WINDOWS\SYSTEM32\VERSION.dll
0x00007fffa55c0000 - 0x00007fffa55ec000 	C:\WINDOWS\SYSTEM32\WINMMBASE.dll
0x00007fffa7bd0000 - 0x00007fffa7c13000 	C:\WINDOWS\system32\cfgmgr32.dll
0x00000000665a0000 - 0x00000000665af000 	C:\Program Files\Java\jdk1.8.0_91\jre\bin\verify.dll
0x0000000064c20000 - 0x0000000064c49000 	C:\Program Files\Java\jdk1.8.0_91\jre\bin\java.dll
0x0000000064c00000 - 0x0000000064c16000 	C:\Program Files\Java\jdk1.8.0_91\jre\bin\zip.dll
0x00007fffa8e80000 - 0x00007fffaa3dc000 	C:\WINDOWS\system32\SHELL32.dll
0x00007fffa7520000 - 0x00007fffa7b64000 	C:\WINDOWS\system32\windows.storage.dll
0x00007fffa84d0000 - 0x00007fffa8522000 	C:\WINDOWS\system32\shlwapi.dll
0x00007fffa7080000 - 0x00007fffa708f000 	C:\WINDOWS\system32\kernel.appcore.dll
0x00007fffa7340000 - 0x00007fffa73f5000 	C:\WINDOWS\system32\shcore.dll
0x00007fffa7030000 - 0x00007fffa707b000 	C:\WINDOWS\system32\powrprof.dll
0x00007fffa7090000 - 0x00007fffa70a4000 	C:\WINDOWS\system32\profapi.dll

VM Arguments:
jvm_args: -Djava.awt.headless=true -Xmx1024M -Dfile.encoding=windows-1252 -Duser.country=CA -Duser.language=en -Duser.variant 
java_command: com.android.dx.command.Main --dex --num-threads=4 --output C:\Users\Kevin's Playtime\AndroidStudioProjects\Moments\app\build\intermediates\pre-dexed\debug\com.android.support-design-23.4.0_e9e7849ff7aabde779e333a968366ea37e4684e8.jar C:\Users\Kevin's Playtime\AndroidStudioProjects\Moments\app\build\intermediates\exploded-aar\com.android.support\design\23.4.0\jars\classes.jar
java_class_path (initial): C:\Android\sdk\build-tools\23.0.2\lib\dx.jar
Launcher Type: SUN_STANDARD

Environment Variables:
JAVA_HOME=C:\Program Files\Java\jdk1.7.0_67
PATH=C:\ProgramData\Oracle\Java\javapath;C:\Program Files (x86)\Caminova\Document Express DjVu Plug-in\;c:\Program Files (x86)\Intel\iCLS Client\;c:\Program Files\Intel\iCLS Client\;C:\WINDOWS\system32;C:\WINDOWS;C:\WINDOWS\System32\Wbem;C:\WINDOWS\System32\WindowsPowerShell\v1.0\;C:\Program Files\Intel\Intel(R) Management Engine Components\DAL;C:\Program Files\Intel\Intel(R) Management Engine Components\IPT;C:\Program Files (x86)\Intel\Intel(R) Management Engine Components\DAL;C:\Program Files (x86)\Intel\Intel(R) Management Engine Components\IPT;C:\Program Files (x86)\Windows Live\Shared;C:\Program Files (x86)\Skype\Phone\;C:\Program Files\nodejs\;C:\WINDOWS\system32\config\systemprofile\.dnx\bin;C:\Program Files\Microsoft DNX\Dnvm\;C:\Program Files (x86)\Windows Kits\8.1\Windows Performance Toolkit\;C:\Program Files\Microsoft SQL Server\130\Tools\Binn\;C:\Program Files (x86)\QuickTime\QTSystem\;C:\Program Files\Git\cmd;C:\Users\Kevin's Playtime\AppData\Local\Programs\Python\Python35-32\Scripts\;C:\Users\Kevin's Playtime\AppData\Local\Programs\Python\Python35-32\;c:\users\kevin's playtime\appdata\local\enthought\canopy\user\scripts;C:\Users\Kevin's Playtime\AppData\Local\Enthought\Canopy\User;C:\Users\Kevin's Playtime\AppData\Local\Enthought\Canopy\User\Scripts;C:\Users\Kevin's Playtime\AppData\Roaming\npm
USERNAME=Kevin
OS=Windows_NT
PROCESSOR_IDENTIFIER=Intel64 Family 6 Model 58 Stepping 9, GenuineIntel



---------------  S Y S T E M  ---------------

OS: Windows 10.0 , 64 bit Build 10586 (10.0.10586.0)

CPU:total 8 (4 cores per cpu, 2 threads per core) family 6 model 58 stepping 9, cmov, cx8, fxsr, mmx, sse, sse2, sse3, ssse3, sse4.1, sse4.2, popcnt, avx, aes, clmul, erms, ht, tsc, tscinvbit, tscinv

Memory: 4k page, physical 8318812k(408436k free), swap 12513116k(5388k free)

vm_info: Java HotSpot(TM) 64-Bit Server VM (25.91-b14) for windows-amd64 JRE (1.8.0_91-b14), built on Apr  1 2016 00:58:32 by "java_re" with MS VC++ 10.0 (VS2010)

time: Wed Jun 15 20:55:20 2016
elapsed time: 7 seconds (0d 0h 0m 7s)

