#
# There is insufficient memory for the Java Runtime Environment to continue.
# Native memory allocation (malloc) failed to allocate 1731056 bytes for Chunk::new
# Possible reasons:
#   The system is out of physical RAM or swap space
#   In 32 bit mode, the process size limit was hit
# Possible solutions:
#   Reduce memory load on the system
#   Increase physical memory or swap space
#   Check if swap backing store is full
#   Use 64 bit Java on a 64 bit OS
#   Decrease Java heap size (-Xmx/-Xms)
#   Decrease number of Java threads
#   Decrease Java thread stack sizes (-Xss)
#   Set larger code cache with -XX:ReservedCodeCacheSize=
# This output file may be truncated or incomplete.
#
#  Out of Memory Error (allocation.cpp:390), pid=28336, tid=27072
#
# JRE version: Java(TM) SE Runtime Environment (8.0_91-b14) (build 1.8.0_91-b14)
# Java VM: Java HotSpot(TM) 64-Bit Server VM (25.91-b14 mixed mode windows-amd64 compressed oops)
# Failed to write core dump. Minidumps are not enabled by default on client versions of Windows
#

---------------  T H R E A D  ---------------

Current thread (0x0000000016eb6800):  JavaThread "C2 CompilerThread2" daemon [_thread_in_native, id=27072, stack(0x0000000017860000,0x0000000017960000)]

Stack: [0x0000000017860000,0x0000000017960000]
[error occurred during error reporting (printing stack bounds), id 0xc0000005]

Native frames: (J=compiled Java code, j=interpreted, Vv=VM code, C=native code)


Current CompileTask:
C2:   9987 2536   !   4       com.android.dx.cf.code.Ropper::processBlock (1101 bytes)


---------------  P R O C E S S  ---------------

Java Threads: ( => current thread )
  0x0000000017187000 JavaThread "pool-1-thread-4" [_thread_in_Java, id=25260, stack(0x0000000018860000,0x0000000018960000)]
  0x0000000017187800 JavaThread "pool-1-thread-3" [_thread_blocked, id=22476, stack(0x0000000018760000,0x0000000018860000)]
  0x0000000017238800 JavaThread "pool-1-thread-2" [_thread_blocked, id=2712, stack(0x0000000018660000,0x0000000018760000)]
  0x0000000017237800 JavaThread "pool-2-thread-1" [_thread_blocked, id=5888, stack(0x0000000018560000,0x0000000018660000)]
  0x0000000017272800 JavaThread "pool-1-thread-1" [_thread_blocked, id=504, stack(0x0000000018460000,0x0000000018560000)]
  0x0000000016efa800 JavaThread "Service Thread" daemon [_thread_blocked, id=24508, stack(0x0000000017a60000,0x0000000017b60000)]
  0x0000000016ebe000 JavaThread "C1 CompilerThread3" daemon [_thread_blocked, id=28508, stack(0x0000000017960000,0x0000000017a60000)]
=>0x0000000016eb6800 JavaThread "C2 CompilerThread2" daemon [_thread_in_native, id=27072, stack(0x0000000017860000,0x0000000017960000)]
  0x0000000016eb3800 JavaThread "C2 CompilerThread1" daemon [_thread_in_native, id=30928, stack(0x0000000017760000,0x0000000017860000)]
  0x0000000016eae000 JavaThread "C2 CompilerThread0" daemon [_thread_in_native, id=22936, stack(0x0000000017660000,0x0000000017760000)]
  0x0000000016ea7800 JavaThread "Attach Listener" daemon [_thread_blocked, id=20888, stack(0x0000000017560000,0x0000000017660000)]
  0x0000000016ea6000 JavaThread "Signal Dispatcher" daemon [_thread_blocked, id=23776, stack(0x0000000017460000,0x0000000017560000)]
  0x0000000002408800 JavaThread "Finalizer" daemon [_thread_blocked, id=25500, stack(0x0000000017280000,0x0000000017380000)]
  0x0000000002405800 JavaThread "Reference Handler" daemon [_thread_blocked, id=29784, stack(0x0000000016d80000,0x0000000016e80000)]
  0x000000000247d800 JavaThread "main" [_thread_blocked, id=27052, stack(0x00000000021a0000,0x00000000022a0000)]

Other Threads:
  0x0000000014f99800 VMThread [stack: 0x0000000016c80000,0x0000000016d80000] [id=24072]
  0x0000000016efc800 WatcherThread [stack: 0x0000000017b60000,0x0000000017c60000] [id=22908]

VM state:not at safepoint (normal execution)

VM Mutex/Monitor currently owned by a thread: None

Heap:
 PSYoungGen      total 290816K, used 52485K [0x00000000eab00000, 0x00000000fed00000, 0x0000000100000000)
  eden space 262656K, 10% used [0x00000000eab00000,0x00000000ec657fd8,0x00000000fab80000)
  from space 28160K, 86% used [0x00000000fca80000,0x00000000fe269590,0x00000000fe600000)
  to   space 31744K, 0% used [0x00000000fab80000,0x00000000fab80000,0x00000000fca80000)
 ParOldGen       total 87552K, used 45737K [0x00000000c0000000, 0x00000000c5580000, 0x00000000eab00000)
  object space 87552K, 52% used [0x00000000c0000000,0x00000000c2caa638,0x00000000c5580000)
 Metaspace       used 6551K, capacity 7256K, committed 7424K, reserved 1056768K
  class space    used 625K, capacity 656K, committed 768K, reserved 1048576K

Card table byte_map: [0x0000000011840000,0x0000000011a50000] byte_map_base: 0x0000000011240000

Marking Bits: (ParMarkBitMap*) 0x0000000065462f70
 Begin Bits: [0x00000000123b0000, 0x00000000133b0000)
 End Bits:   [0x00000000133b0000, 0x00000000143b0000)

Polling page: 0x0000000000490000

CodeCache: size=245760Kb used=11348Kb max_used=11360Kb free=234411Kb
 bounds [0x0000000002480000, 0x0000000002fb0000, 0x0000000011480000]
 total_blobs=2613 nmethods=2343 adapters=182
 compilation: enabled

Compilation events (10 events):
Event: 9.945 Thread 0x0000000016ebe000 2574       3       com.android.dx.ssa.ConstCollector::getConstsSortedByCountUse (386 bytes)
Event: 9.949 Thread 0x0000000016ebe000 nmethod 2574 0x0000000002f8fb50 code [0x0000000002f90120, 0x0000000002f94468]
Event: 9.949 Thread 0x0000000016ebe000 2575       2       java.util.HashMap::put (13 bytes)
Event: 9.949 Thread 0x0000000016ebe000 nmethod 2575 0x0000000002f70450 code [0x0000000002f705c0, 0x0000000002f707b8]
Event: 9.950 Thread 0x0000000016ebe000 2577       2       com.android.dx.ssa.ConstCollector$1::<init> (15 bytes)
Event: 9.950 Thread 0x0000000016ebe000 nmethod 2577 0x0000000002f70110 code [0x0000000002f70260, 0x0000000002f703d0]
Event: 9.950 Thread 0x0000000016ebe000 2578       2       java.util.Collections::sort (8 bytes)
Event: 9.950 Thread 0x0000000016ebe000 nmethod 2578 0x0000000002f6fd90 code [0x0000000002f6ff00, 0x0000000002f70068]
Event: 9.951 Thread 0x0000000016eae000 nmethod 2568 0x0000000002f89910 code [0x0000000002f89a80, 0x0000000002f8a218]
Event: 9.951 Thread 0x0000000016eae000 2579       4       com.android.dx.ssa.back.LivenessAnalyzer::constructInterferenceGraph (47 bytes)

GC Heap History (10 events):
Event: 2.151 GC heap before
{Heap before GC invocations=2 (full 0):
 PSYoungGen      total 38400K, used 38379K [0x00000000eab00000, 0x00000000ef600000, 0x0000000100000000)
  eden space 33280K, 100% used [0x00000000eab00000,0x00000000ecb80000,0x00000000ecb80000)
  from space 5120K, 99% used [0x00000000ecb80000,0x00000000ed07af98,0x00000000ed080000)
  to   space 5120K, 0% used [0x00000000ef100000,0x00000000ef100000,0x00000000ef600000)
 ParOldGen       total 87552K, used 24K [0x00000000c0000000, 0x00000000c5580000, 0x00000000eab00000)
  object space 87552K, 0% used [0x00000000c0000000,0x00000000c0006000,0x00000000c5580000)
 Metaspace       used 6148K, capacity 7026K, committed 7296K, reserved 1056768K
  class space    used 603K, capacity 618K, committed 640K, reserved 1048576K
Event: 2.175 GC heap after
Heap after GC invocations=2 (full 0):
 PSYoungGen      total 71680K, used 5103K [0x00000000eab00000, 0x00000000ef600000, 0x0000000100000000)
  eden space 66560K, 0% used [0x00000000eab00000,0x00000000eab00000,0x00000000eec00000)
  from space 5120K, 99% used [0x00000000ef100000,0x00000000ef5fbe68,0x00000000ef600000)
  to   space 5120K, 0% used [0x00000000eec00000,0x00000000eec00000,0x00000000ef100000)
 ParOldGen       total 87552K, used 3357K [0x00000000c0000000, 0x00000000c5580000, 0x00000000eab00000)
  object space 87552K, 3% used [0x00000000c0000000,0x00000000c0347538,0x00000000c5580000)
 Metaspace       used 6148K, capacity 7026K, committed 7296K, reserved 1056768K
  class space    used 603K, capacity 618K, committed 640K, reserved 1048576K
}
Event: 2.390 GC heap before
{Heap before GC invocations=3 (full 0):
 PSYoungGen      total 71680K, used 71663K [0x00000000eab00000, 0x00000000ef600000, 0x0000000100000000)
  eden space 66560K, 100% used [0x00000000eab00000,0x00000000eec00000,0x00000000eec00000)
  from space 5120K, 99% used [0x00000000ef100000,0x00000000ef5fbe68,0x00000000ef600000)
  to   space 5120K, 0% used [0x00000000eec00000,0x00000000eec00000,0x00000000ef100000)
 ParOldGen       total 87552K, used 5272K [0x00000000c0000000, 0x00000000c5580000, 0x00000000eab00000)
  object space 87552K, 6% used [0x00000000c0000000,0x00000000c05261d0,0x00000000c5580000)
 Metaspace       used 6271K, capacity 7090K, committed 7296K, reserved 1056768K
  class space    used 604K, capacity 618K, committed 640K, reserved 1048576K
Event: 2.407 GC heap after
Heap after GC invocations=3 (full 0):
 PSYoungGen      total 71680K, used 5100K [0x00000000eab00000, 0x00000000f3700000, 0x0000000100000000)
  eden space 66560K, 0% used [0x00000000eab00000,0x00000000eab00000,0x00000000eec00000)
  from space 5120K, 99% used [0x00000000eec00000,0x00000000ef0fb350,0x00000000ef100000)
  to   space 5120K, 0% used [0x00000000f3200000,0x00000000f3200000,0x00000000f3700000)
 ParOldGen       total 87552K, used 15176K [0x00000000c0000000, 0x00000000c5580000, 0x00000000eab00000)
  object space 87552K, 17% used [0x00000000c0000000,0x00000000c0ed2348,0x00000000c5580000)
 Metaspace       used 6271K, capacity 7090K, committed 7296K, reserved 1056768K
  class space    used 604K, capacity 618K, committed 640K, reserved 1048576K
}
Event: 2.569 GC heap before
{Heap before GC invocations=4 (full 0):
 PSYoungGen      total 71680K, used 71660K [0x00000000eab00000, 0x00000000f3700000, 0x0000000100000000)
  eden space 66560K, 100% used [0x00000000eab00000,0x00000000eec00000,0x00000000eec00000)
  from space 5120K, 99% used [0x00000000eec00000,0x00000000ef0fb350,0x00000000ef100000)
  to   space 5120K, 0% used [0x00000000f3200000,0x00000000f3200000,0x00000000f3700000)
 ParOldGen       total 87552K, used 15178K [0x00000000c0000000, 0x00000000c5580000, 0x00000000eab00000)
  object space 87552K, 17% used [0x00000000c0000000,0x00000000c0ed2a40,0x00000000c5580000)
 Metaspace       used 6339K, capacity 7154K, committed 7296K, reserved 1056768K
  class space    used 604K, capacity 618K, committed 640K, reserved 1048576K
Event: 2.587 GC heap after
Heap after GC invocations=4 (full 0):
 PSYoungGen      total 138240K, used 5100K [0x00000000eab00000, 0x00000000f3700000, 0x0000000100000000)
  eden space 133120K, 0% used [0x00000000eab00000,0x00000000eab00000,0x00000000f2d00000)
  from space 5120K, 99% used [0x00000000f3200000,0x00000000f36fb350,0x00000000f3700000)
  to   space 5120K, 0% used [0x00000000f2d00000,0x00000000f2d00000,0x00000000f3200000)
 ParOldGen       total 87552K, used 25475K [0x00000000c0000000, 0x00000000c5580000, 0x00000000eab00000)
  object space 87552K, 29% used [0x00000000c0000000,0x00000000c18e0da8,0x00000000c5580000)
 Metaspace       used 6339K, capacity 7154K, committed 7296K, reserved 1056768K
  class space    used 604K, capacity 618K, committed 640K, reserved 1048576K
}
Event: 3.336 GC heap before
{Heap before GC invocations=5 (full 0):
 PSYoungGen      total 138240K, used 138220K [0x00000000eab00000, 0x00000000f3700000, 0x0000000100000000)
  eden space 133120K, 100% used [0x00000000eab00000,0x00000000f2d00000,0x00000000f2d00000)
  from space 5120K, 99% used [0x00000000f3200000,0x00000000f36fb350,0x00000000f3700000)
  to   space 5120K, 0% used [0x00000000f2d00000,0x00000000f2d00000,0x00000000f3200000)
 ParOldGen       total 87552K, used 25475K [0x00000000c0000000, 0x00000000c5580000, 0x00000000eab00000)
  object space 87552K, 29% used [0x00000000c0000000,0x00000000c18e0da8,0x00000000c5580000)
 Metaspace       used 6514K, capacity 7256K, committed 7424K, reserved 1056768K
  class space    used 624K, capacity 656K, committed 768K, reserved 1048576K
Event: 3.500 GC heap after
Heap after GC invocations=5 (full 0):
 PSYoungGen      total 138240K, used 5117K [0x00000000eab00000, 0x00000000fe600000, 0x0000000100000000)
  eden space 133120K, 0% used [0x00000000eab00000,0x00000000eab00000,0x00000000f2d00000)
  from space 5120K, 99% used [0x00000000f2d00000,0x00000000f31ff530,0x00000000f3200000)
  to   space 28160K, 0% used [0x00000000fca80000,0x00000000fca80000,0x00000000fe600000)
 ParOldGen       total 87552K, used 45737K [0x00000000c0000000, 0x00000000c5580000, 0x00000000eab00000)
  object space 87552K, 52% used [0x00000000c0000000,0x00000000c2caa638,0x00000000c5580000)
 Metaspace       used 6514K, capacity 7256K, committed 7424K, reserved 1056768K
  class space    used 624K, capacity 656K, committed 768K, reserved 1048576K
}
Event: 7.666 GC heap before
{Heap before GC invocations=6 (full 0):
 PSYoungGen      total 138240K, used 138237K [0x00000000eab00000, 0x00000000fe600000, 0x0000000100000000)
  eden space 133120K, 100% used [0x00000000eab00000,0x00000000f2d00000,0x00000000f2d00000)
  from space 5120K, 99% used [0x00000000f2d00000,0x00000000f31ff530,0x00000000f3200000)
  to   space 28160K, 0% used [0x00000000fca80000,0x00000000fca80000,0x00000000fe600000)
 ParOldGen       total 87552K, used 45737K [0x00000000c0000000, 0x00000000c5580000, 0x00000000eab00000)
  object space 87552K, 52% used [0x00000000c0000000,0x00000000c2caa638,0x00000000c5580000)
 Metaspace       used 6544K, capacity 7256K, committed 7424K, reserved 1056768K
  class space    used 625K, capacity 656K, committed 768K, reserved 1048576K
Event: 8.231 GC heap after
Heap after GC invocations=6 (full 0):
 PSYoungGen      total 290816K, used 24485K [0x00000000eab00000, 0x00000000fed00000, 0x0000000100000000)
  eden space 262656K, 0% used [0x00000000eab00000,0x00000000eab00000,0x00000000fab80000)
  from space 28160K, 86% used [0x00000000fca80000,0x00000000fe269590,0x00000000fe600000)
  to   space 31744K, 0% used [0x00000000fab80000,0x00000000fab80000,0x00000000fca80000)
 ParOldGen       total 87552K, used 45737K [0x00000000c0000000, 0x00000000c5580000, 0x00000000eab00000)
  object space 87552K, 52% used [0x00000000c0000000,0x00000000c2caa638,0x00000000c5580000)
 Metaspace       used 6544K, capacity 7256K, committed 7424K, reserved 1056768K
  class space    used 625K, capacity 656K, committed 768K, reserved 1048576K
}

Deoptimization events (10 events):
Event: 6.455 Thread 0x000000000247d800 Uncommon trap: reason=bimorphic action=maybe_recompile pc=0x0000000002cd3634 method=com.android.dx.cf.code.BytecodeArray.parseInstruction(ILcom/android/dx/cf/code/BytecodeArray$Visitor;)I @ 1161
Event: 6.455 Thread 0x000000000247d800 Uncommon trap: reason=bimorphic action=maybe_recompile pc=0x0000000002cd3310 method=com.android.dx.cf.code.BytecodeArray.parseInstruction(ILcom/android/dx/cf/code/BytecodeArray$Visitor;)I @ 1035
Event: 6.455 Thread 0x000000000247d800 Uncommon trap: reason=bimorphic action=maybe_recompile pc=0x0000000002cd30e0 method=com.android.dx.cf.code.BytecodeArray.parseInstruction(ILcom/android/dx/cf/code/BytecodeArray$Visitor;)I @ 971
Event: 6.455 Thread 0x000000000247d800 Uncommon trap: reason=bimorphic action=maybe_recompile pc=0x0000000002cd316c method=com.android.dx.cf.code.BytecodeArray.parseInstruction(ILcom/android/dx/cf/code/BytecodeArray$Visitor;)I @ 987
Event: 6.455 Thread 0x000000000247d800 Uncommon trap: reason=bimorphic action=maybe_recompile pc=0x0000000002cd3634 method=com.android.dx.cf.code.BytecodeArray.parseInstruction(ILcom/android/dx/cf/code/BytecodeArray$Visitor;)I @ 1161
Event: 8.466 Thread 0x0000000017187800 Uncommon trap: reason=unstable_if action=reinterpret pc=0x0000000002e9854c method=com.android.dx.cf.code.BytecodeArray.parseInstruction(ILcom/android/dx/cf/code/BytecodeArray$Visitor;)I @ 1261
Event: 9.780 Thread 0x0000000017272800 Uncommon trap: reason=null_check action=make_not_entrant pc=0x0000000002ee3294 method=com.android.dx.cf.code.Ropper$CatchInfo.getSetup(Lcom/android/dx/rop/type/Type;)Lcom/android/dx/cf/code/Ropper$ExceptionHandlerSetup; @ 10
Event: 9.896 Thread 0x0000000017272800 Uncommon trap: reason=unstable_if action=reinterpret pc=0x0000000002ab5018 method=java.util.HashMap.resize()[Ljava/util/HashMap$Node; @ 206
Event: 9.906 Thread 0x0000000017272800 Uncommon trap: reason=unstable_if action=reinterpret pc=0x0000000002f20674 method=java.util.HashMap.putVal(ILjava/lang/Object;Ljava/lang/Object;ZZ)Ljava/lang/Object; @ 94
Event: 9.906 Thread 0x0000000017272800 Uncommon trap: reason=class_check action=maybe_recompile pc=0x00000000028548bc method=java.util.HashMap.putVal(ILjava/lang/Object;Ljava/lang/Object;ZZ)Ljava/lang/Object; @ 203

Internal exceptions (8 events):
Event: 0.046 Thread 0x000000000247d800 Exception <a 'java/lang/NoSuchMethodError': Method sun.misc.Unsafe.defineClass(Ljava/lang/String;[BII)Ljava/lang/Class; name or signature does not match> (0x00000000eab07cc0) thrown at [C:\re\workspace\8-2-build-windows-amd64-cygwin\jdk8u91\6644\hotspot\srn]}µÂ§?
Event: 0.046 Thread 0x000000000247d800 Exception <a 'java/lang/NoSuchMethodError': Method sun.misc.Unsafe.prefetchRead(Ljava/lang/Object;J)V name or signature does not match> (0x00000000eab07fa8) thrown at [C:\re\workspace\8-2-build-windows-amd64-cygwin\jdk8u91\6644\hotspot\src\share\vm\prims\jbÊ|Ï<þ?
Event: 1.890 Thread 0x0000000017187000 Implicit null exception at 0x000000000276b262 to 0x000000000276b361
Event: 2.661 Thread 0x0000000017238800 Implicit null exception at 0x00000000029632b7 to 0x000000000296490d
Event: 2.918 Thread 0x0000000017272800 Exception <a 'java/lang/ArrayIndexOutOfBoundsException': 18> (0x00000000efd193e0) thrown at [C:\re\workspace\8-2-build-windows-amd64-cygwin\jdk8u91\6644\hotspot\src\share\vm\interpreter\interpreterRuntime.cpp, line 366]
Event: 2.921 Thread 0x0000000017272800 Exception <a 'java/lang/ArrayIndexOutOfBoundsException': 145> (0x00000000efd1af60) thrown at [C:\re\workspace\8-2-build-windows-amd64-cygwin\jdk8u91\6644\hotspot\src\share\vm\interpreter\interpreterRuntime.cpp, line 366]
Event: 2.935 Thread 0x0000000017272800 Exception <a 'java/lang/ArrayIndexOutOfBoundsException'> (0x00000000efd1c248) thrown at [C:\re\workspace\8-2-build-windows-amd64-cygwin\jdk8u91\6644\hotspot\src\share\vm\runtime\sharedRuntime.cpp, line 605]
Event: 9.780 Thread 0x0000000017272800 Implicit null exception at 0x0000000002eda9b4 to 0x0000000002ee3255

Events (10 events):
Event: 9.906 Thread 0x0000000017272800 Uncommon trap: trap_request=0xffffff65 fr.pc=0x0000000002f20674
Event: 9.906 Thread 0x0000000017272800 DEOPT PACKING pc=0x0000000002f20674 sp=0x000000001855e780
Event: 9.906 Thread 0x0000000017272800 DEOPT UNPACKING pc=0x00000000024c582a sp=0x000000001855e650 mode 2
Event: 9.906 Thread 0x0000000017272800 Uncommon trap: trap_request=0xffffffde fr.pc=0x00000000028548bc
Event: 9.906 Thread 0x0000000017272800 DEOPT PACKING pc=0x00000000028548bc sp=0x000000001855e700
Event: 9.906 Thread 0x0000000017272800 DEOPT UNPACKING pc=0x00000000024c582a sp=0x000000001855e638 mode 2
Event: 9.949 Thread 0x0000000017272800 DEOPT PACKING pc=0x00000000029a97d0 sp=0x000000001855e820
Event: 9.949 Thread 0x0000000017272800 DEOPT UNPACKING pc=0x00000000024c787f sp=0x000000001855e568 mode 0
Event: 9.950 Thread 0x0000000017272800 DEOPT PACKING pc=0x000000000299479d sp=0x000000001855e9a0
Event: 9.950 Thread 0x0000000017272800 DEOPT UNPACKING pc=0x00000000024c787f sp=0x000000001855e6f0 mode 0


Dynamic libraries:
0x00007ff7d6900000 - 0x00007ff7d6937000 	C:\Program Files\Java\jdk1.8.0_91\bin\java.exe
0x00007fffaaa10000 - 0x00007fffaabd1000 	C:\WINDOWS\SYSTEM32\ntdll.dll
0x00007fffa7f20000 - 0x00007fffa7fcd000 	C:\WINDOWS\system32\KERNEL32.DLL
0x00007fffa70c0000 - 0x00007fffa72a8000 	C:\WINDOWS\system32\KERNELBASE.dll
0x00007fffaa700000 - 0x00007fffaa7a7000 	C:\WINDOWS\system32\ADVAPI32.dll
0x00007fffa8dd0000 - 0x00007fffa8e6d000 	C:\WINDOWS\system32\msvcrt.dll
0x00007fffa85b0000 - 0x00007fffa860b000 	C:\WINDOWS\system32\sechost.dll
0x00007fffa7fd0000 - 0x00007fffa80ec000 	C:\WINDOWS\system32\RPCRT4.dll
0x00007fffa80f0000 - 0x00007fffa8246000 	C:\WINDOWS\system32\USER32.dll
0x00007fffaa450000 - 0x00007fffaa5d6000 	C:\WINDOWS\system32\GDI32.dll
0x00007fffa1920000 - 0x00007fffa1b94000 	C:\WINDOWS\WinSxS\amd64_microsoft.windows.common-controls_6595b64144ccf1df_6.0.10586.0_none_8c15ae12515e1c22\COMCTL32.dll
0x00007fffa8250000 - 0x00007fffa84cd000 	C:\WINDOWS\system32\combase.dll
0x00007fffa7400000 - 0x00007fffa746a000 	C:\WINDOWS\system32\bcryptPrimitives.dll
0x00007fffaa5f0000 - 0x00007fffaa62b000 	C:\WINDOWS\system32\IMM32.DLL
0x00000000654f0000 - 0x00000000655c2000 	C:\Program Files\Java\jdk1.8.0_91\jre\bin\msvcr100.dll
0x0000000064c50000 - 0x00000000654e3000 	C:\Program Files\Java\jdk1.8.0_91\jre\bin\server\jvm.dll
0x00007fffa8610000 - 0x00007fffa8618000 	C:\WINDOWS\system32\PSAPI.DLL
0x00007fffa55f0000 - 0x00007fffa5613000 	C:\WINDOWS\SYSTEM32\WINMM.dll
0x00007fffa2fa0000 - 0x00007fffa2faa000 	C:\WINDOWS\SYSTEM32\VERSION.dll
0x00007fffa55c0000 - 0x00007fffa55ec000 	C:\WINDOWS\SYSTEM32\WINMMBASE.dll
0x00007fffa7bd0000 - 0x00007fffa7c13000 	C:\WINDOWS\system32\cfgmgr32.dll
0x00007fff9e4a0000 - 0x00007fff9e4a9000 	C:\WINDOWS\SYSTEM32\WSOCK32.dll
0x00007fffa8d60000 - 0x00007fffa8dcb000 	C:\WINDOWS\system32\WS2_32.dll
0x00000000665a0000 - 0x00000000665af000 	C:\Program Files\Java\jdk1.8.0_91\jre\bin\verify.dll
0x0000000064c20000 - 0x0000000064c49000 	C:\Program Files\Java\jdk1.8.0_91\jre\bin\java.dll
0x0000000064c00000 - 0x0000000064c16000 	C:\Program Files\Java\jdk1.8.0_91\jre\bin\zip.dll
0x00007fffa8e80000 - 0x00007fffaa3dc000 	C:\WINDOWS\system32\SHELL32.dll
0x00007fffa7520000 - 0x00007fffa7b64000 	C:\WINDOWS\system32\windows.storage.dll
0x00007fffa84d0000 - 0x00007fffa8522000 	C:\WINDOWS\system32\shlwapi.dll
0x00007fffa7080000 - 0x00007fffa708f000 	C:\WINDOWS\system32\kernel.appcore.dll
0x00007fffa7340000 - 0x00007fffa73f5000 	C:\WINDOWS\system32\shcore.dll
0x00007fffa7030000 - 0x00007fffa707b000 	C:\WINDOWS\system32\powrprof.dll
0x00007fffa7090000 - 0x00007fffa70a4000 	C:\WINDOWS\system32\profapi.dll

VM Arguments:
jvm_args: -Djava.awt.headless=true -Xmx1024M -Dfile.encoding=windows-1252 -Duser.country=CA -Duser.language=en -Duser.variant 
java_command: com.android.dx.command.Main --dex --num-threads=4 --output C:\Users\Kevin's Playtime\AndroidStudioProjects\Moments\app\build\intermediates\pre-dexed\debug\com.android.support-support-v4-23.4.0_b392008f3648a19ba24ed20a6baeeabf54eafeb4.jar C:\Users\Kevin's Playtime\AndroidStudioProjects\Moments\app\build\intermediates\exploded-aar\com.android.support\support-v4\23.4.0\jars\classes.jar
java_class_path (initial): C:\Android\sdk\build-tools\23.0.2\lib\dx.jar
Launcher Type: SUN_STANDARD

Environment Variables:
JAVA_HOME=C:\Program Files\Java\jdk1.7.0_67
PATH=C:\ProgramData\Oracle\Java\javapath;C:\Program Files (x86)\Caminova\Document Express DjVu Plug-in\;c:\Program Files (x86)\Intel\iCLS Client\;c:\Program Files\Intel\iCLS Client\;C:\WINDOWS\system32;C:\WINDOWS;C:\WINDOWS\System32\Wbem;C:\WINDOWS\System32\WindowsPowerShell\v1.0\;C:\Program Files\Intel\Intel(R) Management Engine Components\DAL;C:\Program Files\Intel\Intel(R) Management Engine Components\IPT;C:\Program Files (x86)\Intel\Intel(R) Management Engine Components\DAL;C:\Program Files (x86)\Intel\Intel(R) Management Engine Components\IPT;C:\Program Files (x86)\Windows Live\Shared;C:\Program Files (x86)\Skype\Phone\;C:\Program Files\nodejs\;C:\WINDOWS\system32\config\systemprofile\.dnx\bin;C:\Program Files\Microsoft DNX\Dnvm\;C:\Program Files (x86)\Windows Kits\8.1\Windows Performance Toolkit\;C:\Program Files\Microsoft SQL Server\130\Tools\Binn\;C:\Program Files (x86)\QuickTime\QTSystem\;C:\Program Files\Git\cmd;C:\Users\Kevin's Playtime\AppData\Local\Programs\Python\Python35-32\Scripts\;C:\Users\Kevin's Playtime\AppData\Local\Programs\Python\Python35-32\;c:\users\kevin's playtime\appdata\local\enthought\canopy\user\scripts;C:\Users\Kevin's Playtime\AppData\Local\Enthought\Canopy\User;C:\Users\Kevin's Playtime\AppData\Local\Enthought\Canopy\User\Scripts;C:\Users\Kevin's Playtime\AppData\Roaming\npm
USERNAME=Kevin
OS=Windows_NT
PROCESSOR_IDENTIFIER=Intel64 Family 6 Model 58 Stepping 9, GenuineIntel



---------------  S Y S T E M  ---------------

OS: Windows 10.0 , 64 bit Build 10586 (10.0.10586.0)

CPU:total 8 (4 cores per cpu, 2 threads per core) family 6 model 58 stepping 9, cmov, cx8, fxsr, mmx, sse, sse2, sse3, ssse3, sse4.1, sse4.2, popcnt, avx, aes, clmul, erms, ht, tsc, tscinvbit, tscinv

Memory: 4k page, physical 8318812k(408436k free), swap 12513116k(5388k free)

vm_info: Java HotSpot(TM) 64-Bit Server VM (25.91-b14) for windows-amd64 JRE (1.8.0_91-b14), built on Apr  1 2016 00:58:32 by "java_re" with MS VC++ 10.0 (VS2010)

time: Wed Jun 15 20:55:20 2016
elapsed time: 10 seconds (0d 0h 0m 10s)

