#
# There is insufficient memory for the Java Runtime Environment to continue.
# Native memory allocation (malloc) failed to allocate 32744 bytes for ChunkPool::allocate
# Possible reasons:
#   The system is out of physical RAM or swap space
#   In 32 bit mode, the process size limit was hit
# Possible solutions:
#   Reduce memory load on the system
#   Increase physical memory or swap space
#   Check if swap backing store is full
#   Use 64 bit Java on a 64 bit OS
#   Decrease Java heap size (-Xmx/-Xms)
#   Decrease number of Java threads
#   Decrease Java thread stack sizes (-Xss)
#   Set larger code cache with -XX:ReservedCodeCacheSize=
# This output file may be truncated or incomplete.
#
#  Out of Memory Error (allocation.cpp:273), pid=7336, tid=32664
#
# JRE version: Java(TM) SE Runtime Environment (8.0_91-b14) (build 1.8.0_91-b14)
# Java VM: Java HotSpot(TM) 64-Bit Server VM (25.91-b14 mixed mode windows-amd64 compressed oops)
# Failed to write core dump. Minidumps are not enabled by default on client versions of Windows
#

---------------  T H R E A D  ---------------

Current thread (0x0000000016d6d000):  JavaThread "C2 CompilerThread1" daemon [_thread_in_native, id=32664, stack(0x0000000017630000,0x0000000017730000)]

Stack: [0x0000000017630000,0x0000000017730000]
[error occurred during error reporting (printing stack bounds), id 0xc0000005]

Native frames: (J=compiled Java code, j=interpreted, Vv=VM code, C=native code)


Current CompileTask:
C2:   1066 1301       4       com.android.dx.rop.code.BasicBlockList::set (12 bytes)


---------------  P R O C E S S  ---------------

Java Threads: ( => current thread )
  0x000000001710d000 JavaThread "pool-1-thread-4" [_thread_in_Java, id=25588, stack(0x0000000018730000,0x0000000018830000)]
  0x0000000017051000 JavaThread "pool-1-thread-3" [_thread_blocked, id=23996, stack(0x0000000018630000,0x0000000018730000)]
  0x000000001705f000 JavaThread "pool-1-thread-2" [_thread_in_Java, id=27188, stack(0x0000000018530000,0x0000000018630000)]
  0x000000001705c000 JavaThread "pool-2-thread-1" [_thread_blocked, id=29584, stack(0x0000000018430000,0x0000000018530000)]
  0x00000000170bc800 JavaThread "pool-1-thread-1" [_thread_blocked, id=32428, stack(0x0000000018330000,0x0000000018430000)]
  0x0000000016e1e800 JavaThread "Service Thread" daemon [_thread_blocked, id=7228, stack(0x0000000017930000,0x0000000017a30000)]
  0x0000000016d7b000 JavaThread "C1 CompilerThread3" daemon [_thread_in_native, id=8200, stack(0x0000000017830000,0x0000000017930000)]
  0x0000000016d71000 JavaThread "C2 CompilerThread2" daemon [_thread_in_native, id=28036, stack(0x0000000017730000,0x0000000017830000)]
=>0x0000000016d6d000 JavaThread "C2 CompilerThread1" daemon [_thread_in_native, id=32664, stack(0x0000000017630000,0x0000000017730000)]
  0x0000000016d6a000 JavaThread "C2 CompilerThread0" daemon [_thread_in_native, id=28292, stack(0x0000000017530000,0x0000000017630000)]
  0x0000000016d67000 JavaThread "Attach Listener" daemon [_thread_blocked, id=32104, stack(0x0000000017430000,0x0000000017530000)]
  0x0000000016d66000 JavaThread "Signal Dispatcher" daemon [_thread_blocked, id=17992, stack(0x0000000017330000,0x0000000017430000)]
  0x0000000016d60800 JavaThread "Finalizer" daemon [_thread_blocked, id=25408, stack(0x0000000017140000,0x0000000017240000)]
  0x0000000002324000 JavaThread "Reference Handler" daemon [_thread_blocked, id=28356, stack(0x0000000016c40000,0x0000000016d40000)]
  0x000000000212e000 JavaThread "main" [_thread_in_Java, id=32236, stack(0x0000000002130000,0x0000000002230000)]

Other Threads:
  0x0000000014e79800 VMThread [stack: 0x0000000016b40000,0x0000000016c40000] [id=25312]
  0x0000000016e31800 WatcherThread [stack: 0x0000000017a30000,0x0000000017b30000] [id=21396]

VM state:not at safepoint (normal execution)

VM Mutex/Monitor currently owned by a thread: None

Heap:
 PSYoungGen      total 38400K, used 16765K [0x00000000eab00000, 0x00000000ee380000, 0x0000000100000000)
  eden space 33280K, 35% used [0x00000000eab00000,0x00000000eb660840,0x00000000ecb80000)
  from space 5120K, 99% used [0x00000000ed080000,0x00000000ed57edc0,0x00000000ed580000)
  to   space 5120K, 0% used [0x00000000ecb80000,0x00000000ecb80000,0x00000000ed080000)
 ParOldGen       total 49664K, used 2108K [0x00000000c0000000, 0x00000000c3080000, 0x00000000eab00000)
  object space 49664K, 4% used [0x00000000c0000000,0x00000000c020f290,0x00000000c3080000)
 Metaspace       used 6128K, capacity 6964K, committed 7040K, reserved 1058816K
  class space    used 605K, capacity 620K, committed 640K, reserved 1048576K

Card table byte_map: [0x0000000011700000,0x0000000011910000] byte_map_base: 0x0000000011100000

Marking Bits: (ParMarkBitMap*) 0x0000000064742f70
 Begin Bits: [0x0000000012270000, 0x0000000013270000)
 End Bits:   [0x0000000013270000, 0x0000000014270000)

Polling page: 0x0000000000890000

CodeCache: size=245760Kb used=5099Kb max_used=5102Kb free=240661Kb
 bounds [0x0000000002340000, 0x0000000002850000, 0x0000000011340000]
 total_blobs=1589 nmethods=1317 adapters=185
 compilation: enabled

Compilation events (10 events):
Event: 1.053 Thread 0x0000000016d6a000 1177       4       com.android.dx.ssa.SCCP::simulateStmt (481 bytes)
Event: 1.054 Thread 0x0000000016d7b000 1326       3       java.util.BitSet::set (18 bytes)
Event: 1.054 Thread 0x0000000016d6d000 nmethod 1217 0x000000000283d550 code [0x000000000283d6e0, 0x000000000283dd68]
Event: 1.054 Thread 0x0000000016d6d000 1245       4       com.android.dx.rop.code.RegisterSpecList::set (7 bytes)
Event: 1.054 Thread 0x0000000016d7b000 nmethod 1326 0x000000000283d0d0 code [0x000000000283d240, 0x000000000283d478]
Event: 1.056 Thread 0x0000000016d6d000 nmethod 1245 0x000000000283ccd0 code [0x000000000283ce20, 0x000000000283cf38]
Event: 1.056 Thread 0x0000000016d6d000 1301       4       com.android.dx.rop.code.BasicBlockList::set (12 bytes)
Event: 1.057 Thread 0x0000000016d7b000 1327       3       com.android.dx.rop.code.DexTranslationAdvice::hasConstantOperation (163 bytes)
Event: 1.058 Thread 0x0000000016d7b000 nmethod 1327 0x000000000283f710 code [0x000000000283f960, 0x00000000028411f8]
Event: 1.060 Thread 0x0000000016d7b000 1330       3       com.android.dx.cf.code.Simulator$SimVisitor::visitNoArgs (2108 bytes)

GC Heap History (6 events):
Event: 0.327 GC heap before
{Heap before GC invocations=1 (full 0):
 PSYoungGen      total 38400K, used 9341K [0x00000000eab00000, 0x00000000ed580000, 0x0000000100000000)
  eden space 33280K, 28% used [0x00000000eab00000,0x00000000eb41f728,0x00000000ecb80000)
  from space 5120K, 0% used [0x00000000ed080000,0x00000000ed080000,0x00000000ed580000)
  to   space 5120K, 0% used [0x00000000ecb80000,0x00000000ecb80000,0x00000000ed080000)
 ParOldGen       total 87552K, used 0K [0x00000000c0000000, 0x00000000c5580000, 0x00000000eab00000)
  object space 87552K, 0% used [0x00000000c0000000,0x00000000c0000000,0x00000000c5580000)
 Metaspace       used 3928K, capacity 5040K, committed 5120K, reserved 1060864K
  class space    used 440K, capacity 488K, committed 512K, reserved 1048576K
Event: 0.354 GC heap after
Heap after GC invocations=1 (full 0):
 PSYoungGen      total 38400K, used 1396K [0x00000000eab00000, 0x00000000ed580000, 0x0000000100000000)
  eden space 33280K, 0% used [0x00000000eab00000,0x00000000eab00000,0x00000000ecb80000)
  from space 5120K, 27% used [0x00000000ecb80000,0x00000000eccdd2c8,0x00000000ed080000)
  to   space 5120K, 0% used [0x00000000ed080000,0x00000000ed080000,0x00000000ed580000)
 ParOldGen       total 87552K, used 8K [0x00000000c0000000, 0x00000000c5580000, 0x00000000eab00000)
  object space 87552K, 0% used [0x00000000c0000000,0x00000000c0002000,0x00000000c5580000)
 Metaspace       used 3928K, capacity 5040K, committed 5120K, reserved 1060864K
  class space    used 440K, capacity 488K, committed 512K, reserved 1048576K
}
Event: 0.354 GC heap before
{Heap before GC invocations=2 (full 1):
 PSYoungGen      total 38400K, used 1396K [0x00000000eab00000, 0x00000000ed580000, 0x0000000100000000)
  eden space 33280K, 0% used [0x00000000eab00000,0x00000000eab00000,0x00000000ecb80000)
  from space 5120K, 27% used [0x00000000ecb80000,0x00000000eccdd2c8,0x00000000ed080000)
  to   space 5120K, 0% used [0x00000000ed080000,0x00000000ed080000,0x00000000ed580000)
 ParOldGen       total 87552K, used 8K [0x00000000c0000000, 0x00000000c5580000, 0x00000000eab00000)
  object space 87552K, 0% used [0x00000000c0000000,0x00000000c0002000,0x00000000c5580000)
 Metaspace       used 3928K, capacity 5040K, committed 5120K, reserved 1060864K
  class space    used 440K, capacity 488K, committed 512K, reserved 1048576K
Event: 0.377 GC heap after
Heap after GC invocations=2 (full 1):
 PSYoungGen      total 38400K, used 0K [0x00000000eab00000, 0x00000000ed580000, 0x0000000100000000)
  eden space 33280K, 0% used [0x00000000eab00000,0x00000000eab00000,0x00000000ecb80000)
  from space 5120K, 0% used [0x00000000ecb80000,0x00000000ecb80000,0x00000000ed080000)
  to   space 5120K, 0% used [0x00000000ed080000,0x00000000ed080000,0x00000000ed580000)
 ParOldGen       total 49664K, used 1246K [0x00000000c0000000, 0x00000000c3080000, 0x00000000eab00000)
  object space 49664K, 2% used [0x00000000c0000000,0x00000000c0137810,0x00000000c3080000)
 Metaspace       used 3928K, capacity 5040K, committed 5120K, reserved 1058816K
  class space    used 440K, capacity 488K, committed 512K, reserved 1048576K
}
Event: 0.990 GC heap before
{Heap before GC invocations=3 (full 1):
 PSYoungGen      total 38400K, used 33280K [0x00000000eab00000, 0x00000000ed580000, 0x0000000100000000)
  eden space 33280K, 100% used [0x00000000eab00000,0x00000000ecb80000,0x00000000ecb80000)
  from space 5120K, 0% used [0x00000000ecb80000,0x00000000ecb80000,0x00000000ed080000)
  to   space 5120K, 0% used [0x00000000ed080000,0x00000000ed080000,0x00000000ed580000)
 ParOldGen       total 49664K, used 1246K [0x00000000c0000000, 0x00000000c3080000, 0x00000000eab00000)
  object space 49664K, 2% used [0x00000000c0000000,0x00000000c0137810,0x00000000c3080000)
 Metaspace       used 6071K, capacity 6964K, committed 7040K, reserved 1058816K
  class space    used 602K, capacity 620K, committed 640K, reserved 1048576K
Event: 1.000 GC heap after
Heap after GC invocations=3 (full 1):
 PSYoungGen      total 38400K, used 5115K [0x00000000eab00000, 0x00000000ee380000, 0x0000000100000000)
  eden space 33280K, 0% used [0x00000000eab00000,0x00000000eab00000,0x00000000ecb80000)
  from space 5120K, 99% used [0x00000000ed080000,0x00000000ed57edc0,0x00000000ed580000)
  to   space 5120K, 0% used [0x00000000ecb80000,0x00000000ecb80000,0x00000000ed080000)
 ParOldGen       total 49664K, used 2108K [0x00000000c0000000, 0x00000000c3080000, 0x00000000eab00000)
  object space 49664K, 4% used [0x00000000c0000000,0x00000000c020f290,0x00000000c3080000)
 Metaspace       used 6071K, capacity 6964K, committed 7040K, reserved 1058816K
  class space    used 602K, capacity 620K, committed 640K, reserved 1048576K
}

Deoptimization events (10 events):
Event: 0.668 Thread 0x00000000170bc800 Uncommon trap: reason=class_check action=maybe_recompile pc=0x00000000025b6254 method=com.android.dx.ssa.NormalSsaInsn.accept(Lcom/android/dx/ssa/SsaInsn$Visitor;)V @ 9
Event: 0.675 Thread 0x000000001705f000 Uncommon trap: reason=class_check action=maybe_recompile pc=0x00000000025b6254 method=com.android.dx.ssa.NormalSsaInsn.accept(Lcom/android/dx/ssa/SsaInsn$Visitor;)V @ 9
Event: 0.724 Thread 0x000000001705f000 Uncommon trap: reason=unstable_if action=reinterpret pc=0x00000000025a39c4 method=java.util.HashMap.getNode(ILjava/lang/Object;)Ljava/util/HashMap$Node; @ 129
Event: 0.746 Thread 0x000000001705f000 Uncommon trap: reason=unstable_if action=reinterpret pc=0x000000000262cd7c method=com.android.dx.rop.code.LocalItem.hashCode()I @ 25
Event: 0.779 Thread 0x000000001705f000 Uncommon trap: reason=class_check action=maybe_recompile pc=0x00000000025b6254 method=com.android.dx.ssa.NormalSsaInsn.accept(Lcom/android/dx/ssa/SsaInsn$Visitor;)V @ 9
Event: 0.784 Thread 0x00000000170bc800 Uncommon trap: reason=unstable_if action=reinterpret pc=0x000000000261abdc method=com.android.dx.rop.cst.Constant.compareTo(Lcom/android/dx/rop/cst/Constant;)I @ 12
Event: 0.787 Thread 0x000000001705f000 Uncommon trap: reason=class_check action=maybe_recompile pc=0x0000000002579db0 method=com.android.dx.ssa.NormalSsaInsn.accept(Lcom/android/dx/ssa/SsaInsn$Visitor;)V @ 9
Event: 0.837 Thread 0x000000000212e000 Uncommon trap: reason=unstable_if action=reinterpret pc=0x00000000026942d0 method=com.android.dx.ssa.SsaRenamer$BlockRenamer.addMapping(ILcom/android/dx/rop/code/RegisterSpec;)V @ 120
Event: 0.945 Thread 0x0000000017051000 Uncommon trap: reason=null_check action=make_not_entrant pc=0x0000000002695b38 method=com.android.dx.ssa.SsaRenamer.getLocalForNewReg(I)Lcom/android/dx/rop/code/LocalItem; @ 19
Event: 0.947 Thread 0x0000000017051000 Uncommon trap: reason=null_check action=make_not_entrant pc=0x000000000269c820 method=com.android.dx.ssa.SsaRenamer.getLocalForNewReg(I)Lcom/android/dx/rop/code/LocalItem; @ 19

Internal exceptions (4 events):
Event: 0.046 Thread 0x000000000212e000 Exception <a 'java/lang/NoSuchMethodError': Method sun.misc.Unsafe.defineClass(Ljava/lang/String;[BII)Ljava/lang/Class; name or signature does not match> (0x00000000eab07cc0) thrown at [C:\re\workspace\8-2-build-windows-amd64-cygwin\jdk8u91\6644\hotspot\srŸª\nß?
Event: 0.046 Thread 0x000000000212e000 Exception <a 'java/lang/NoSuchMethodError': Method sun.misc.Unsafe.prefetchRead(Ljava/lang/Object;J)V name or signature does not match> (0x00000000eab07fa8) thrown at [C:\re\workspace\8-2-build-windows-amd64-cygwin\jdk8u91\6644\hotspot\src\share\vm\prims\jBÌÚGb;Ó?
Event: 0.945 Thread 0x0000000017051000 Implicit null exception at 0x0000000002694fea to 0x0000000002695aed
Event: 0.947 Thread 0x0000000017051000 Implicit null exception at 0x000000000269be66 to 0x000000000269c7fd

Events (10 events):
Event: 1.003 loading class com/android/dx/dex/file/ParameterAnnotationStruct
Event: 1.003 loading class com/android/dx/dex/file/ParameterAnnotationStruct done
Event: 1.004 loading class com/android/dx/dex/file/UniformListItem
Event: 1.004 loading class com/android/dx/dex/file/UniformListItem done
Event: 1.005 loading class com/android/dx/dex/file/AnnotationSetRefItem
Event: 1.005 loading class com/android/dx/dex/file/AnnotationSetRefItem done
Event: 1.013 loading class com/android/dx/cf/attrib/AttRuntimeInvisibleAnnotations
Event: 1.013 loading class com/android/dx/cf/attrib/AttRuntimeInvisibleAnnotations done
Event: 1.013 loading class com/android/dx/cf/attrib/BaseAnnotations
Event: 1.013 loading class com/android/dx/cf/attrib/BaseAnnotations done


Dynamic libraries:
0x00007ff7d6900000 - 0x00007ff7d6937000 	C:\Program Files\Java\jdk1.8.0_91\bin\java.exe
0x00007fffaaa10000 - 0x00007fffaabd1000 	C:\WINDOWS\SYSTEM32\ntdll.dll
0x00007fffa7f20000 - 0x00007fffa7fcd000 	C:\WINDOWS\system32\KERNEL32.DLL
0x00007fffa70c0000 - 0x00007fffa72a8000 	C:\WINDOWS\system32\KERNELBASE.dll
0x00007fffaa700000 - 0x00007fffaa7a7000 	C:\WINDOWS\system32\ADVAPI32.dll
0x00007fffa8dd0000 - 0x00007fffa8e6d000 	C:\WINDOWS\system32\msvcrt.dll
0x00007fffa85b0000 - 0x00007fffa860b000 	C:\WINDOWS\system32\sechost.dll
0x00007fffa7fd0000 - 0x00007fffa80ec000 	C:\WINDOWS\system32\RPCRT4.dll
0x00007fffa80f0000 - 0x00007fffa8246000 	C:\WINDOWS\system32\USER32.dll
0x00007fffaa450000 - 0x00007fffaa5d6000 	C:\WINDOWS\system32\GDI32.dll
0x00007fffa1920000 - 0x00007fffa1b94000 	C:\WINDOWS\WinSxS\amd64_microsoft.windows.common-controls_6595b64144ccf1df_6.0.10586.0_none_8c15ae12515e1c22\COMCTL32.dll
0x00007fffa8250000 - 0x00007fffa84cd000 	C:\WINDOWS\system32\combase.dll
0x00007fffa7400000 - 0x00007fffa746a000 	C:\WINDOWS\system32\bcryptPrimitives.dll
0x00007fffaa5f0000 - 0x00007fffaa62b000 	C:\WINDOWS\system32\IMM32.DLL
0x0000000065260000 - 0x0000000065332000 	C:\Program Files\Java\jdk1.8.0_91\jre\bin\msvcr100.dll
0x0000000063f30000 - 0x00000000647c3000 	C:\Program Files\Java\jdk1.8.0_91\jre\bin\server\jvm.dll
0x00007fffa8610000 - 0x00007fffa8618000 	C:\WINDOWS\system32\PSAPI.DLL
0x00007fffa2fa0000 - 0x00007fffa2faa000 	C:\WINDOWS\SYSTEM32\VERSION.dll
0x00007fffa55f0000 - 0x00007fffa5613000 	C:\WINDOWS\SYSTEM32\WINMM.dll
0x0000000000850000 - 0x000000000087c000 	C:\WINDOWS\SYSTEM32\WINMMBASE.dll
0x00007fffa7bd0000 - 0x00007fffa7c13000 	C:\WINDOWS\system32\cfgmgr32.dll
0x00007fff9e4a0000 - 0x00007fff9e4a9000 	C:\WINDOWS\SYSTEM32\WSOCK32.dll
0x00007fffa8d60000 - 0x00007fffa8dcb000 	C:\WINDOWS\system32\WS2_32.dll
0x00000000665a0000 - 0x00000000665af000 	C:\Program Files\Java\jdk1.8.0_91\jre\bin\verify.dll
0x0000000065230000 - 0x0000000065259000 	C:\Program Files\Java\jdk1.8.0_91\jre\bin\java.dll
0x0000000065210000 - 0x0000000065226000 	C:\Program Files\Java\jdk1.8.0_91\jre\bin\zip.dll
0x00007fffa8e80000 - 0x00007fffaa3dc000 	C:\WINDOWS\system32\SHELL32.dll
0x00007fffa7520000 - 0x00007fffa7b64000 	C:\WINDOWS\system32\windows.storage.dll
0x00007fffa84d0000 - 0x00007fffa8522000 	C:\WINDOWS\system32\shlwapi.dll
0x00007fffa7080000 - 0x00007fffa708f000 	C:\WINDOWS\system32\kernel.appcore.dll
0x00007fffa7340000 - 0x00007fffa73f5000 	C:\WINDOWS\system32\shcore.dll
0x00007fffa7030000 - 0x00007fffa707b000 	C:\WINDOWS\system32\powrprof.dll
0x00007fffa7090000 - 0x00007fffa70a4000 	C:\WINDOWS\system32\profapi.dll

VM Arguments:
jvm_args: -Djava.awt.headless=true -Xmx1024M -Dfile.encoding=windows-1252 -Duser.country=CA -Duser.language=en -Duser.variant 
java_command: com.android.dx.command.Main --dex --num-threads=4 --output C:\Users\Kevin's Playtime\AndroidStudioProjects\Moments\app\build\intermediates\pre-dexed\debug\internal_impl-23.4.0_f56d2e59f2677005ffea5db503a5fc7ef76fdc0e.jar C:\Users\Kevin's Playtime\AndroidStudioProjects\Moments\app\build\intermediates\exploded-aar\com.android.support\support-v4\23.4.0\jars\libs\internal_impl-23.4.0.jar
java_class_path (initial): C:\Android\sdk\build-tools\23.0.2\lib\dx.jar
Launcher Type: SUN_STANDARD

Environment Variables:
JAVA_HOME=C:\Program Files\Java\jdk1.7.0_67
PATH=C:\ProgramData\Oracle\Java\javapath;C:\Program Files (x86)\Caminova\Document Express DjVu Plug-in\;c:\Program Files (x86)\Intel\iCLS Client\;c:\Program Files\Intel\iCLS Client\;C:\WINDOWS\system32;C:\WINDOWS;C:\WINDOWS\System32\Wbem;C:\WINDOWS\System32\WindowsPowerShell\v1.0\;C:\Program Files\Intel\Intel(R) Management Engine Components\DAL;C:\Program Files\Intel\Intel(R) Management Engine Components\IPT;C:\Program Files (x86)\Intel\Intel(R) Management Engine Components\DAL;C:\Program Files (x86)\Intel\Intel(R) Management Engine Components\IPT;C:\Program Files (x86)\Windows Live\Shared;C:\Program Files (x86)\Skype\Phone\;C:\Program Files\nodejs\;C:\WINDOWS\system32\config\systemprofile\.dnx\bin;C:\Program Files\Microsoft DNX\Dnvm\;C:\Program Files (x86)\Windows Kits\8.1\Windows Performance Toolkit\;C:\Program Files\Microsoft SQL Server\130\Tools\Binn\;C:\Program Files (x86)\QuickTime\QTSystem\;C:\Program Files\Git\cmd;C:\Users\Kevin's Playtime\AppData\Local\Programs\Python\Python35-32\Scripts\;C:\Users\Kevin's Playtime\AppData\Local\Programs\Python\Python35-32\;c:\users\kevin's playtime\appdata\local\enthought\canopy\user\scripts;C:\Users\Kevin's Playtime\AppData\Local\Enthought\Canopy\User;C:\Users\Kevin's Playtime\AppData\Local\Enthought\Canopy\User\Scripts;C:\Users\Kevin's Playtime\AppData\Roaming\npm
USERNAME=Kevin
OS=Windows_NT
PROCESSOR_IDENTIFIER=Intel64 Family 6 Model 58 Stepping 9, GenuineIntel



---------------  S Y S T E M  ---------------

OS: Windows 10.0 , 64 bit Build 10586 (10.0.10586.0)

CPU:total 8 (4 cores per cpu, 2 threads per core) family 6 model 58 stepping 9, cmov, cx8, fxsr, mmx, sse, sse2, sse3, ssse3, sse4.1, sse4.2, popcnt, avx, aes, clmul, erms, ht, tsc, tscinvbit, tscinv

Memory: 4k page, physical 8318812k(1242620k free), swap 12513116k(4340k free)

vm_info: Java HotSpot(TM) 64-Bit Server VM (25.91-b14) for windows-amd64 JRE (1.8.0_91-b14), built on Apr  1 2016 00:58:32 by "java_re" with MS VC++ 10.0 (VS2010)

time: Wed Jun 15 23:39:08 2016
elapsed time: 1 seconds (0d 0h 0m 1s)

