#
# There is insufficient memory for the Java Runtime Environment to continue.
# Native memory allocation (malloc) failed to allocate 608736 bytes for Chunk::new
# Possible reasons:
#   The system is out of physical RAM or swap space
#   In 32 bit mode, the process size limit was hit
# Possible solutions:
#   Reduce memory load on the system
#   Increase physical memory or swap space
#   Check if swap backing store is full
#   Use 64 bit Java on a 64 bit OS
#   Decrease Java heap size (-Xmx/-Xms)
#   Decrease number of Java threads
#   Decrease Java thread stack sizes (-Xss)
#   Set larger code cache with -XX:ReservedCodeCacheSize=
# This output file may be truncated or incomplete.
#
#  Out of Memory Error (allocation.cpp:390), pid=3900, tid=3800
#
# JRE version: Java(TM) SE Runtime Environment (8.0_91-b14) (build 1.8.0_91-b14)
# Java VM: Java HotSpot(TM) 64-Bit Server VM (25.91-b14 mixed mode windows-amd64 compressed oops)
# Failed to write core dump. Minidumps are not enabled by default on client versions of Windows
#

---------------  T H R E A D  ---------------

Current thread (0x000000001751d000):  JavaThread "C2 CompilerThread1" daemon [_thread_in_native, id=3800, stack(0x0000000017de0000,0x0000000017ee0000)]

Stack: [0x0000000017de0000,0x0000000017ee0000]
[error occurred during error reporting (printing stack bounds), id 0xc0000005]

Native frames: (J=compiled Java code, j=interpreted, Vv=VM code, C=native code)


Current CompileTask:
C2:   1029 1060       4       com.android.dx.ssa.SCCP::simulateStmt (481 bytes)


---------------  P R O C E S S  ---------------

Java Threads: ( => current thread )
  0x00000000178aa000 JavaThread "pool-1-thread-4" [_thread_blocked, id=6100, stack(0x00000000186e0000,0x00000000187e0000)]
  0x0000000017871000 JavaThread "pool-1-thread-3" [_thread_in_vm, id=2432, stack(0x00000000185e0000,0x00000000186e0000)]
  0x0000000017870000 JavaThread "pool-1-thread-2" [_thread_blocked, id=12164, stack(0x00000000184e0000,0x00000000185e0000)]
  0x000000001785d800 JavaThread "pool-2-thread-1" [_thread_blocked, id=692, stack(0x00000000183e0000,0x00000000184e0000)]
  0x00000000177d1800 JavaThread "pool-1-thread-1" [_thread_blocked, id=5008, stack(0x00000000182e0000,0x00000000183e0000)]
  0x00000000175bc800 JavaThread "Service Thread" daemon [_thread_blocked, id=14240, stack(0x00000000180e0000,0x00000000181e0000)]
  0x0000000017528800 JavaThread "C1 CompilerThread3" daemon [_thread_blocked, id=2096, stack(0x0000000017fe0000,0x00000000180e0000)]
  0x0000000017521800 JavaThread "C2 CompilerThread2" daemon [_thread_in_native, id=1104, stack(0x0000000017ee0000,0x0000000017fe0000)]
=>0x000000001751d000 JavaThread "C2 CompilerThread1" daemon [_thread_in_native, id=3800, stack(0x0000000017de0000,0x0000000017ee0000)]
  0x000000001751a000 JavaThread "C2 CompilerThread0" daemon [_thread_blocked, id=5564, stack(0x0000000017ce0000,0x0000000017de0000)]
  0x0000000017518000 JavaThread "Attach Listener" daemon [_thread_blocked, id=7300, stack(0x0000000017be0000,0x0000000017ce0000)]
  0x0000000002aee800 JavaThread "Signal Dispatcher" daemon [_thread_blocked, id=9416, stack(0x0000000017ae0000,0x0000000017be0000)]
  0x0000000015633000 JavaThread "Finalizer" daemon [_thread_blocked, id=4908, stack(0x00000000178f0000,0x00000000179f0000)]
  0x0000000002ae7000 JavaThread "Reference Handler" daemon [_thread_blocked, id=10584, stack(0x00000000173f0000,0x00000000174f0000)]
  0x0000000000fbe000 JavaThread "main" [_thread_blocked, id=6948, stack(0x00000000028f0000,0x00000000029f0000)]

Other Threads:
  0x0000000015628800 VMThread [stack: 0x00000000172f0000,0x00000000173f0000] [id=8652]
  0x00000000175c5000 WatcherThread [stack: 0x00000000181e0000,0x00000000182e0000] [id=8296]

VM state:not at safepoint (normal execution)

VM Mutex/Monitor currently owned by a thread: None

Heap:
 PSYoungGen      total 38400K, used 25353K [0x00000000eab00000, 0x00000000ed580000, 0x0000000100000000)
  eden space 33280K, 76% used [0x00000000eab00000,0x00000000ec3c2698,0x00000000ecb80000)
  from space 5120K, 0% used [0x00000000ed080000,0x00000000ed080000,0x00000000ed580000)
  to   space 5120K, 0% used [0x00000000ecb80000,0x00000000ecb80000,0x00000000ed080000)
 ParOldGen       total 87552K, used 0K [0x00000000c0000000, 0x00000000c5580000, 0x00000000eab00000)
  object space 87552K, 0% used [0x00000000c0000000,0x00000000c0000000,0x00000000c5580000)
 Metaspace       used 5911K, capacity 6836K, committed 7040K, reserved 1056768K
  class space    used 601K, capacity 620K, committed 640K, reserved 1048576K

Card table byte_map: [0x0000000011eb0000,0x00000000120c0000] byte_map_base: 0x00000000118b0000

Marking Bits: (ParMarkBitMap*) 0x00000000778c2f70
 Begin Bits: [0x0000000012a20000, 0x0000000013a20000)
 End Bits:   [0x0000000013a20000, 0x0000000014a20000)

Polling page: 0x00000000027b0000

CodeCache: size=245760Kb used=4326Kb max_used=4326Kb free=241433Kb
 bounds [0x0000000002af0000, 0x0000000002f30000, 0x0000000011af0000]
 total_blobs=1367 nmethods=1098 adapters=182
 compilation: enabled

Compilation events (10 events):
Event: 0.951 Thread 0x0000000017528800 nmethod 1035 0x0000000002efaf10 code [0x0000000002efb060, 0x0000000002efb1f0]
Event: 0.951 Thread 0x0000000017528800 1046       1       java.util.HashMap$Node::getValue (5 bytes)
Event: 0.951 Thread 0x0000000017528800 nmethod 1046 0x0000000002f03150 code [0x0000000002f032a0, 0x0000000002f033b0]
Event: 0.951 Thread 0x0000000017528800 1063       1       com.android.dx.rop.cst.CstKnownNull::hashCode (3 bytes)
Event: 0.952 Thread 0x0000000017528800 nmethod 1063 0x0000000002f02e90 code [0x0000000002f02fe0, 0x0000000002f030f0]
Event: 0.952 Thread 0x0000000017528800 1058       1       com.android.dx.cf.attrib.AttSourceFile::getSourceFile (5 bytes)
Event: 0.952 Thread 0x0000000017528800 nmethod 1058 0x0000000002f02bd0 code [0x0000000002f02d20, 0x0000000002f02e30]
Event: 0.952 Thread 0x0000000017528800 1055       1       com.android.dx.ssa.PhiInsn::getOpcode (2 bytes)
Event: 0.952 Thread 0x0000000017528800 nmethod 1055 0x0000000002f02910 code [0x0000000002f02a60, 0x0000000002f02b70]
Event: 0.958 Thread 0x000000001751a000 nmethod 1061 0x0000000002f08d90 code [0x0000000002f08f40, 0x0000000002f09958]

GC Heap History (0 events):
No events

Deoptimization events (3 events):
Event: 0.572 Thread 0x0000000000fbe000 Uncommon trap: reason=null_check action=make_not_entrant pc=0x0000000002d8e4a8 method=com.android.dx.ssa.SsaRenamer.getLocalForNewReg(I)Lcom/android/dx/rop/code/LocalItem; @ 19
Event: 0.763 Thread 0x0000000017870000 Uncommon trap: reason=unstable_if action=reinterpret pc=0x0000000002d411b4 method=java.util.BitSet.ensureCapacity(I)V @ 6
Event: 0.920 Thread 0x0000000017871000 Uncommon trap: reason=unstable_if action=reinterpret pc=0x0000000002da1850 method=com.android.dx.rop.code.RegisterSpec.equals(ILcom/android/dx/rop/type/TypeBearer;Lcom/android/dx/rop/code/LocalItem;)Z @ 42

Internal exceptions (3 events):
Event: 0.034 Thread 0x0000000000fbe000 Exception <a 'java/lang/NoSuchMethodError': Method sun.misc.Unsafe.defineClass(Ljava/lang/String;[BII)Ljava/lang/Class; name or signature does not match> (0x00000000eab07cc0) thrown at [C:\re\workspace\8-2-build-windows-amd64-cygwin\jdk8u91\6644\hotspot\srª#Úèô°?
Event: 0.034 Thread 0x0000000000fbe000 Exception <a 'java/lang/NoSuchMethodError': Method sun.misc.Unsafe.prefetchRead(Ljava/lang/Object;J)V name or signature does not match> (0x00000000eab07fa8) thrown at [C:\re\workspace\8-2-build-windows-amd64-cygwin\jdk8u91\6644\hotspot\src\share\vm\prims\jÀ÷.xO‚?
Event: 0.572 Thread 0x0000000000fbe000 Implicit null exception at 0x0000000002d8d068 to 0x0000000002d8e485

Events (10 events):
Event: 0.735 loading class com/android/dx/cf/attrib/AttExceptions
Event: 0.735 loading class com/android/dx/cf/attrib/AttExceptions done
Event: 0.763 loading class java/util/DualPivotQuicksort
Event: 0.763 loading class java/util/DualPivotQuicksort done
Event: 0.763 Thread 0x0000000017870000 Uncommon trap: trap_request=0xffffff65 fr.pc=0x0000000002d411b4
Event: 0.763 Thread 0x0000000017870000 DEOPT PACKING pc=0x0000000002d411b4 sp=0x00000000185de700
Event: 0.763 Thread 0x0000000017870000 DEOPT UNPACKING pc=0x0000000002b3582a sp=0x00000000185de5e8 mode 2
Event: 0.920 Thread 0x0000000017871000 Uncommon trap: trap_request=0xffffff65 fr.pc=0x0000000002da1850
Event: 0.920 Thread 0x0000000017871000 DEOPT PACKING pc=0x0000000002da1850 sp=0x00000000186decc0
Event: 0.920 Thread 0x0000000017871000 DEOPT UNPACKING pc=0x0000000002b3582a sp=0x00000000186dec48 mode 2


Dynamic libraries:
0x00007ff67bbe0000 - 0x00007ff67bc17000 	C:\Program Files\Java\jdk1.8.0_91\bin\java.exe
0x00007fff74340000 - 0x00007fff74501000 	C:\WINDOWS\SYSTEM32\ntdll.dll
0x00007fff72430000 - 0x00007fff724dd000 	C:\WINDOWS\system32\KERNEL32.DLL
0x00007fff70d20000 - 0x00007fff70f08000 	C:\WINDOWS\system32\KERNELBASE.dll
0x00007fff71740000 - 0x00007fff717e7000 	C:\WINDOWS\system32\ADVAPI32.dll
0x00007fff71fb0000 - 0x00007fff7204d000 	C:\WINDOWS\system32\msvcrt.dll
0x00007fff717f0000 - 0x00007fff7184b000 	C:\WINDOWS\system32\sechost.dll
0x00007fff72bf0000 - 0x00007fff72d0c000 	C:\WINDOWS\system32\RPCRT4.dll
0x00007fff729c0000 - 0x00007fff72b16000 	C:\WINDOWS\system32\USER32.dll
0x00007fff72680000 - 0x00007fff72806000 	C:\WINDOWS\system32\GDI32.dll
0x00007fff6ca00000 - 0x00007fff6cc74000 	C:\WINDOWS\WinSxS\amd64_microsoft.windows.common-controls_6595b64144ccf1df_6.0.10586.0_none_8c15ae12515e1c22\COMCTL32.dll
0x00007fff72050000 - 0x00007fff722cd000 	C:\WINDOWS\system32\combase.dll
0x00007fff70c20000 - 0x00007fff70c8a000 	C:\WINDOWS\system32\bcryptPrimitives.dll
0x00007fff724e0000 - 0x00007fff7251b000 	C:\WINDOWS\system32\IMM32.DLL
0x0000000077950000 - 0x0000000077a22000 	C:\Program Files\Java\jdk1.8.0_91\jre\bin\msvcr100.dll
0x00000000770b0000 - 0x0000000077943000 	C:\Program Files\Java\jdk1.8.0_91\jre\bin\server\jvm.dll
0x00007fff719a0000 - 0x00007fff719a8000 	C:\WINDOWS\system32\PSAPI.DLL
0x00007fff6f010000 - 0x00007fff6f019000 	C:\WINDOWS\SYSTEM32\WSOCK32.dll
0x00007fff6f060000 - 0x00007fff6f083000 	C:\WINDOWS\SYSTEM32\WINMM.dll
0x00007fff6d090000 - 0x00007fff6d09a000 	C:\WINDOWS\SYSTEM32\VERSION.dll
0x00007fff72610000 - 0x00007fff7267b000 	C:\WINDOWS\system32\WS2_32.dll
0x00007fff6ed00000 - 0x00007fff6ed2c000 	C:\WINDOWS\SYSTEM32\WINMMBASE.dll
0x00007fff716f0000 - 0x00007fff71733000 	C:\WINDOWS\system32\cfgmgr32.dll
0x00000000770a0000 - 0x00000000770af000 	C:\Program Files\Java\jdk1.8.0_91\jre\bin\verify.dll
0x0000000077070000 - 0x0000000077099000 	C:\Program Files\Java\jdk1.8.0_91\jre\bin\java.dll
0x0000000077050000 - 0x0000000077066000 	C:\Program Files\Java\jdk1.8.0_91\jre\bin\zip.dll
0x00007fff72d70000 - 0x00007fff742cc000 	C:\WINDOWS\system32\SHELL32.dll
0x00007fff71080000 - 0x00007fff716c4000 	C:\WINDOWS\system32\windows.storage.dll
0x00007fff72d10000 - 0x00007fff72d62000 	C:\WINDOWS\system32\shlwapi.dll
0x00007fff70970000 - 0x00007fff7097f000 	C:\WINDOWS\system32\kernel.appcore.dll
0x00007fff70fc0000 - 0x00007fff71075000 	C:\WINDOWS\system32\shcore.dll
0x00007fff70980000 - 0x00007fff709cb000 	C:\WINDOWS\system32\powrprof.dll
0x00007fff709d0000 - 0x00007fff709e4000 	C:\WINDOWS\system32\profapi.dll

VM Arguments:
jvm_args: -Djava.awt.headless=true -Xmx1024M -Dfile.encoding=windows-1252 -Duser.country=CA -Duser.language=en -Duser.variant 
java_command: com.android.dx.command.Main --dex --num-threads=4 --output C:\Users\Kevin's Playtime\AndroidStudioProjects\Moments\app\build\intermediates\pre-dexed\debug\com.android.support-recyclerview-v7-23.4.0_07e1cc3159b38c65a7b8bf2528d3d439d6b9dd31.jar C:\Users\Kevin's Playtime\AndroidStudioProjects\Moments\app\build\intermediates\exploded-aar\com.android.support\recyclerview-v7\23.4.0\jars\classes.jar
java_class_path (initial): C:\Android\sdk\build-tools\23.0.2\lib\dx.jar
Launcher Type: SUN_STANDARD

Environment Variables:
JAVA_HOME=C:\Program Files\Java\jdk1.7.0_67
PATH=C:\ProgramData\Oracle\Java\javapath;C:\Program Files (x86)\Caminova\Document Express DjVu Plug-in\;c:\Program Files (x86)\Intel\iCLS Client\;c:\Program Files\Intel\iCLS Client\;C:\WINDOWS\system32;C:\WINDOWS;C:\WINDOWS\System32\Wbem;C:\WINDOWS\System32\WindowsPowerShell\v1.0\;C:\Program Files\Intel\Intel(R) Management Engine Components\DAL;C:\Program Files\Intel\Intel(R) Management Engine Components\IPT;C:\Program Files (x86)\Intel\Intel(R) Management Engine Components\DAL;C:\Program Files (x86)\Intel\Intel(R) Management Engine Components\IPT;C:\Program Files (x86)\Windows Live\Shared;C:\Program Files (x86)\Skype\Phone\;C:\Program Files\nodejs\;C:\WINDOWS\system32\config\systemprofile\.dnx\bin;C:\Program Files\Microsoft DNX\Dnvm\;C:\Program Files (x86)\Windows Kits\8.1\Windows Performance Toolkit\;C:\Program Files\Microsoft SQL Server\130\Tools\Binn\;C:\Program Files (x86)\QuickTime\QTSystem\;C:\Program Files\Git\cmd;C:\Users\Kevin's Playtime\AppData\Local\Programs\Python\Python35-32\Scripts\;C:\Users\Kevin's Playtime\AppData\Local\Programs\Python\Python35-32\;c:\users\kevin's playtime\appdata\local\enthought\canopy\user\scripts;C:\Users\Kevin's Playtime\AppData\Local\Enthought\Canopy\User;C:\Users\Kevin's Playtime\AppData\Local\Enthought\Canopy\User\Scripts;C:\Users\Kevin's Playtime\AppData\Roaming\npm
USERNAME=Kevin
OS=Windows_NT
PROCESSOR_IDENTIFIER=Intel64 Family 6 Model 58 Stepping 9, GenuineIntel



---------------  S Y S T E M  ---------------

OS: Windows 10.0 , 64 bit Build 10586 (10.0.10586.0)

CPU:total 8 (4 cores per cpu, 2 threads per core) family 6 model 58 stepping 9, cmov, cx8, fxsr, mmx, sse, sse2, sse3, ssse3, sse4.1, sse4.2, popcnt, avx, aes, clmul, erms, ht, tsc, tscinvbit, tscinv

Memory: 4k page, physical 8318812k(1180084k free), swap 12513116k(2264k free)

vm_info: Java HotSpot(TM) 64-Bit Server VM (25.91-b14) for windows-amd64 JRE (1.8.0_91-b14), built on Apr  1 2016 00:58:32 by "java_re" with MS VC++ 10.0 (VS2010)

time: Tue Jun 21 20:59:44 2016
elapsed time: 1 seconds (0d 0h 0m 1s)

