#
# There is insufficient memory for the Java Runtime Environment to continue.
# Native memory allocation (malloc) failed to allocate 493456 bytes for Chunk::new
# Possible reasons:
#   The system is out of physical RAM or swap space
#   In 32 bit mode, the process size limit was hit
# Possible solutions:
#   Reduce memory load on the system
#   Increase physical memory or swap space
#   Check if swap backing store is full
#   Use 64 bit Java on a 64 bit OS
#   Decrease Java heap size (-Xmx/-Xms)
#   Decrease number of Java threads
#   Decrease Java thread stack sizes (-Xss)
#   Set larger code cache with -XX:ReservedCodeCacheSize=
# This output file may be truncated or incomplete.
#
#  Out of Memory Error (allocation.cpp:390), pid=160, tid=9320
#
# JRE version: Java(TM) SE Runtime Environment (8.0_91-b14) (build 1.8.0_91-b14)
# Java VM: Java HotSpot(TM) 64-Bit Server VM (25.91-b14 mixed mode windows-amd64 compressed oops)
# Failed to write core dump. Minidumps are not enabled by default on client versions of Windows
#

---------------  T H R E A D  ---------------

Current thread (0x000000001780b800):  JavaThread "C2 CompilerThread0" daemon [_thread_in_native, id=9320, stack(0x0000000017fc0000,0x00000000180c0000)]

Stack: [0x0000000017fc0000,0x00000000180c0000]
[error occurred during error reporting (printing stack bounds), id 0xc0000005]

Native frames: (J=compiled Java code, j=interpreted, Vv=VM code, C=native code)


Current CompileTask:
C2:   1057 1244       4       com.android.dx.ssa.back.FirstFitLocalCombiningAllocator$1::processInsn (169 bytes)


---------------  P R O C E S S  ---------------

Java Threads: ( => current thread )
  0x000000001868c800 JavaThread "pool-1-thread-4" [_thread_in_Java, id=5040, stack(0x00000000191c0000,0x00000000192c0000)]
  0x000000001868b800 JavaThread "pool-1-thread-3" [_thread_in_Java, id=11396, stack(0x00000000190c0000,0x00000000191c0000)]
  0x0000000017b1e800 JavaThread "pool-1-thread-2" [_thread_in_Java, id=14496, stack(0x0000000018fc0000,0x00000000190c0000)]
  0x0000000018631000 JavaThread "pool-2-thread-1" [_thread_blocked, id=5688, stack(0x0000000018ec0000,0x0000000018fc0000)]
  0x0000000017bd2800 JavaThread "pool-1-thread-1" [_thread_in_Java, id=14384, stack(0x0000000018dc0000,0x0000000018ec0000)]
  0x00000000178ad000 JavaThread "Service Thread" daemon [_thread_blocked, id=5260, stack(0x00000000183c0000,0x00000000184c0000)]
  0x000000001781b800 JavaThread "C1 CompilerThread3" daemon [_thread_in_native, id=11700, stack(0x00000000182c0000,0x00000000183c0000)]
  0x0000000017814000 JavaThread "C2 CompilerThread2" daemon [_thread_in_native, id=10636, stack(0x00000000181c0000,0x00000000182c0000)]
  0x000000001780e800 JavaThread "C2 CompilerThread1" daemon [_thread_in_native, id=13460, stack(0x00000000180c0000,0x00000000181c0000)]
=>0x000000001780b800 JavaThread "C2 CompilerThread0" daemon [_thread_in_native, id=9320, stack(0x0000000017fc0000,0x00000000180c0000)]
  0x0000000017809000 JavaThread "Attach Listener" daemon [_thread_blocked, id=13468, stack(0x0000000017ec0000,0x0000000017fc0000)]
  0x0000000017806000 JavaThread "Signal Dispatcher" daemon [_thread_blocked, id=15028, stack(0x0000000017dc0000,0x0000000017ec0000)]
  0x0000000017800800 JavaThread "Finalizer" daemon [_thread_blocked, id=12496, stack(0x0000000017be0000,0x0000000017ce0000)]
  0x0000000002d54000 JavaThread "Reference Handler" daemon [_thread_blocked, id=5552, stack(0x00000000176e0000,0x00000000177e0000)]
  0x0000000002dee000 JavaThread "main" [_thread_blocked, id=14892, stack(0x0000000002b30000,0x0000000002c30000)]

Other Threads:
  0x0000000015909800 VMThread [stack: 0x00000000175e0000,0x00000000176e0000] [id=14036]
  0x0000000017862000 WatcherThread [stack: 0x00000000184c0000,0x00000000185c0000] [id=12864]

VM state:not at safepoint (normal execution)

VM Mutex/Monitor currently owned by a thread: None

Heap:
 PSYoungGen      total 38400K, used 18727K [0x00000000eab00000, 0x00000000ed580000, 0x0000000100000000)
  eden space 33280K, 40% used [0x00000000eab00000,0x00000000eb850ca0,0x00000000ecb80000)
  from space 5120K, 99% used [0x00000000ecb80000,0x00000000ed079028,0x00000000ed080000)
  to   space 5120K, 0% used [0x00000000ed080000,0x00000000ed080000,0x00000000ed580000)
 ParOldGen       total 87552K, used 443K [0x00000000c0000000, 0x00000000c5580000, 0x00000000eab00000)
  object space 87552K, 0% used [0x00000000c0000000,0x00000000c006ee48,0x00000000c5580000)
 Metaspace       used 6031K, capacity 6898K, committed 7040K, reserved 1056768K
  class space    used 604K, capacity 618K, committed 640K, reserved 1048576K

Card table byte_map: [0x00000000121b0000,0x00000000123c0000] byte_map_base: 0x0000000011bb0000

Marking Bits: (ParMarkBitMap*) 0x00000000778c2f70
 Begin Bits: [0x0000000012d20000, 0x0000000013d20000)
 End Bits:   [0x0000000013d20000, 0x0000000014d20000)

Polling page: 0x0000000002c40000

CodeCache: size=245760Kb used=4928Kb max_used=4928Kb free=240831Kb
 bounds [0x0000000002df0000, 0x00000000032d0000, 0x0000000011df0000]
 total_blobs=1530 nmethods=1261 adapters=182
 compilation: enabled

Compilation events (10 events):
Event: 1.051 Thread 0x000000001781b800 nmethod 1271 0x00000000032b7750 code [0x00000000032b78c0, 0x00000000032b7c50]
Event: 1.051 Thread 0x000000001781b800 1273       3       com.android.dx.cf.code.BytecodeArray::processWorkSet (50 bytes)
Event: 1.051 Thread 0x000000001781b800 nmethod 1273 0x00000000032b7dd0 code [0x00000000032b7f80, 0x00000000032b84f8]
Event: 1.051 Thread 0x000000001781b800 1272       3       com.android.dx.cf.code.LocalVariableList::concat (97 bytes)
Event: 1.053 Thread 0x000000001781b800 nmethod 1272 0x00000000032b8790 code [0x00000000032b8ac0, 0x00000000032ba808]
Event: 1.053 Thread 0x000000001781b800 1274       3       com.android.dx.cf.iface.StdAttributeList::findNext (85 bytes)
Event: 1.053 Thread 0x000000001781b800 nmethod 1274 0x00000000032bbd10 code [0x00000000032bbf00, 0x00000000032bcb08]
Event: 1.053 Thread 0x000000001781b800 1281       3       com.android.dx.ssa.SsaConverter::edgeSplitPredecessors (44 bytes)
Event: 1.054 Thread 0x000000001781b800 nmethod 1281 0x00000000032bced0 code [0x00000000032bd0e0, 0x00000000032bdaa8]
Event: 1.054 Thread 0x000000001781b800 1280       3       com.android.dx.ssa.SsaMethod::convertRopToSsaBlocks (103 bytes)

GC Heap History (2 events):
Event: 0.710 GC heap before
{Heap before GC invocations=1 (full 0):
 PSYoungGen      total 38400K, used 33280K [0x00000000eab00000, 0x00000000ed580000, 0x0000000100000000)
  eden space 33280K, 100% used [0x00000000eab00000,0x00000000ecb80000,0x00000000ecb80000)
  from space 5120K, 0% used [0x00000000ed080000,0x00000000ed080000,0x00000000ed580000)
  to   space 5120K, 0% used [0x00000000ecb80000,0x00000000ecb80000,0x00000000ed080000)
 ParOldGen       total 87552K, used 0K [0x00000000c0000000, 0x00000000c5580000, 0x00000000eab00000)
  object space 87552K, 0% used [0x00000000c0000000,0x00000000c0000000,0x00000000c5580000)
 Metaspace       used 5852K, capacity 6768K, committed 7040K, reserved 1056768K
  class space    used 602K, capacity 616K, committed 640K, reserved 1048576K
Event: 0.810 GC heap after
Heap after GC invocations=1 (full 0):
 PSYoungGen      total 38400K, used 5092K [0x00000000eab00000, 0x00000000ed580000, 0x0000000100000000)
  eden space 33280K, 0% used [0x00000000eab00000,0x00000000eab00000,0x00000000ecb80000)
  from space 5120K, 99% used [0x00000000ecb80000,0x00000000ed079028,0x00000000ed080000)
  to   space 5120K, 0% used [0x00000000ed080000,0x00000000ed080000,0x00000000ed580000)
 ParOldGen       total 87552K, used 443K [0x00000000c0000000, 0x00000000c5580000, 0x00000000eab00000)
  object space 87552K, 0% used [0x00000000c0000000,0x00000000c006ee48,0x00000000c5580000)
 Metaspace       used 5852K, capacity 6768K, committed 7040K, reserved 1056768K
  class space    used 602K, capacity 616K, committed 640K, reserved 1048576K
}

Deoptimization events (9 events):
Event: 0.202 Thread 0x0000000002dee000 Uncommon trap: reason=unstable_if action=reinterpret pc=0x0000000002f44b14 method=java.lang.String.compareTo(Ljava/lang/String;)I @ 38
Event: 0.540 Thread 0x000000001868b800 Uncommon trap: reason=unstable_if action=reinterpret pc=0x000000000300dbe0 method=java.util.HashMap.getNode(ILjava/lang/Object;)Ljava/util/HashMap$Node; @ 129
Event: 0.664 Thread 0x0000000002dee000 Uncommon trap: reason=unstable_if action=reinterpret pc=0x0000000002ff1bf0 method=java.util.BitSet.nextSetBit(I)I @ 87
Event: 0.883 Thread 0x000000001868c800 Uncommon trap: reason=unstable_if action=reinterpret pc=0x00000000031c3b38 method=com.android.dx.cf.code.Ropper.labelToResultIndex(I)I @ 34
Event: 0.897 Thread 0x000000001868c800 Uncommon trap: reason=class_check action=maybe_recompile pc=0x0000000003069be8 method=com.android.dx.rop.type.Type.equals(Ljava/lang/Object;)Z @ 8
Event: 0.897 Thread 0x000000001868c800 Uncommon trap: reason=class_check action=maybe_recompile pc=0x0000000003069be8 method=com.android.dx.rop.type.Type.equals(Ljava/lang/Object;)Z @ 8
Event: 0.899 Thread 0x000000001868c800 Uncommon trap: reason=class_check action=maybe_recompile pc=0x0000000003069be8 method=com.android.dx.rop.type.Type.equals(Ljava/lang/Object;)Z @ 8
Event: 0.899 Thread 0x000000001868c800 Uncommon trap: reason=class_check action=maybe_recompile pc=0x0000000003069be8 method=com.android.dx.rop.type.Type.equals(Ljava/lang/Object;)Z @ 8
Event: 0.899 Thread 0x000000001868c800 Uncommon trap: reason=class_check action=maybe_recompile pc=0x00000000030f3e30 method=com.android.dx.rop.type.Type.equals(Ljava/lang/Object;)Z @ 8

Internal exceptions (2 events):
Event: 0.032 Thread 0x0000000002dee000 Exception <a 'java/lang/NoSuchMethodError': Method sun.misc.Unsafe.defineClass(Ljava/lang/String;[BII)Ljava/lang/Class; name or signature does not match> (0x00000000eab07cc0) thrown at [C:\re\workspace\8-2-build-windows-amd64-cygwin\jdk8u91\6644\hotspot\srèâ≠6†?
Event: 0.032 Thread 0x0000000002dee000 Exception <a 'java/lang/NoSuchMethodError': Method sun.misc.Unsafe.prefetchRead(Ljava/lang/Object;J)V name or signature does not match> (0x00000000eab07fa8) thrown at [C:\re\workspace\8-2-build-windows-amd64-cygwin\jdk8u91\6644\hotspot\src\share\vm\prims\j

Events (10 events):
Event: 0.899 Thread 0x000000001868c800 DEOPT PACKING pc=0x0000000003069be8 sp=0x00000000192be4b0
Event: 0.899 Thread 0x000000001868c800 DEOPT UNPACKING pc=0x0000000002e3582a sp=0x00000000192be238 mode 2
Event: 0.899 Thread 0x000000001868c800 Uncommon trap: trap_request=0xffffffde fr.pc=0x0000000003069be8
Event: 0.899 Thread 0x000000001868c800 DEOPT PACKING pc=0x0000000003069be8 sp=0x00000000192be430
Event: 0.899 Thread 0x000000001868c800 DEOPT UNPACKING pc=0x0000000002e3582a sp=0x00000000192be1b8 mode 2
Event: 0.899 Thread 0x000000001868c800 Uncommon trap: trap_request=0xffffffde fr.pc=0x00000000030f3e30
Event: 0.899 Thread 0x000000001868c800 DEOPT PACKING pc=0x00000000030f3e30 sp=0x00000000192be3b0
Event: 0.899 Thread 0x000000001868c800 DEOPT UNPACKING pc=0x0000000002e3582a sp=0x00000000192be1a8 mode 2
Event: 0.983 Thread 0x0000000017b1e800 DEOPT PACKING pc=0x000000000305952d sp=0x00000000190bea00
Event: 0.983 Thread 0x0000000017b1e800 DEOPT UNPACKING pc=0x0000000002e3787f sp=0x00000000190be798 mode 0


Dynamic libraries:
0x00007ff67bbe0000 - 0x00007ff67bc17000 	C:\Program Files\Java\jdk1.8.0_91\bin\java.exe
0x00007fff74340000 - 0x00007fff74501000 	C:\WINDOWS\SYSTEM32\ntdll.dll
0x00007fff72430000 - 0x00007fff724dd000 	C:\WINDOWS\system32\KERNEL32.DLL
0x00007fff70d20000 - 0x00007fff70f08000 	C:\WINDOWS\system32\KERNELBASE.dll
0x00007fff71740000 - 0x00007fff717e7000 	C:\WINDOWS\system32\ADVAPI32.dll
0x00007fff71fb0000 - 0x00007fff7204d000 	C:\WINDOWS\system32\msvcrt.dll
0x00007fff717f0000 - 0x00007fff7184b000 	C:\WINDOWS\system32\sechost.dll
0x00007fff72bf0000 - 0x00007fff72d0c000 	C:\WINDOWS\system32\RPCRT4.dll
0x00007fff729c0000 - 0x00007fff72b16000 	C:\WINDOWS\system32\USER32.dll
0x00007fff72680000 - 0x00007fff72806000 	C:\WINDOWS\system32\GDI32.dll
0x00007fff6ca00000 - 0x00007fff6cc74000 	C:\WINDOWS\WinSxS\amd64_microsoft.windows.common-controls_6595b64144ccf1df_6.0.10586.0_none_8c15ae12515e1c22\COMCTL32.dll
0x00007fff72050000 - 0x00007fff722cd000 	C:\WINDOWS\system32\combase.dll
0x00007fff70c20000 - 0x00007fff70c8a000 	C:\WINDOWS\system32\bcryptPrimitives.dll
0x00007fff724e0000 - 0x00007fff7251b000 	C:\WINDOWS\system32\IMM32.DLL
0x0000000077950000 - 0x0000000077a22000 	C:\Program Files\Java\jdk1.8.0_91\jre\bin\msvcr100.dll
0x00000000770b0000 - 0x0000000077943000 	C:\Program Files\Java\jdk1.8.0_91\jre\bin\server\jvm.dll
0x00007fff719a0000 - 0x00007fff719a8000 	C:\WINDOWS\system32\PSAPI.DLL
0x00007fff6f010000 - 0x00007fff6f019000 	C:\WINDOWS\SYSTEM32\WSOCK32.dll
0x00007fff6f060000 - 0x00007fff6f083000 	C:\WINDOWS\SYSTEM32\WINMM.dll
0x00007fff6d090000 - 0x00007fff6d09a000 	C:\WINDOWS\SYSTEM32\VERSION.dll
0x00007fff72610000 - 0x00007fff7267b000 	C:\WINDOWS\system32\WS2_32.dll
0x00007fff6ed00000 - 0x00007fff6ed2c000 	C:\WINDOWS\SYSTEM32\WINMMBASE.dll
0x00007fff716f0000 - 0x00007fff71733000 	C:\WINDOWS\system32\cfgmgr32.dll
0x00000000770a0000 - 0x00000000770af000 	C:\Program Files\Java\jdk1.8.0_91\jre\bin\verify.dll
0x0000000077070000 - 0x0000000077099000 	C:\Program Files\Java\jdk1.8.0_91\jre\bin\java.dll
0x0000000077050000 - 0x0000000077066000 	C:\Program Files\Java\jdk1.8.0_91\jre\bin\zip.dll
0x00007fff72d70000 - 0x00007fff742cc000 	C:\WINDOWS\system32\SHELL32.dll
0x00007fff71080000 - 0x00007fff716c4000 	C:\WINDOWS\system32\windows.storage.dll
0x00007fff72d10000 - 0x00007fff72d62000 	C:\WINDOWS\system32\shlwapi.dll
0x00007fff70970000 - 0x00007fff7097f000 	C:\WINDOWS\system32\kernel.appcore.dll
0x00007fff70fc0000 - 0x00007fff71075000 	C:\WINDOWS\system32\shcore.dll
0x00007fff70980000 - 0x00007fff709cb000 	C:\WINDOWS\system32\powrprof.dll
0x00007fff709d0000 - 0x00007fff709e4000 	C:\WINDOWS\system32\profapi.dll

VM Arguments:
jvm_args: -Djava.awt.headless=true -Xmx1024M -Dfile.encoding=windows-1252 -Duser.country=CA -Duser.language=en -Duser.variant 
java_command: com.android.dx.command.Main --dex --num-threads=4 --output C:\Users\Kevin's Playtime\AndroidStudioProjects\Moments\app\build\intermediates\pre-dexed\debug\com.android.support-support-v4-23.4.0_b392008f3648a19ba24ed20a6baeeabf54eafeb4.jar C:\Users\Kevin's Playtime\AndroidStudioProjects\Moments\app\build\intermediates\exploded-aar\com.android.support\support-v4\23.4.0\jars\classes.jar
java_class_path (initial): C:\Android\sdk\build-tools\23.0.2\lib\dx.jar
Launcher Type: SUN_STANDARD

Environment Variables:
JAVA_HOME=C:\Program Files\Java\jdk1.7.0_67
PATH=C:\ProgramData\Oracle\Java\javapath;C:\Program Files (x86)\Caminova\Document Express DjVu Plug-in\;c:\Program Files (x86)\Intel\iCLS Client\;c:\Program Files\Intel\iCLS Client\;C:\WINDOWS\system32;C:\WINDOWS;C:\WINDOWS\System32\Wbem;C:\WINDOWS\System32\WindowsPowerShell\v1.0\;C:\Program Files\Intel\Intel(R) Management Engine Components\DAL;C:\Program Files\Intel\Intel(R) Management Engine Components\IPT;C:\Program Files (x86)\Intel\Intel(R) Management Engine Components\DAL;C:\Program Files (x86)\Intel\Intel(R) Management Engine Components\IPT;C:\Program Files (x86)\Windows Live\Shared;C:\Program Files (x86)\Skype\Phone\;C:\Program Files\nodejs\;C:\WINDOWS\system32\config\systemprofile\.dnx\bin;C:\Program Files\Microsoft DNX\Dnvm\;C:\Program Files (x86)\Windows Kits\8.1\Windows Performance Toolkit\;C:\Program Files\Microsoft SQL Server\130\Tools\Binn\;C:\Program Files (x86)\QuickTime\QTSystem\;C:\Program Files\Git\cmd;C:\Users\Kevin's Playtime\AppData\Local\Programs\Python\Python35-32\Scripts\;C:\Users\Kevin's Playtime\AppData\Local\Programs\Python\Python35-32\;c:\users\kevin's playtime\appdata\local\enthought\canopy\user\scripts;C:\Users\Kevin's Playtime\AppData\Local\Enthought\Canopy\User;C:\Users\Kevin's Playtime\AppData\Local\Enthought\Canopy\User\Scripts;C:\Users\Kevin's Playtime\AppData\Roaming\npm
USERNAME=Kevin
OS=Windows_NT
PROCESSOR_IDENTIFIER=Intel64 Family 6 Model 58 Stepping 9, GenuineIntel



---------------  S Y S T E M  ---------------

OS: Windows 10.0 , 64 bit Build 10586 (10.0.10586.0)

CPU:total 8 (4 cores per cpu, 2 threads per core) family 6 model 58 stepping 9, cmov, cx8, fxsr, mmx, sse, sse2, sse3, ssse3, sse4.1, sse4.2, popcnt, avx, aes, clmul, erms, ht, tsc, tscinvbit, tscinv

Memory: 4k page, physical 8318812k(1170156k free), swap 12513116k(4184k free)

vm_info: Java HotSpot(TM) 64-Bit Server VM (25.91-b14) for windows-amd64 JRE (1.8.0_91-b14), built on Apr  1 2016 00:58:32 by "java_re" with MS VC++ 10.0 (VS2010)

time: Tue Jun 21 20:59:45 2016
elapsed time: 1 seconds (0d 0h 0m 1s)

